#
# A fatal error has been detected by the Java Runtime Environment:
#
#  EXCEPTION_ACCESS_VIOLATION (0xc0000005) at pc=0x00007ffc6a19a0e0, pid=10880, tid=13932
#
# JRE version: Java(TM) SE Runtime Environment (17.0.10+11) (build 17.0.10+11-LTS-240)
# Java VM: Java HotSpot(TM) 64-Bit Server VM (17.0.10+11-LTS-240, mixed mode, sharing, tiered, compressed oops, compressed class ptrs, g1 gc, windows-amd64)
# Problematic frame:
# C  0x00007ffc6a19a0e0
#
# No core dump will be written. Minidumps are not enabled by default on client versions of Windows
#
# If you would like to submit a bug report, please visit:
#   https://bugreport.java.com/bugreport/crash.jsp
#

---------------  S U M M A R Y ------------

Command Line: --module-path=C:\Users\risha\Downloads\openjfx-17.0.15_windows-x64_bin-sdk\javafx-sdk-17.0.15\lib --add-modules=javafx.controls,javafx.graphics,javafx.fxml -Djava.library.path=C:\Users\risha\Downloads\opencv\build\java\x64 -Dfile.encoding=UTF-8 -Dstdout.encoding=UTF-8 -Dstderr.encoding=UTF-8 --module-path=C:\Users\risha\Downloads\openjfx-17.0.15_windows-x64_bin-sdk\javafx-sdk-17.0.15\lib\javafx.base.jar;C:\Users\risha\Downloads\openjfx-17.0.15_windows-x64_bin-sdk\javafx-sdk-17.0.15\lib\javafx.controls.jar;C:\Users\risha\Downloads\openjfx-17.0.15_windows-x64_bin-sdk\javafx-sdk-17.0.15\lib\javafx.fxml.jar;C:\Users\risha\Downloads\openjfx-17.0.15_windows-x64_bin-sdk\javafx-sdk-17.0.15\lib\javafx.graphics.jar;C:\Users\risha\Downloads\openjfx-17.0.15_windows-x64_bin-sdk\javafx-sdk-17.0.15\lib\javafx.media.jar;C:\Users\risha\Downloads\openjfx-17.0.15_windows-x64_bin-sdk\javafx-sdk-17.0.15\lib\javafx.swing.jar;C:\Users\risha\Downloads\openjfx-17.0.15_windows-x64_bin-sdk\javafx-sdk-17.0.15\lib\javafx.web.jar;C:\Users\risha\Downloads\openjfx-17.0.15_windows-x64_bin-sdk\javafx-sdk-17.0.15\lib\javafx-swt.jar -XX:+ShowCodeDetailsInExceptionMessages com.attendance.FaceAttendanceApp

Host: Intel(R) Core(TM) i3-6006U CPU @ 2.00GHz, 4 cores, 3G,  Windows 10 , 64 bit Build 19041 (10.0.19041.5678)
Time: Thu Jun 19 09:28:10 2025 India Standard Time elapsed time: 1723.020543 seconds (0d 0h 28m 43s)

---------------  T H R E A D  ---------------

Current thread (0x000001fa5d549ce0):  VMThread "VM Thread" [stack: 0x0000003094a00000,0x0000003094b00000] [id=13932]

Stack: [0x0000003094a00000,0x0000003094b00000],  sp=0x0000003094aff100,  free space=1020k
Native frames: (J=compiled Java code, j=interpreted, Vv=VM code, C=native code)
C  0x00007ffc6a19a0e0


siginfo: EXCEPTION_ACCESS_VIOLATION (0xc0000005), reading address 0x0000000000000000


Registers:
RAX=0x000001fa41074060, RBX=0x00007ffc6a19a0c0, RCX=0x000001fa41d5d2a0, RDX=0x0000000000000000
RSP=0x0000003094aff100, RBP=0x0000003094aff660, RSI=0x0000000000000000, RDI=0x000001fa41d5d2a0
R8 =0x000000000000003d, R9 =0x000000000000003d, R10=0x000000000000003b, R11=0x0000003094aff140
R12=0x000001fa7f75b520, R13=0x0000000000000040, R14=0x000001fa7f75bc50, R15=0x0000003094aff300
RIP=0x00007ffc6a19a0e0, EFLAGS=0x0000000000010206


Register to memory mapping:

RIP=0x00007ffc6a19a0e0 points into unknown readable memory: 0x4818588b48068b48 | 48 8b 06 48 8b 58 18 48
RAX=0x000001fa41074060 points into unknown readable memory: 0x00007ffc6a356178 | 78 61 35 6a fc 7f 00 00
RBX=0x00007ffc6a19a0c0 points into unknown readable memory: 0x74894808245c8948 | 48 89 5c 24 08 48 89 74
RCX=0x000001fa41d5d2a0 points into unknown readable memory: 0x00007ffc6a366b18 | 18 6b 36 6a fc 7f 00 00
RDX=0x0 is NULL
RSP=0x0000003094aff100 points into unknown readable memory: 0x000001fa5d570000 | 00 00 57 5d fa 01 00 00
RBP=0x0000003094aff660 points into unknown readable memory: 0x000001fa5d545fe0 | e0 5f 54 5d fa 01 00 00
RSI=0x0 is NULL
RDI=0x000001fa41d5d2a0 points into unknown readable memory: 0x00007ffc6a366b18 | 18 6b 36 6a fc 7f 00 00
R8 =0x000000000000003d is an unknown value
R9 =0x000000000000003d is an unknown value
R10=0x000000000000003b is an unknown value
R11=0x0000003094aff140 points into unknown readable memory: 0x0000003094aff660 | 60 f6 af 94 30 00 00 00
R12=0x000001fa7f75b520 points into unknown readable memory: 0x03ff6cc15ece638b | 8b 63 ce 5e c1 6c ff 03
R13=0x0000000000000040 is an unknown value
R14=0x000001fa7f75bc50 points into unknown readable memory: 0x00008ff78b79838b | 8b 83 79 8b f7 8f 00 00
R15=0x0000003094aff300 points into unknown readable memory: 0x0000003094aff320 | 20 f3 af 94 30 00 00 00


Top of Stack: (sp=0x0000003094aff100)
0x0000003094aff100:   000001fa5d570000 000001fa5d570000
0x0000003094aff110:   0000000000000072 000001fa5d570000
0x0000003094aff120:   000001fa41d5d2a0 00007ffc6a121180
0x0000003094aff130:   00007ffc6a19a0c0 00000000ffffffff
0x0000003094aff140:   0000003094aff660 00007ffca97c2b4f
0x0000003094aff150:   fffffffffffffffe 000001fa00000000
0x0000003094aff160:   000021e8103b0a71 0000000000000094
0x0000003094aff170:   000001fa7aae0e00 00007ffc6616f42e
0x0000003094aff180:   000001fa412063e0 000001fa412063e0
0x0000003094aff190:   000001fa7f233d80 000000000000008d
0x0000003094aff1a0:   000001fa5d2b0000 000001fa41caff60
0x0000003094aff1b0:   0000000000000000 000001fa412063e0
0x0000003094aff1c0:   000001fa7f75cc20 0000003000000002
0x0000003094aff1d0:   00007ffc80242230 000001fa7f77ec30
0x0000003094aff1e0:   00008fc71fd6720b 00007ffce24147b1
0x0000003094aff1f0:   000001fa7aae0e00 00007ffc6616f37d 

Instructions: (pc=0x00007ffc6a19a0e0)
0x00007ffc6a199fe0:   44 24 30 8b 85 40 0c 00 00 89 44 24 28 48 8d 45
0x00007ffc6a199ff0:   f8 48 89 44 24 20 49 8b cd e8 42 56 fe ff 48 8b
0x00007ffc6a19a000:   cf e8 7a df fb ff 49 8b bd f0 00 00 00 48 83 bf
0x00007ffc6a19a010:   48 01 00 00 00 74 74 4d 85 ff 74 06 4d 8d 4f 10
0x00007ffc6a19a020:   eb 03 45 33 c9 c7 45 f0 04 00 00 00 48 c7 44 24
0x00007ffc6a19a030:   20 00 00 00 00 4c 8b 05 ec 47 3d 00 ba 00 04 00
0x00007ffc6a19a040:   00 48 8d 8d b0 07 00 00 e8 c3 0d f9 ff 8b 55 f0
0x00007ffc6a19a050:   48 8b 8f 48 01 00 00 e8 a4 c7 fc ff 85 c0 74 2b
0x00007ffc6a19a060:   48 8b 9f e8 00 00 00 48 8b cb ff 15 d8 54 1a 00
0x00007ffc6a19a070:   4c 8b 8f f0 00 00 00 41 b8 04 00 00 00 48 8d 55
0x00007ffc6a19a080:   f0 48 8d 8d b0 07 00 00 ff d3 90 48 8d 4d f8 e8
0x00007ffc6a19a090:   1c 9d ff ff 33 c0 48 8b 8d b0 0b 00 00 48 33 cc
0x00007ffc6a19a0a0:   e8 1b 6e 15 00 48 8b 9c 24 18 0d 00 00 48 81 c4
0x00007ffc6a19a0b0:   c0 0c 00 00 41 5f 41 5e 41 5d 41 5c 5f 5e 5d c3
0x00007ffc6a19a0c0:   48 89 5c 24 08 48 89 74 24 10 57 48 83 ec 20 48
0x00007ffc6a19a0d0:   8b 81 f8 00 00 00 48 8b f9 48 8b b0 f0 03 00 00
0x00007ffc6a19a0e0:   48 8b 06 48 8b 58 18 48 8b cb ff 15 58 54 1a 00
0x00007ffc6a19a0f0:   48 8b ce ff d3 48 8b cf e8 b3 bb fc ff 84 c0 75
0x00007ffc6a19a100:   f4 48 8b 8f d8 00 00 00 8b 9f d0 00 00 00 e8 8d
0x00007ffc6a19a110:   da 0b 00 4c 8b c0 8b d3 48 8b cf e8 10 bd fc ff
0x00007ffc6a19a120:   45 33 c0 8b d3 48 8b ce e8 f3 9d f9 ff 48 8b 5c
0x00007ffc6a19a130:   24 30 33 c0 48 8b 74 24 38 48 83 c4 20 5f c3 cc
0x00007ffc6a19a140:   48 89 5c 24 18 55 56 57 41 54 41 55 41 56 41 57
0x00007ffc6a19a150:   48 8d 6c 24 c0 48 81 ec 40 01 00 00 48 8b 05 9d
0x00007ffc6a19a160:   7d 3d 00 48 33 c4 48 89 45 30 48 8b f2 4c 8b e9
0x00007ffc6a19a170:   e8 bb d1 fb ff 49 8b 95 f0 00 00 00 48 8b c8 e8
0x00007ffc6a19a180:   fc d9 fb ff 33 d2 48 8d 4c 24 60 41 b8 d0 00 00
0x00007ffc6a19a190:   00 4c 8b f8 e8 47 6b 17 00 49 8b 8f 50 02 00 00
0x00007ffc6a19a1a0:   45 33 e4 48 89 4c 24 70 49 8b 8d f0 00 00 00 4c
0x00007ffc6a19a1b0:   89 7c 24 60 c7 44 24 68 01 00 00 00 48 c7 44 24
0x00007ffc6a19a1c0:   78 01 00 00 00 48 c7 45 80 01 00 00 00 48 c7 45
0x00007ffc6a19a1d0:   88 18 00 00 00 48 c7 45 90 01 00 00 00 48 c7 45 


Stack slot to memory mapping:
stack at sp + 0 slots: 0x000001fa5d570000 points into unknown readable memory: 0x0000000000000000 | 00 00 00 00 00 00 00 00
stack at sp + 1 slots: 0x000001fa5d570000 points into unknown readable memory: 0x0000000000000000 | 00 00 00 00 00 00 00 00
stack at sp + 2 slots: 0x0000000000000072 is an unknown value
stack at sp + 3 slots: 0x000001fa5d570000 points into unknown readable memory: 0x0000000000000000 | 00 00 00 00 00 00 00 00
stack at sp + 4 slots: 0x000001fa41d5d2a0 points into unknown readable memory: 0x00007ffc6a366b18 | 18 6b 36 6a fc 7f 00 00
stack at sp + 5 slots: 0x00007ffc6a121180 points into unknown readable memory: 0x48ffffffdcb805eb | eb 05 b8 dc ff ff ff 48
stack at sp + 6 slots: 0x00007ffc6a19a0c0 points into unknown readable memory: 0x74894808245c8948 | 48 89 5c 24 08 48 89 74
stack at sp + 7 slots: 0x00000000ffffffff is an unallocated location in the heap

VM_Operation (0x00000030967feb40): Exit, mode: safepoint, requested by thread 0x000001fa7a5e8bf0


---------------  P R O C E S S  ---------------

Threads class SMR info:
_java_thread_list=0x000001fa41dd1a10, length=19, elements={
0x000001fa5d54e850, 0x000001fa7a5d1d60, 0x000001fa7a5e5030, 0x000001fa7a5e60a0,
0x000001fa7a5e7110, 0x000001fa7a5e81d0, 0x000001fa7a5f5da0, 0x000001fa7a5f8f10,
0x000001fa7a5ea540, 0x000001fa7a5e9610, 0x000001fa7a5e86e0, 0x000001fa7a5e9100,
0x000001fa7a5eaf60, 0x000001fa7a5eaa50, 0x000001fa7a5eb470, 0x000001fa7a5e9b20,
0x000001fa7a5e8bf0, 0x000001fa7a5eb980, 0x000001fa411d5060
}

Java Threads: ( => current thread )
  0x000001fa5d54e850 JavaThread "Reference Handler" daemon [_thread_blocked, id=2708, stack(0x0000003094b00000,0x0000003094c00000)]
  0x000001fa7a5d1d60 JavaThread "Finalizer" daemon [_thread_blocked, id=12920, stack(0x0000003094c00000,0x0000003094d00000)]
  0x000001fa7a5e5030 JavaThread "Signal Dispatcher" daemon [_thread_blocked, id=9964, stack(0x0000003094d00000,0x0000003094e00000)]
  0x000001fa7a5e60a0 JavaThread "Attach Listener" daemon [_thread_blocked, id=7308, stack(0x0000003094e00000,0x0000003094f00000)]
  0x000001fa7a5e7110 JavaThread "Service Thread" daemon [_thread_blocked, id=7588, stack(0x0000003094f00000,0x0000003095000000)]
  0x000001fa7a5e81d0 JavaThread "Monitor Deflation Thread" daemon [_thread_blocked, id=16032, stack(0x0000003095000000,0x0000003095100000)]
  0x000001fa7a5f5da0 JavaThread "C2 CompilerThread0" daemon [_thread_blocked, id=15792, stack(0x0000003095100000,0x0000003095200000)]
  0x000001fa7a5f8f10 JavaThread "C1 CompilerThread0" daemon [_thread_blocked, id=5448, stack(0x0000003095200000,0x0000003095300000)]
  0x000001fa7a5ea540 JavaThread "Sweeper thread" daemon [_thread_blocked, id=17320, stack(0x0000003095300000,0x0000003095400000)]
  0x000001fa7a5e9610 JavaThread "Common-Cleaner" daemon [_thread_blocked, id=11184, stack(0x0000003095400000,0x0000003095500000)]
  0x000001fa7a5e86e0 JavaThread "Notification Thread" daemon [_thread_blocked, id=12732, stack(0x0000003095600000,0x0000003095700000)]
  0x000001fa7a5e9100 JavaThread "JavaCPP Deallocator" daemon [_thread_blocked, id=15548, stack(0x0000003095b00000,0x0000003095c00000)]
  0x000001fa7a5eaf60 JavaThread "DeallocatorServiceThread_0" daemon [_thread_blocked, id=12668, stack(0x0000003096100000,0x0000003096200000)]
  0x000001fa7a5eaa50 JavaThread "DeallocatorServiceThread_1" daemon [_thread_blocked, id=8656, stack(0x0000003096200000,0x0000003096300000)]
  0x000001fa7a5eb470 JavaThread "Java2D Disposer" daemon [_thread_blocked, id=13332, stack(0x0000003096400000,0x0000003096500000)]
  0x000001fa7a5e9b20 JavaThread "AWT-Shutdown" [_thread_blocked, id=11072, stack(0x0000003096500000,0x0000003096600000)]
  0x000001fa7a5e8bf0 JavaThread "AWT-EventQueue-0" [_thread_blocked, id=4256, stack(0x0000003096700000,0x0000003096800000)]
  0x000001fa7a5eb980 JavaThread "DestroyJavaVM" [_thread_blocked, id=8364, stack(0x0000003094400000,0x0000003094500000)]
  0x000001fa411d5060 JavaThread "TimerQueue" daemon [_thread_blocked, id=6888, stack(0x0000003096300000,0x0000003096400000)]

Other Threads:
=>0x000001fa5d549ce0 VMThread "VM Thread" [stack: 0x0000003094a00000,0x0000003094b00000] [id=13932]
  0x000001fa5d4d14c0 GCTaskThread "GC Thread#0" [stack: 0x0000003094500000,0x0000003094600000] [id=7324]
  0x000001fa7aba2d40 GCTaskThread "GC Thread#1" [stack: 0x0000003095800000,0x0000003095900000] [id=9060]
  0x000001fa7f407ef0 GCTaskThread "GC Thread#2" [stack: 0x0000003095900000,0x0000003095a00000] [id=3124]
  0x000001fa4109f5f0 GCTaskThread "GC Thread#3" [stack: 0x0000003095a00000,0x0000003095b00000] [id=16564]
  0x000001fa5d4daf30 ConcurrentGCThread "G1 Main Marker" terminated
  0x000001fa5d4dc860 ConcurrentGCThread "G1 Conc#0" [stack: 0x0000003094700000,0x0000003094800000] [id=11016]
  0x000001fa5d519010 ConcurrentGCThread "G1 Refine#0" terminated
  0x000001fa5d519950 ConcurrentGCThread "G1 Service" terminated

Threads with active compile tasks:

VM state: at safepoint (shutting down)

VM Mutex/Monitor currently owned by a thread:  ([mutex/lock_event])
[0x000001fa5d48fdc0] Threads_lock - owner thread: 0x000001fa5d549ce0
[0x000001fa5d48f700] Heap_lock - owner thread: 0x000001fa7a5e8bf0

Heap address: 0x00000000c2000000, size: 992 MB, Compressed Oops mode: 32-bit

CDS archive(s) mapped at: [0x000001fa00000000-0x000001fa00bd0000-0x000001fa00bd0000), size 12386304, SharedBaseAddress: 0x000001fa00000000, ArchiveRelocationMode: 1.
Compressed class space mapped at: 0x000001fa01000000-0x000001fa41000000, reserved size: 1073741824
Narrow klass base: 0x000001fa00000000, Narrow klass shift: 0, Narrow klass range: 0x100000000

GC Precious Log:
 CPUs: 4 total, 4 available
 Memory: 3961M
 Large Page Support: Disabled
 NUMA Support: Disabled
 Compressed Oops: Enabled (32-bit)
 Heap Region Size: 1M
 Heap Min Capacity: 8M
 Heap Initial Capacity: 62M
 Heap Max Capacity: 992M
 Pre-touch: Disabled
 Parallel Workers: 4
 Concurrent Workers: 1
 Concurrent Refinement Workers: 4
 Periodic GC: Disabled

Heap:
 garbage-first heap   total 78848K, used 25908K [0x00000000c2000000, 0x0000000100000000)
  region size 1024K, 3 young (3072K), 1 survivors (1024K)
 Metaspace       used 27556K, committed 27776K, reserved 1114112K
  class space    used 2758K, committed 2880K, reserved 1048576K

Heap Regions: E=young(eden), S=young(survivor), O=old, HS=humongous(starts), HC=humongous(continues), CS=collection set, F=free, OA=open archive, CA=closed archive, TAMS=top-at-mark-start (previous, next)
|   0|0x00000000c2000000, 0x00000000c2100000, 0x00000000c2100000|100%|HS|  |TAMS 0x00000000c2100000, 0x00000000c2100000| Complete 
|   1|0x00000000c2100000, 0x00000000c2200000, 0x00000000c2200000|100%|HC|  |TAMS 0x00000000c2200000, 0x00000000c2200000| Complete 
|   2|0x00000000c2200000, 0x00000000c2300000, 0x00000000c2300000|100%| O|  |TAMS 0x00000000c2300000, 0x00000000c2300000| Untracked 
|   3|0x00000000c2300000, 0x00000000c2400000, 0x00000000c2400000|100%| O|  |TAMS 0x00000000c2400000, 0x00000000c2400000| Untracked 
|   4|0x00000000c2400000, 0x00000000c2500000, 0x00000000c2500000|100%| O|  |TAMS 0x00000000c2500000, 0x00000000c2500000| Untracked 
|   5|0x00000000c2500000, 0x00000000c2600000, 0x00000000c2600000|100%| O|  |TAMS 0x00000000c2600000, 0x00000000c2600000| Untracked 
|   6|0x00000000c2600000, 0x00000000c2700000, 0x00000000c2700000|100%|HS|  |TAMS 0x00000000c2600000, 0x00000000c2700000| Complete 
|   7|0x00000000c2700000, 0x00000000c2800000, 0x00000000c2800000|100%|HC|  |TAMS 0x00000000c2700000, 0x00000000c2800000| Complete 
|   8|0x00000000c2800000, 0x00000000c2900000, 0x00000000c2900000|100%|HS|  |TAMS 0x00000000c2800000, 0x00000000c2900000| Complete 
|   9|0x00000000c2900000, 0x00000000c2a00000, 0x00000000c2a00000|100%|HS|  |TAMS 0x00000000c2900000, 0x00000000c2900000| Complete 
|  10|0x00000000c2a00000, 0x00000000c2a00000, 0x00000000c2b00000|  0%| F|  |TAMS 0x00000000c2a00000, 0x00000000c2a00000| Untracked 
|  11|0x00000000c2b00000, 0x00000000c2c00000, 0x00000000c2c00000|100%| O|  |TAMS 0x00000000c2c00000, 0x00000000c2c00000| Untracked 
|  12|0x00000000c2c00000, 0x00000000c2c00000, 0x00000000c2d00000|  0%| F|  |TAMS 0x00000000c2c00000, 0x00000000c2c00000| Untracked 
|  13|0x00000000c2d00000, 0x00000000c2d00000, 0x00000000c2e00000|  0%| F|  |TAMS 0x00000000c2d00000, 0x00000000c2d00000| Untracked 
|  14|0x00000000c2e00000, 0x00000000c2e00000, 0x00000000c2f00000|  0%| F|  |TAMS 0x00000000c2e00000, 0x00000000c2e00000| Untracked 
|  15|0x00000000c2f00000, 0x00000000c2f00000, 0x00000000c3000000|  0%| F|  |TAMS 0x00000000c2f00000, 0x00000000c2f00000| Untracked 
|  16|0x00000000c3000000, 0x00000000c3000000, 0x00000000c3100000|  0%| F|  |TAMS 0x00000000c3000000, 0x00000000c3000000| Untracked 
|  17|0x00000000c3100000, 0x00000000c3100000, 0x00000000c3200000|  0%| F|  |TAMS 0x00000000c3100000, 0x00000000c3100000| Untracked 
|  18|0x00000000c3200000, 0x00000000c3200000, 0x00000000c3300000|  0%| F|  |TAMS 0x00000000c3200000, 0x00000000c3200000| Untracked 
|  19|0x00000000c3300000, 0x00000000c3400000, 0x00000000c3400000|100%|HS|  |TAMS 0x00000000c3300000, 0x00000000c3400000| Complete 
|  20|0x00000000c3400000, 0x00000000c3500000, 0x00000000c3500000|100%|HS|  |TAMS 0x00000000c3400000, 0x00000000c3500000| Complete 
|  21|0x00000000c3500000, 0x00000000c3600000, 0x00000000c3600000|100%|HS|  |TAMS 0x00000000c3500000, 0x00000000c3600000| Complete 
|  22|0x00000000c3600000, 0x00000000c3700000, 0x00000000c3700000|100%|HS|  |TAMS 0x00000000c3600000, 0x00000000c3700000| Complete 
|  23|0x00000000c3700000, 0x00000000c3800000, 0x00000000c3800000|100%|HS|  |TAMS 0x00000000c3700000, 0x00000000c3800000| Complete 
|  24|0x00000000c3800000, 0x00000000c3800000, 0x00000000c3900000|  0%| F|  |TAMS 0x00000000c3800000, 0x00000000c3800000| Untracked 
|  25|0x00000000c3900000, 0x00000000c3900000, 0x00000000c3a00000|  0%| F|  |TAMS 0x00000000c3900000, 0x00000000c3900000| Untracked 
|  26|0x00000000c3a00000, 0x00000000c3a00000, 0x00000000c3b00000|  0%| F|  |TAMS 0x00000000c3a00000, 0x00000000c3a00000| Untracked 
|  27|0x00000000c3b00000, 0x00000000c3c00000, 0x00000000c3c00000|100%| O|  |TAMS 0x00000000c3c00000, 0x00000000c3c00000| Untracked 
|  28|0x00000000c3c00000, 0x00000000c3d00000, 0x00000000c3d00000|100%| O|  |TAMS 0x00000000c3d00000, 0x00000000c3d00000| Untracked 
|  29|0x00000000c3d00000, 0x00000000c3d00000, 0x00000000c3e00000|  0%| F|  |TAMS 0x00000000c3d00000, 0x00000000c3d00000| Untracked 
|  30|0x00000000c3e00000, 0x00000000c3e00000, 0x00000000c3f00000|  0%| F|  |TAMS 0x00000000c3e00000, 0x00000000c3e00000| Untracked 
|  31|0x00000000c3f00000, 0x00000000c3f00000, 0x00000000c4000000|  0%| F|  |TAMS 0x00000000c3f00000, 0x00000000c3f00000| Untracked 
|  32|0x00000000c4000000, 0x00000000c4000000, 0x00000000c4100000|  0%| F|  |TAMS 0x00000000c4000000, 0x00000000c4000000| Untracked 
|  33|0x00000000c4100000, 0x00000000c4100000, 0x00000000c4200000|  0%| F|  |TAMS 0x00000000c4100000, 0x00000000c4100000| Untracked 
|  34|0x00000000c4200000, 0x00000000c4200000, 0x00000000c4300000|  0%| F|  |TAMS 0x00000000c4200000, 0x00000000c4200000| Untracked 
|  35|0x00000000c4300000, 0x00000000c4300000, 0x00000000c4400000|  0%| F|  |TAMS 0x00000000c4300000, 0x00000000c4300000| Untracked 
|  36|0x00000000c4400000, 0x00000000c4400000, 0x00000000c4500000|  0%| F|  |TAMS 0x00000000c4400000, 0x00000000c4400000| Untracked 
|  37|0x00000000c4500000, 0x00000000c4500000, 0x00000000c4600000|  0%| F|  |TAMS 0x00000000c4500000, 0x00000000c4500000| Untracked 
|  38|0x00000000c4600000, 0x00000000c4600000, 0x00000000c4700000|  0%| F|  |TAMS 0x00000000c4600000, 0x00000000c4600000| Untracked 
|  39|0x00000000c4700000, 0x00000000c4700000, 0x00000000c4800000|  0%| F|  |TAMS 0x00000000c4700000, 0x00000000c4700000| Untracked 
|  40|0x00000000c4800000, 0x00000000c4800000, 0x00000000c4900000|  0%| F|  |TAMS 0x00000000c4800000, 0x00000000c4800000| Untracked 
|  41|0x00000000c4900000, 0x00000000c4900000, 0x00000000c4a00000|  0%| F|  |TAMS 0x00000000c4900000, 0x00000000c4900000| Untracked 
|  42|0x00000000c4a00000, 0x00000000c4a00000, 0x00000000c4b00000|  0%| F|  |TAMS 0x00000000c4a00000, 0x00000000c4a00000| Untracked 
|  43|0x00000000c4b00000, 0x00000000c4c00000, 0x00000000c4c00000|100%| O|  |TAMS 0x00000000c4b00000, 0x00000000c4c00000| Untracked 
|  44|0x00000000c4c00000, 0x00000000c4d00000, 0x00000000c4d00000|100%| O|  |TAMS 0x00000000c4c00000, 0x00000000c4d00000| Untracked 
|  45|0x00000000c4d00000, 0x00000000c4e00000, 0x00000000c4e00000|100%| O|  |TAMS 0x00000000c4d00000, 0x00000000c4e00000| Untracked 
|  46|0x00000000c4e00000, 0x00000000c4e00000, 0x00000000c4f00000|  0%| F|  |TAMS 0x00000000c4e00000, 0x00000000c4e00000| Untracked 
|  47|0x00000000c4f00000, 0x00000000c4f00000, 0x00000000c5000000|  0%| F|  |TAMS 0x00000000c4f00000, 0x00000000c4f00000| Untracked 
|  48|0x00000000c5000000, 0x00000000c5000000, 0x00000000c5100000|  0%| F|  |TAMS 0x00000000c5000000, 0x00000000c5000000| Untracked 
|  49|0x00000000c5100000, 0x00000000c5100000, 0x00000000c5200000|  0%| F|  |TAMS 0x00000000c5100000, 0x00000000c5100000| Untracked 
|  50|0x00000000c5200000, 0x00000000c5200000, 0x00000000c5300000|  0%| F|  |TAMS 0x00000000c5200000, 0x00000000c5200000| Untracked 
|  51|0x00000000c5300000, 0x00000000c5400000, 0x00000000c5400000|100%|HS|  |TAMS 0x00000000c5300000, 0x00000000c5400000| Complete 
|  52|0x00000000c5400000, 0x00000000c5500000, 0x00000000c5500000|100%| O|  |TAMS 0x00000000c5400000, 0x00000000c5500000| Untracked 
|  53|0x00000000c5500000, 0x00000000c5500000, 0x00000000c5600000|  0%| F|  |TAMS 0x00000000c5500000, 0x00000000c5500000| Untracked 
|  54|0x00000000c5600000, 0x00000000c5600000, 0x00000000c5700000|  0%| F|  |TAMS 0x00000000c5600000, 0x00000000c5600000| Untracked 
|  55|0x00000000c5700000, 0x00000000c5700000, 0x00000000c5800000|  0%| F|  |TAMS 0x00000000c5700000, 0x00000000c5700000| Untracked 
|  56|0x00000000c5800000, 0x00000000c5800000, 0x00000000c5900000|  0%| F|  |TAMS 0x00000000c5800000, 0x00000000c5800000| Untracked 
|  57|0x00000000c5900000, 0x00000000c5a00000, 0x00000000c5a00000|100%| O|  |TAMS 0x00000000c5900000, 0x00000000c5a00000| Untracked 
|  58|0x00000000c5a00000, 0x00000000c5a40000, 0x00000000c5b00000| 25%| O|  |TAMS 0x00000000c5a00000, 0x00000000c5a40000| Untracked 
|  59|0x00000000c5b00000, 0x00000000c5b00000, 0x00000000c5c00000|  0%| F|  |TAMS 0x00000000c5b00000, 0x00000000c5b00000| Untracked 
|  60|0x00000000c5c00000, 0x00000000c5c00000, 0x00000000c5d00000|  0%| F|  |TAMS 0x00000000c5c00000, 0x00000000c5c00000| Untracked 
|  61|0x00000000c5d00000, 0x00000000c5d00000, 0x00000000c5e00000|  0%| F|  |TAMS 0x00000000c5d00000, 0x00000000c5d00000| Untracked 
|  62|0x00000000c5e00000, 0x00000000c5e00000, 0x00000000c5f00000|  0%| F|  |TAMS 0x00000000c5e00000, 0x00000000c5e00000| Untracked 
|  63|0x00000000c5f00000, 0x00000000c5f00000, 0x00000000c6000000|  0%| F|  |TAMS 0x00000000c5f00000, 0x00000000c5f00000| Untracked 
|  64|0x00000000c6000000, 0x00000000c6000000, 0x00000000c6100000|  0%| F|  |TAMS 0x00000000c6000000, 0x00000000c6000000| Untracked 
|  65|0x00000000c6100000, 0x00000000c6100000, 0x00000000c6200000|  0%| F|  |TAMS 0x00000000c6100000, 0x00000000c6100000| Untracked 
|  66|0x00000000c6200000, 0x00000000c6200000, 0x00000000c6300000|  0%| F|  |TAMS 0x00000000c6200000, 0x00000000c6200000| Untracked 
|  67|0x00000000c6300000, 0x00000000c6300000, 0x00000000c6400000|  0%| F|  |TAMS 0x00000000c6300000, 0x00000000c6300000| Untracked 
|  68|0x00000000c6400000, 0x00000000c6400000, 0x00000000c6500000|  0%| F|  |TAMS 0x00000000c6400000, 0x00000000c6400000| Untracked 
|  69|0x00000000c6500000, 0x00000000c6500000, 0x00000000c6600000|  0%| F|  |TAMS 0x00000000c6500000, 0x00000000c6500000| Untracked 
|  70|0x00000000c6600000, 0x00000000c6600000, 0x00000000c6700000|  0%| F|  |TAMS 0x00000000c6600000, 0x00000000c6600000| Untracked 
|  71|0x00000000c6700000, 0x00000000c6700000, 0x00000000c6800000|  0%| F|  |TAMS 0x00000000c6700000, 0x00000000c6700000| Untracked 
|  72|0x00000000c6800000, 0x00000000c6800000, 0x00000000c6900000|  0%| F|  |TAMS 0x00000000c6800000, 0x00000000c6800000| Untracked 
|  73|0x00000000c6900000, 0x00000000c6900000, 0x00000000c6a00000|  0%| F|  |TAMS 0x00000000c6900000, 0x00000000c6900000| Untracked 
|  74|0x00000000c6a00000, 0x00000000c6a0d200, 0x00000000c6b00000|  5%| S|CS|TAMS 0x00000000c6a00000, 0x00000000c6a00000| Complete 
|  75|0x00000000c6b00000, 0x00000000c6b00800, 0x00000000c6c00000|  0%| E|  |TAMS 0x00000000c6b00000, 0x00000000c6b00000| Complete 
|  76|0x00000000c6c00000, 0x00000000c6d00000, 0x00000000c6d00000|100%| E|CS|TAMS 0x00000000c6c00000, 0x00000000c6c00000| Complete 

Card table byte_map: [0x000001fa75d20000,0x000001fa75f10000] _byte_map_base: 0x000001fa75710000

Marking Bits (Prev, Next): (CMBitMap*) 0x000001fa5d4d2a00, (CMBitMap*) 0x000001fa5d4d2a40
 Prev Bits: [0x000001fa76100000, 0x000001fa77080000)
 Next Bits: [0x000001fa77080000, 0x000001fa78000000)

Polling page: 0x000001fa5d300000

Metaspace:

Usage:
  Non-class:     24.22 MB used.
      Class:      2.69 MB used.
       Both:     26.91 MB used.

Virtual space:
  Non-class space:       64.00 MB reserved,      24.31 MB ( 38%) committed,  1 nodes.
      Class space:        1.00 GB reserved,       2.81 MB ( <1%) committed,  1 nodes.
             Both:        1.06 GB reserved,      27.12 MB (  2%) committed. 

Chunk freelists:
   Non-Class:  6.89 MB
       Class:  13.14 MB
        Both:  20.03 MB

MaxMetaspaceSize: unlimited
CompressedClassSpaceSize: 1.00 GB
Initial GC threshold: 21.00 MB
Current GC threshold: 35.31 MB
CDS: on
MetaspaceReclaimPolicy: balanced
 - commit_granule_bytes: 65536.
 - commit_granule_words: 8192.
 - virtual_space_node_default_size: 8388608.
 - enlarge_chunks_in_place: 1.
 - new_chunks_are_fully_committed: 0.
 - uncommit_free_chunks: 1.
 - use_allocation_guard: 0.
 - handle_deallocations: 1.


Internal statistics:

num_allocs_failed_limit: 3.
num_arena_births: 150.
num_arena_deaths: 0.
num_vsnodes_births: 2.
num_vsnodes_deaths: 0.
num_space_committed: 432.
num_space_uncommitted: 0.
num_chunks_returned_to_freelist: 3.
num_chunks_taken_from_freelist: 737.
num_chunk_merges: 0.
num_chunk_splits: 612.
num_chunks_enlarged: 538.
num_inconsistent_stats: 0.

CodeHeap 'non-profiled nmethods': size=120000Kb used=1975Kb max_used=1975Kb free=118024Kb
 bounds [0x000001fa6dfd0000, 0x000001fa6e240000, 0x000001fa75500000]
CodeHeap 'profiled nmethods': size=120000Kb used=8762Kb max_used=8762Kb free=111237Kb
 bounds [0x000001fa66500000, 0x000001fa66d90000, 0x000001fa6da30000]
CodeHeap 'non-nmethods': size=5760Kb used=2025Kb max_used=2086Kb free=3734Kb
 bounds [0x000001fa6da30000, 0x000001fa6dca0000, 0x000001fa6dfd0000]
 total_blobs=5256 nmethods=3730 adapters=1437
 compilation: enabled
              stopped_count=0, restarted_count=0
 full_count=0

Compilation events (20 events):
Event: 163.983 Thread 0x000001fa7a5f8f10 3726       3       java.awt.EventQueue::coalesceMouseEvent (44 bytes)
Event: 163.983 Thread 0x000001fa7a5f8f10 nmethod 3726 0x000001fa66d8a110 code [0x000001fa66d8a2e0, 0x000001fa66d8a768]
Event: 163.990 Thread 0x000001fa7a5f8f10 3727       3       sun.awt.windows.WComponentPeer::postEvent (17 bytes)
Event: 163.991 Thread 0x000001fa7a5f8f10 nmethod 3727 0x000001fa66d8a910 code [0x000001fa66d8ab00, 0x000001fa66d8b158]
Event: 163.991 Thread 0x000001fa7a5f8f10 3728       3       sun.awt.windows.WWindowPeer::preprocessPostEvent (72 bytes)
Event: 163.991 Thread 0x000001fa7a5f8f10 nmethod 3728 0x000001fa66d8b390 code [0x000001fa66d8b580, 0x000001fa66d8bcd8]
Event: 164.236 Thread 0x000001fa7a5f5da0 3729   !   4       sun.awt.PostEventQueue::flush (168 bytes)
Event: 164.237 Thread 0x000001fa7a5f8f10 3730       3       java.awt.Container::getMouseEventTarget (12 bytes)
Event: 164.238 Thread 0x000001fa7a5f8f10 nmethod 3730 0x000001fa66d8be10 code [0x000001fa66d8bfc0, 0x000001fa66d8c108]
Event: 164.238 Thread 0x000001fa7a5f8f10 3731       3       java.awt.LightweightDispatcher::trackMouseEnterExit (111 bytes)
Event: 164.243 Thread 0x000001fa7a5f8f10 nmethod 3731 0x000001fa66d8c190 code [0x000001fa66d8c4a0, 0x000001fa66d8da18]
Event: 164.496 Thread 0x000001fa7a5f8f10 3733       3       java.awt.Container::eventEnabled (49 bytes)
Event: 164.497 Thread 0x000001fa7a5f8f10 nmethod 3733 0x000001fa66d8e110 code [0x000001fa66d8e2e0, 0x000001fa66d8e708]
Event: 164.519 Thread 0x000001fa7a5f8f10 3734       3       java.awt.event.InputEvent::consume (6 bytes)
Event: 164.520 Thread 0x000001fa7a5f8f10 nmethod 3734 0x000001fa66d8e810 code [0x000001fa66d8e9a0, 0x000001fa66d8eab8]
Event: 164.569 Thread 0x000001fa7a5f8f10 3735       1       java.awt.event.MouseEvent::getButton (5 bytes)
Event: 164.569 Thread 0x000001fa7a5f8f10 nmethod 3735 0x000001fa6e1b3110 code [0x000001fa6e1b32a0, 0x000001fa6e1b3378]
Event: 164.629 Thread 0x000001fa7a5f5da0 nmethod 3729 0x000001fa6e1b3410 code [0x000001fa6e1b38c0, 0x000001fa6e1b9950]
Event: 164.630 Thread 0x000001fa7a5f5da0 3732       4       java.awt.Container::findComponentAtImpl (161 bytes)
Event: 164.650 Thread 0x000001fa7a5f5da0 nmethod 3732 0x000001fa6e1bc010 code [0x000001fa6e1bc200, 0x000001fa6e1bcbc8]

GC Heap History (20 events):
Event: 145.484 GC heap before
{Heap before GC invocations=84 (full 0):
 garbage-first heap   total 78848K, used 35112K [0x00000000c2000000, 0x0000000100000000)
  region size 1024K, 3 young (3072K), 1 survivors (1024K)
 Metaspace       used 27487K, committed 27712K, reserved 1114112K
  class space    used 2758K, committed 2880K, reserved 1048576K
}
Event: 145.485 GC heap after
{Heap after GC invocations=85 (full 0):
 garbage-first heap   total 78848K, used 30042K [0x00000000c2000000, 0x0000000100000000)
  region size 1024K, 1 young (1024K), 1 survivors (1024K)
 Metaspace       used 27487K, committed 27712K, reserved 1114112K
  class space    used 2758K, committed 2880K, reserved 1048576K
}
Event: 145.938 GC heap before
{Heap before GC invocations=85 (full 0):
 garbage-first heap   total 78848K, used 34138K [0x00000000c2000000, 0x0000000100000000)
  region size 1024K, 2 young (2048K), 1 survivors (1024K)
 Metaspace       used 27487K, committed 27712K, reserved 1114112K
  class space    used 2758K, committed 2880K, reserved 1048576K
}
Event: 145.939 GC heap after
{Heap after GC invocations=86 (full 0):
 garbage-first heap   total 78848K, used 23848K [0x00000000c2000000, 0x0000000100000000)
  region size 1024K, 1 young (1024K), 1 survivors (1024K)
 Metaspace       used 27487K, committed 27712K, reserved 1114112K
  class space    used 2758K, committed 2880K, reserved 1048576K
}
Event: 147.328 GC heap before
{Heap before GC invocations=86 (full 0):
 garbage-first heap   total 78848K, used 35112K [0x00000000c2000000, 0x0000000100000000)
  region size 1024K, 3 young (3072K), 1 survivors (1024K)
 Metaspace       used 27487K, committed 27712K, reserved 1114112K
  class space    used 2758K, committed 2880K, reserved 1048576K
}
Event: 147.329 GC heap after
{Heap after GC invocations=87 (full 0):
 garbage-first heap   total 78848K, used 30072K [0x00000000c2000000, 0x0000000100000000)
  region size 1024K, 1 young (1024K), 1 survivors (1024K)
 Metaspace       used 27487K, committed 27712K, reserved 1114112K
  class space    used 2758K, committed 2880K, reserved 1048576K
}
Event: 147.919 GC heap before
{Heap before GC invocations=87 (full 0):
 garbage-first heap   total 78848K, used 35192K [0x00000000c2000000, 0x0000000100000000)
  region size 1024K, 3 young (3072K), 1 survivors (1024K)
 Metaspace       used 27487K, committed 27712K, reserved 1114112K
  class space    used 2758K, committed 2880K, reserved 1048576K
}
Event: 147.920 GC heap after
{Heap after GC invocations=88 (full 0):
 garbage-first heap   total 78848K, used 23859K [0x00000000c2000000, 0x0000000100000000)
  region size 1024K, 1 young (1024K), 1 survivors (1024K)
 Metaspace       used 27487K, committed 27712K, reserved 1114112K
  class space    used 2758K, committed 2880K, reserved 1048576K
}
Event: 149.472 GC heap before
{Heap before GC invocations=88 (full 0):
 garbage-first heap   total 78848K, used 36147K [0x00000000c2000000, 0x0000000100000000)
  region size 1024K, 4 young (4096K), 1 survivors (1024K)
 Metaspace       used 27491K, committed 27712K, reserved 1114112K
  class space    used 2758K, committed 2880K, reserved 1048576K
}
Event: 149.474 GC heap after
{Heap after GC invocations=89 (full 0):
 garbage-first heap   total 78848K, used 30134K [0x00000000c2000000, 0x0000000100000000)
  region size 1024K, 1 young (1024K), 1 survivors (1024K)
 Metaspace       used 27491K, committed 27712K, reserved 1114112K
  class space    used 2758K, committed 2880K, reserved 1048576K
}
Event: 150.123 GC heap before
{Heap before GC invocations=89 (full 0):
 garbage-first heap   total 78848K, used 35254K [0x00000000c2000000, 0x0000000100000000)
  region size 1024K, 3 young (3072K), 1 survivors (1024K)
 Metaspace       used 27491K, committed 27712K, reserved 1114112K
  class space    used 2758K, committed 2880K, reserved 1048576K
}
Event: 150.124 GC heap after
{Heap after GC invocations=90 (full 0):
 garbage-first heap   total 78848K, used 23902K [0x00000000c2000000, 0x0000000100000000)
  region size 1024K, 1 young (1024K), 1 survivors (1024K)
 Metaspace       used 27491K, committed 27712K, reserved 1114112K
  class space    used 2758K, committed 2880K, reserved 1048576K
}
Event: 151.548 GC heap before
{Heap before GC invocations=90 (full 0):
 garbage-first heap   total 78848K, used 36190K [0x00000000c2000000, 0x0000000100000000)
  region size 1024K, 4 young (4096K), 1 survivors (1024K)
 Metaspace       used 27491K, committed 27712K, reserved 1114112K
  class space    used 2758K, committed 2880K, reserved 1048576K
}
Event: 151.550 GC heap after
{Heap after GC invocations=91 (full 0):
 garbage-first heap   total 78848K, used 30115K [0x00000000c2000000, 0x0000000100000000)
  region size 1024K, 1 young (1024K), 1 survivors (1024K)
 Metaspace       used 27491K, committed 27712K, reserved 1114112K
  class space    used 2758K, committed 2880K, reserved 1048576K
}
Event: 152.068 GC heap before
{Heap before GC invocations=91 (full 0):
 garbage-first heap   total 78848K, used 34211K [0x00000000c2000000, 0x0000000100000000)
  region size 1024K, 2 young (2048K), 1 survivors (1024K)
 Metaspace       used 27491K, committed 27712K, reserved 1114112K
  class space    used 2758K, committed 2880K, reserved 1048576K
}
Event: 152.069 GC heap after
{Heap after GC invocations=92 (full 0):
 garbage-first heap   total 78848K, used 23870K [0x00000000c2000000, 0x0000000100000000)
  region size 1024K, 1 young (1024K), 1 survivors (1024K)
 Metaspace       used 27491K, committed 27712K, reserved 1114112K
  class space    used 2758K, committed 2880K, reserved 1048576K
}
Event: 153.416 GC heap before
{Heap before GC invocations=92 (full 0):
 garbage-first heap   total 78848K, used 35134K [0x00000000c2000000, 0x0000000100000000)
  region size 1024K, 3 young (3072K), 1 survivors (1024K)
 Metaspace       used 27524K, committed 27776K, reserved 1114112K
  class space    used 2758K, committed 2880K, reserved 1048576K
}
Event: 153.417 GC heap after
{Heap after GC invocations=93 (full 0):
 garbage-first heap   total 78848K, used 30056K [0x00000000c2000000, 0x0000000100000000)
  region size 1024K, 1 young (1024K), 1 survivors (1024K)
 Metaspace       used 27524K, committed 27776K, reserved 1114112K
  class space    used 2758K, committed 2880K, reserved 1048576K
}
Event: 153.986 GC heap before
{Heap before GC invocations=93 (full 0):
 garbage-first heap   total 78848K, used 35176K [0x00000000c2000000, 0x0000000100000000)
  region size 1024K, 3 young (3072K), 1 survivors (1024K)
 Metaspace       used 27524K, committed 27776K, reserved 1114112K
  class space    used 2758K, committed 2880K, reserved 1048576K
}
Event: 153.987 GC heap after
{Heap after GC invocations=94 (full 0):
 garbage-first heap   total 78848K, used 23860K [0x00000000c2000000, 0x0000000100000000)
  region size 1024K, 1 young (1024K), 1 survivors (1024K)
 Metaspace       used 27524K, committed 27776K, reserved 1114112K
  class space    used 2758K, committed 2880K, reserved 1048576K
}

Deoptimization events (20 events):
Event: 109.719 Thread 0x000001fa411d9740 DEOPT PACKING pc=0x000001fa6e189668 sp=0x00000030941feb20
Event: 109.719 Thread 0x000001fa411d9740 DEOPT UNPACKING pc=0x000001fa6da823a3 sp=0x00000030941feac0 mode 2
Event: 131.278 Thread 0x000001fa7a5e8bf0 DEOPT PACKING pc=0x000001fa66aed49d sp=0x00000030967fef00
Event: 131.278 Thread 0x000001fa7a5e8bf0 DEOPT UNPACKING pc=0x000001fa6da82b43 sp=0x00000030967fe390 mode 0
Event: 163.960 Thread 0x000001fa7a5e8bf0 Uncommon trap: trap_request=0xffffff45 fr.pc=0x000001fa6e173544 relative=0x00000000000000c4
Event: 163.960 Thread 0x000001fa7a5e8bf0 Uncommon trap: reason=unstable_if action=reinterpret pc=0x000001fa6e173544 method=java.awt.Component.inside(II)Z @ 9 c2
Event: 163.960 Thread 0x000001fa7a5e8bf0 DEOPT PACKING pc=0x000001fa6e173544 sp=0x00000030967fec50
Event: 163.960 Thread 0x000001fa7a5e8bf0 DEOPT UNPACKING pc=0x000001fa6da823a3 sp=0x00000030967feae8 mode 2
Event: 165.325 Thread 0x000001fa7a5e8bf0 Uncommon trap: trap_request=0xffffff66 fr.pc=0x000001fa6e1b849c relative=0x0000000000004bdc
Event: 165.326 Thread 0x000001fa7a5e8bf0 Uncommon trap: reason=speculate_class_check action=maybe_recompile pc=0x000001fa6e1b849c method=java.awt.EventQueue.coalesceEvent(Ljava/awt/AWTEvent;I)Z @ 53 c2
Event: 165.326 Thread 0x000001fa7a5e8bf0 DEOPT PACKING pc=0x000001fa6e1b849c sp=0x00000030967ff360
Event: 165.326 Thread 0x000001fa7a5e8bf0 DEOPT UNPACKING pc=0x000001fa6da823a3 sp=0x00000030967ff1a8 mode 2
Event: 165.327 Thread 0x000001fa7a5e8bf0 Uncommon trap: trap_request=0xffffff66 fr.pc=0x000001fa6e1b849c relative=0x0000000000004bdc
Event: 165.327 Thread 0x000001fa7a5e8bf0 Uncommon trap: reason=speculate_class_check action=maybe_recompile pc=0x000001fa6e1b849c method=java.awt.EventQueue.coalesceEvent(Ljava/awt/AWTEvent;I)Z @ 53 c2
Event: 165.327 Thread 0x000001fa7a5e8bf0 DEOPT PACKING pc=0x000001fa6e1b849c sp=0x00000030967ff360
Event: 165.327 Thread 0x000001fa7a5e8bf0 DEOPT UNPACKING pc=0x000001fa6da823a3 sp=0x00000030967ff1a8 mode 2
Event: 1722.240 Thread 0x000001fa7a5e8bf0 Uncommon trap: trap_request=0xffffff66 fr.pc=0x000001fa6e1b849c relative=0x0000000000004bdc
Event: 1722.240 Thread 0x000001fa7a5e8bf0 Uncommon trap: reason=speculate_class_check action=maybe_recompile pc=0x000001fa6e1b849c method=java.awt.EventQueue.coalesceEvent(Ljava/awt/AWTEvent;I)Z @ 53 c2
Event: 1722.240 Thread 0x000001fa7a5e8bf0 DEOPT PACKING pc=0x000001fa6e1b849c sp=0x00000030967ff360
Event: 1722.241 Thread 0x000001fa7a5e8bf0 DEOPT UNPACKING pc=0x000001fa6da823a3 sp=0x00000030967ff1a8 mode 2

Classes unloaded (0 events):
No events

Classes redefined (0 events):
No events

Internal exceptions (20 events):
Event: 1.491 Thread 0x000001fa5d493d60 Exception <a 'java/lang/NoSuchMethodError'{0x00000000c560b940}: 'java.lang.Object java.lang.invoke.DirectMethodHandle$Holder.invokeInterface(java.lang.Object, java.lang.Object)'> (0x00000000c560b940) 
thrown [s\open\src\hotspot\share\interpreter\linkResolver.cpp, line 759]
Event: 1.491 Thread 0x000001fa5d493d60 Exception <a 'java/lang/IncompatibleClassChangeError'{0x00000000c560f138}: Found class java.lang.Object, but interface was expected> (0x00000000c560f138) 
thrown [s\open\src\hotspot\share\interpreter\linkResolver.cpp, line 826]
Event: 1.492 Thread 0x000001fa5d493d60 Exception <a 'java/lang/NoSuchMethodError'{0x00000000c56120b8}: 'void java.lang.invoke.DirectMethodHandle$Holder.invokeStatic(java.lang.Object, java.lang.Object)'> (0x00000000c56120b8) 
thrown [s\open\src\hotspot\share\interpreter\linkResolver.cpp, line 759]
Event: 1.493 Thread 0x000001fa5d493d60 Exception <a 'java/lang/NoSuchMethodError'{0x00000000c56159d0}: 'void java.lang.invoke.DirectMethodHandle$Holder.invokeStaticInit(java.lang.Object, java.lang.Object)'> (0x00000000c56159d0) 
thrown [s\open\src\hotspot\share\interpreter\linkResolver.cpp, line 759]
Event: 1.495 Thread 0x000001fa5d493d60 Exception <a 'java/lang/NoSuchMethodError'{0x00000000c561b830}: 'int java.lang.invoke.DirectMethodHandle$Holder.invokeStaticInit(java.lang.Object, java.lang.Object)'> (0x00000000c561b830) 
thrown [s\open\src\hotspot\share\interpreter\linkResolver.cpp, line 759]
Event: 4.695 Thread 0x000001fa5d493d60 Exception <a 'java/lang/NoSuchMethodError'{0x00000000c3e5e298}: 'java.lang.Object java.lang.invoke.DirectMethodHandle$Holder.newInvokeSpecial(java.lang.Object, java.lang.Object, java.lang.Object, java.lang.Object, java.lang.Object)'> (0x00000000c3e5e298) 
thrown [s\open\src\hotspot\share\interpreter\linkResolver.cpp, line 759]
Event: 4.972 Thread 0x000001fa5d493d60 Exception <a 'java/lang/NoSuchMethodError'{0x00000000c6943ca0}: 'void java.lang.invoke.DirectMethodHandle$Holder.invokeStatic(java.lang.Object, java.lang.Object, java.lang.Object, java.lang.Object)'> (0x00000000c6943ca0) 
thrown [s\open\src\hotspot\share\interpreter\linkResolver.cpp, line 759]
Event: 5.001 Thread 0x000001fa5d493d60 Exception <a 'java/lang/NoSuchMethodError'{0x00000000c695abd0}: 'java.lang.Object java.lang.invoke.DirectMethodHandle$Holder.invokeStaticInit(java.lang.Object)'> (0x00000000c695abd0) 
thrown [s\open\src\hotspot\share\interpreter\linkResolver.cpp, line 759]
Event: 5.101 Thread 0x000001fa7a5e8bf0 Exception <a 'java/lang/NoSuchMethodError'{0x00000000c68321e0}: 'void java.lang.invoke.DirectMethodHandle$Holder.invokeSpecial(java.lang.Object, java.lang.Object, java.lang.Object)'> (0x00000000c68321e0) 
thrown [s\open\src\hotspot\share\interpreter\linkResolver.cpp, line 759]
Event: 5.118 Thread 0x000001fa7a5e8bf0 Exception <a 'java/lang/NoSuchMethodError'{0x00000000c6863378}: 'java.lang.Object java.lang.invoke.DirectMethodHandle$Holder.invokeStatic(java.lang.Object, int, java.lang.Object, java.lang.Object, java.lang.Object, java.lang.Object)'> (0x00000000c6863378) 
thrown [s\open\src\hotspot\share\interpreter\linkResolver.cpp, line 759]
Event: 5.125 Thread 0x000001fa7a5e8bf0 Exception <a 'java/lang/NoSuchMethodError'{0x00000000c68889d0}: 'java.lang.Object java.lang.invoke.DirectMethodHandle$Holder.invokeStatic(java.lang.Object, int, java.lang.Object)'> (0x00000000c68889d0) 
thrown [s\open\src\hotspot\share\interpreter\linkResolver.cpp, line 759]
Event: 5.174 Thread 0x000001fa7a5e8bf0 Exception <a 'java/lang/ClassNotFoundException'{0x00000000c6743800}: com/sun/swing/internal/plaf/metal/resources/spi/metalProvider> (0x00000000c6743800) 
thrown [s\open\src\hotspot\share\classfile\systemDictionary.cpp, line 256]
Event: 5.176 Thread 0x000001fa7a5e8bf0 Exception <a 'java/lang/ClassNotFoundException'{0x00000000c67476a8}: com/sun/swing/internal/plaf/basic/resources/spi/basicProvider> (0x00000000c67476a8) 
thrown [s\open\src\hotspot\share\classfile\systemDictionary.cpp, line 256]
Event: 5.185 Thread 0x000001fa7a5e8bf0 Implicit null exception at 0x000001fa6dfef7e0 to 0x000001fa6dfefa1c
Event: 5.190 Thread 0x000001fa7a5e8bf0 Implicit null exception at 0x000001fa6e0ce88f to 0x000001fa6e0cedf4
Event: 5.246 Thread 0x000001fa7a5e8bf0 Implicit null exception at 0x000001fa6dfecf2c to 0x000001fa6dfed118
Event: 5.377 Thread 0x000001fa7a5e8bf0 Exception <a 'java/lang/NoSuchMethodError'{0x00000000c6c4a348}: 'void java.lang.invoke.DirectMethodHandle$Holder.invokeStaticInit(java.lang.Object)'> (0x00000000c6c4a348) 
thrown [s\open\src\hotspot\share\interpreter\linkResolver.cpp, line 759]
Event: 5.583 Thread 0x000001fa7a5ea030 Exception <a 'java/lang/NoSuchMethodError'{0x00000000c6c674d0}: 'void java.lang.invoke.DirectMethodHandle$Holder.invokeVirtual(java.lang.Object, java.lang.Object)'> (0x00000000c6c674d0) 
thrown [s\open\src\hotspot\share\interpreter\linkResolver.cpp, line 759]
Event: 35.015 Thread 0x000001fa411d9c50 Exception <a 'java/lang/NoSuchMethodError'{0x00000000c694bbf8}: 'java.lang.Object java.lang.invoke.DirectMethodHandle$Holder.invokeStaticInit(java.lang.Object, int, int, int, int)'> (0x00000000c694bbf8) 
thrown [s\open\src\hotspot\share\interpreter\linkResolver.cpp, line 759]
Event: 35.151 Thread 0x000001fa411d9c50 Exception <a 'java/lang/NoSuchMethodError'{0x00000000c6824438}: 'java.lang.Object java.lang.invoke.DirectMethodHandle$Holder.invokeStaticInit(java.lang.Object, java.lang.Object, int, int, int, int)'> (0x00000000c6824438) 
thrown [s\open\src\hotspot\share\interpreter\linkResolver.cpp, line 759]

VM Operations (20 events):
Event: 151.550 Executing VM operation: G1TryInitiateConcMark done
Event: 152.068 Executing VM operation: G1TryInitiateConcMark
Event: 152.069 Executing VM operation: G1TryInitiateConcMark done
Event: 153.070 Executing VM operation: Cleanup
Event: 153.070 Executing VM operation: Cleanup done
Event: 153.416 Executing VM operation: G1TryInitiateConcMark
Event: 153.417 Executing VM operation: G1TryInitiateConcMark done
Event: 153.986 Executing VM operation: G1TryInitiateConcMark
Event: 153.987 Executing VM operation: G1TryInitiateConcMark done
Event: 164.063 Executing VM operation: Cleanup
Event: 164.063 Executing VM operation: Cleanup done
Event: 165.068 Executing VM operation: Cleanup
Event: 165.068 Executing VM operation: Cleanup done
Event: 166.070 Executing VM operation: Cleanup
Event: 166.071 Executing VM operation: Cleanup done
Event: 180.198 Executing VM operation: HandshakeAllThreads
Event: 180.198 Executing VM operation: HandshakeAllThreads done
Event: 1722.349 Executing VM operation: Cleanup
Event: 1722.351 Executing VM operation: Cleanup done
Event: 1722.491 Executing VM operation: Exit

Events (20 events):
Event: 35.432 loading class sun/java2d/pipe/ShapeSpanIterator
Event: 35.432 loading class sun/java2d/pipe/SpanIterator
Event: 35.432 loading class sun/java2d/pipe/SpanIterator done
Event: 35.432 loading class sun/awt/geom/PathConsumer2D
Event: 35.432 loading class sun/awt/geom/PathConsumer2D done
Event: 35.432 loading class sun/java2d/pipe/ShapeSpanIterator done
Event: 35.434 loading class sun/awt/image/BufImgSurfaceManager
Event: 35.434 loading class sun/awt/image/BufImgSurfaceManager done
Event: 53.815 Thread 0x000001fa411d9c50 Thread exited: 0x000001fa411d9c50
Event: 95.224 Thread 0x000001fa411d9740 Thread added: 0x000001fa411d9740
Event: 153.015 loading class java/awt/LightweightDispatcher$2
Event: 153.015 loading class java/awt/LightweightDispatcher$2 done
Event: 154.280 Thread 0x000001fa411d9740 Thread exited: 0x000001fa411d9740
Event: 1722.268 Thread 0x000001fa411d5f90 Thread added: 0x000001fa411d5f90
Event: 1722.269 Thread 0x000001fa411d4b50 Thread added: 0x000001fa411d4b50
Event: 1722.269 Thread 0x000001fa411d6ec0 Thread added: 0x000001fa411d6ec0
Event: 1722.270 Thread 0x000001fa411d5f90 Thread exited: 0x000001fa411d5f90
Event: 1722.326 Thread 0x000001fa411d4b50 Thread exited: 0x000001fa411d4b50
Event: 1722.409 Thread 0x000001fa7a5ea030 Thread exited: 0x000001fa7a5ea030
Event: 1722.491 Thread 0x000001fa411d6ec0 Thread exited: 0x000001fa411d6ec0


Dynamic libraries:
0x00007ff79fcc0000 - 0x00007ff79fcd0000 	C:\Program Files\Java\jdk-17\bin\javaw.exe
0x00007ffce23f0000 - 0x00007ffce25e8000 	C:\WINDOWS\SYSTEM32\ntdll.dll
0x00007ffce0410000 - 0x00007ffce04d2000 	C:\WINDOWS\System32\KERNEL32.DLL
0x00007ffcdfdb0000 - 0x00007ffce00a6000 	C:\WINDOWS\System32\KERNELBASE.dll
0x00007ffce0100000 - 0x00007ffce0200000 	C:\WINDOWS\System32\ucrtbase.dll
0x00007ffcdb3d0000 - 0x00007ffcdb3eb000 	C:\Program Files\Java\jdk-17\bin\VCRUNTIME140.dll
0x00007ffcce590000 - 0x00007ffcce5a9000 	C:\Program Files\Java\jdk-17\bin\jli.dll
0x00007ffce1ee0000 - 0x00007ffce1f8f000 	C:\WINDOWS\System32\ADVAPI32.dll
0x00007ffce1d70000 - 0x00007ffce1e0e000 	C:\WINDOWS\System32\msvcrt.dll
0x00007ffce1af0000 - 0x00007ffce1b8f000 	C:\WINDOWS\System32\sechost.dll
0x00007ffce1f90000 - 0x00007ffce20b3000 	C:\WINDOWS\System32\RPCRT4.dll
0x00007ffcdfd00000 - 0x00007ffcdfd27000 	C:\WINDOWS\System32\bcrypt.dll
0x00007ffce2180000 - 0x00007ffce231d000 	C:\WINDOWS\System32\USER32.dll
0x00007ffce0340000 - 0x00007ffce0362000 	C:\WINDOWS\System32\win32u.dll
0x00007ffce1b90000 - 0x00007ffce1bbb000 	C:\WINDOWS\System32\GDI32.dll
0x00007ffcce2d0000 - 0x00007ffcce56a000 	C:\WINDOWS\WinSxS\amd64_microsoft.windows.common-controls_6595b64144ccf1df_6.0.19041.4355_none_60b8b9eb71f62e16\COMCTL32.dll
0x00007ffcdfbe0000 - 0x00007ffcdfcfa000 	C:\WINDOWS\System32\gdi32full.dll
0x00007ffce0370000 - 0x00007ffce040d000 	C:\WINDOWS\System32\msvcp_win.dll
0x00007ffcce580000 - 0x00007ffcce58a000 	C:\WINDOWS\SYSTEM32\VERSION.dll
0x00007ffce1a50000 - 0x00007ffce1a7f000 	C:\WINDOWS\System32\IMM32.DLL
0x00007ffcdb3c0000 - 0x00007ffcdb3cc000 	C:\Program Files\Java\jdk-17\bin\vcruntime140_1.dll
0x00007ffc99fa0000 - 0x00007ffc9a02e000 	C:\Program Files\Java\jdk-17\bin\msvcp140.dll
0x00007ffc7f700000 - 0x00007ffc802df000 	C:\Program Files\Java\jdk-17\bin\server\jvm.dll
0x00007ffce23a0000 - 0x00007ffce23a8000 	C:\WINDOWS\System32\PSAPI.DLL
0x00007ffccd280000 - 0x00007ffccd2a7000 	C:\WINDOWS\SYSTEM32\WINMM.dll
0x00007ffcca740000 - 0x00007ffcca749000 	C:\WINDOWS\SYSTEM32\WSOCK32.dll
0x00007ffce1a80000 - 0x00007ffce1aeb000 	C:\WINDOWS\System32\WS2_32.dll
0x00007ffcde2a0000 - 0x00007ffcde2b2000 	C:\WINDOWS\SYSTEM32\kernel.appcore.dll
0x00007ffcd9110000 - 0x00007ffcd911a000 	C:\Program Files\Java\jdk-17\bin\jimage.dll
0x00007ffcddfb0000 - 0x00007ffcde194000 	C:\WINDOWS\SYSTEM32\DBGHELP.DLL
0x00007ffccaa50000 - 0x00007ffccaa84000 	C:\WINDOWS\SYSTEM32\dbgcore.DLL
0x00007ffce02b0000 - 0x00007ffce0332000 	C:\WINDOWS\System32\bcryptPrimitives.dll
0x00007ffcb6ba0000 - 0x00007ffcb6bc5000 	C:\Program Files\Java\jdk-17\bin\java.dll
0x00007ffc91cf0000 - 0x00007ffc91dc7000 	C:\Program Files\Java\jdk-17\bin\jsvml.dll
0x00007ffce0b60000 - 0x00007ffce12cf000 	C:\WINDOWS\System32\SHELL32.dll
0x00007ffcdd730000 - 0x00007ffcdded3000 	C:\WINDOWS\SYSTEM32\windows.storage.dll
0x00007ffce13f0000 - 0x00007ffce1745000 	C:\WINDOWS\System32\combase.dll
0x00007ffcdf3e0000 - 0x00007ffcdf40b000 	C:\WINDOWS\SYSTEM32\Wldp.dll
0x00007ffce1e10000 - 0x00007ffce1edd000 	C:\WINDOWS\System32\OLEAUT32.dll
0x00007ffce1870000 - 0x00007ffce191d000 	C:\WINDOWS\System32\SHCORE.dll
0x00007ffce1390000 - 0x00007ffce13e5000 	C:\WINDOWS\System32\shlwapi.dll
0x00007ffcdf9b0000 - 0x00007ffcdf9d5000 	C:\WINDOWS\SYSTEM32\profapi.dll
0x00007ffcbdc60000 - 0x00007ffcbdc79000 	C:\Program Files\Java\jdk-17\bin\net.dll
0x00007ffcd7860000 - 0x00007ffcd796a000 	C:\WINDOWS\SYSTEM32\WINHTTP.dll
0x00007ffcdf140000 - 0x00007ffcdf1ac000 	C:\WINDOWS\system32\mswsock.dll
0x00007ffcb97c0000 - 0x00007ffcb97d6000 	C:\Program Files\Java\jdk-17\bin\nio.dll
0x00007ffcb6b40000 - 0x00007ffcb6b58000 	C:\Program Files\Java\jdk-17\bin\zip.dll
0x00007ffc8de10000 - 0x00007ffc8dfa1000 	C:\Program Files\Java\jdk-17\bin\awt.dll
0x00007ffcdaf70000 - 0x00007ffcdb004000 	C:\WINDOWS\SYSTEM32\apphelp.dll
0x00007ffc64b60000 - 0x00007ffc67d61000 	C:\Users\risha\Downloads\opencv\build\java\x64\opencv_java455.dll
0x00007ffce1920000 - 0x00007ffce1a4b000 	C:\WINDOWS\System32\ole32.dll
0x00007ffccfb80000 - 0x00007ffccfd3c000 	C:\WINDOWS\SYSTEM32\MFPlat.DLL
0x00007ffcbb110000 - 0x00007ffcbb195000 	C:\WINDOWS\SYSTEM32\MF.dll
0x00007ffc9a030000 - 0x00007ffc9a140000 	C:\WINDOWS\SYSTEM32\MFReadWrite.dll
0x00007ffce00b0000 - 0x00007ffce00fe000 	C:\WINDOWS\System32\cfgmgr32.dll
0x00007ffc859a0000 - 0x00007ffc85e2f000 	C:\WINDOWS\SYSTEM32\MFCORE.DLL
0x00007ffcdfa80000 - 0x00007ffcdfbdd000 	C:\WINDOWS\System32\CRYPT32.dll
0x00007ffcdf830000 - 0x00007ffcdf87b000 	C:\WINDOWS\SYSTEM32\powrprof.dll
0x00007ffcd60e0000 - 0x00007ffcd60e9000 	C:\WINDOWS\SYSTEM32\ksuser.dll
0x00007ffcdf330000 - 0x00007ffcdf33c000 	C:\WINDOWS\SYSTEM32\CRYPTBASE.DLL
0x00007ffcd6080000 - 0x00007ffcd60b4000 	C:\WINDOWS\SYSTEM32\RTWorkQ.DLL
0x00007ffcdf810000 - 0x00007ffcdf822000 	C:\WINDOWS\SYSTEM32\UMPDC.dll
0x00007ffcd17b0000 - 0x00007ffcd17c0000 	C:\Program Files\Java\jdk-17\bin\verify.dll
0x000001fa7a480000 - 0x000001fa7a484000 	C:\Users\risha\.javacpp\cache\javacpp-1.5.7-windows-x86_64.jar\org\bytedeco\javacpp\windows-x86_64\api-ms-win-crt-locale-l1-1-0.dll
0x000001fa7a490000 - 0x000001fa7a495000 	C:\Users\risha\.javacpp\cache\javacpp-1.5.7-windows-x86_64.jar\org\bytedeco\javacpp\windows-x86_64\api-ms-win-crt-string-l1-1-0.dll
0x000001fa7a4a0000 - 0x000001fa7a4a5000 	C:\Users\risha\.javacpp\cache\javacpp-1.5.7-windows-x86_64.jar\org\bytedeco\javacpp\windows-x86_64\api-ms-win-crt-stdio-l1-1-0.dll
0x000001fa7ad00000 - 0x000001fa7ad06000 	C:\Users\risha\.javacpp\cache\javacpp-1.5.7-windows-x86_64.jar\org\bytedeco\javacpp\windows-x86_64\api-ms-win-crt-math-l1-1-0.dll
0x000001fa7ad10000 - 0x000001fa7ad14000 	C:\Users\risha\.javacpp\cache\javacpp-1.5.7-windows-x86_64.jar\org\bytedeco\javacpp\windows-x86_64\api-ms-win-crt-heap-l1-1-0.dll
0x000001fa7aff0000 - 0x000001fa7aff5000 	C:\Users\risha\.javacpp\cache\javacpp-1.5.7-windows-x86_64.jar\org\bytedeco\javacpp\windows-x86_64\api-ms-win-crt-runtime-l1-1-0.dll
0x000001fa7f800000 - 0x000001fa7f805000 	C:\Users\risha\.javacpp\cache\javacpp-1.5.7-windows-x86_64.jar\org\bytedeco\javacpp\windows-x86_64\api-ms-win-crt-convert-l1-1-0.dll
0x000001fa7f810000 - 0x000001fa7f814000 	C:\Users\risha\.javacpp\cache\javacpp-1.5.7-windows-x86_64.jar\org\bytedeco\javacpp\windows-x86_64\api-ms-win-crt-environment-l1-1-0.dll
0x000001fa7f820000 - 0x000001fa7f824000 	C:\Users\risha\.javacpp\cache\javacpp-1.5.7-windows-x86_64.jar\org\bytedeco\javacpp\windows-x86_64\api-ms-win-crt-time-l1-1-0.dll
0x000001fa7f830000 - 0x000001fa7f834000 	C:\Users\risha\.javacpp\cache\javacpp-1.5.7-windows-x86_64.jar\org\bytedeco\javacpp\windows-x86_64\api-ms-win-crt-filesystem-l1-1-0.dll
0x000001fa7aeb0000 - 0x000001fa7aeb4000 	C:\Users\risha\.javacpp\cache\javacpp-1.5.7-windows-x86_64.jar\org\bytedeco\javacpp\windows-x86_64\api-ms-win-crt-utility-l1-1-0.dll
0x000001fa7aec0000 - 0x000001fa7aec6000 	C:\Users\risha\.javacpp\cache\javacpp-1.5.7-windows-x86_64.jar\org\bytedeco\javacpp\windows-x86_64\api-ms-win-crt-multibyte-l1-1-0.dll
0x000001fa7aed0000 - 0x000001fa7aed4000 	C:\Users\risha\.javacpp\cache\javacpp-1.5.7-windows-x86_64.jar\org\bytedeco\javacpp\windows-x86_64\api-ms-win-crt-conio-l1-1-0.dll
0x000001fa7aee0000 - 0x000001fa7aef1000 	C:\Users\risha\.javacpp\cache\javacpp-1.5.7-windows-x86_64.jar\org\bytedeco\javacpp\windows-x86_64\api-ms-win-crt-private-l1-1-0.dll
0x000001fa7af00000 - 0x000001fa7af04000 	C:\Users\risha\.javacpp\cache\javacpp-1.5.7-windows-x86_64.jar\org\bytedeco\javacpp\windows-x86_64\api-ms-win-crt-process-l1-1-0.dll
0x000001fa7af10000 - 0x000001fa7af14000 	C:\Users\risha\.javacpp\cache\javacpp-1.5.7-windows-x86_64.jar\org\bytedeco\javacpp\windows-x86_64\api-ms-win-core-console-l1-2-0.dll
0x000001fa7af20000 - 0x000001fa7af24000 	C:\Users\risha\.javacpp\cache\javacpp-1.5.7-windows-x86_64.jar\org\bytedeco\javacpp\windows-x86_64\api-ms-win-core-string-l1-1-0.dll
0x000001fa7af30000 - 0x000001fa7af34000 	C:\Users\risha\.javacpp\cache\javacpp-1.5.7-windows-x86_64.jar\org\bytedeco\javacpp\windows-x86_64\api-ms-win-core-errorhandling-l1-1-0.dll
0x000001fa7af40000 - 0x000001fa7af44000 	C:\Users\risha\.javacpp\cache\javacpp-1.5.7-windows-x86_64.jar\org\bytedeco\javacpp\windows-x86_64\api-ms-win-core-timezone-l1-1-0.dll
0x000001fa7ad20000 - 0x000001fa7ad25000 	C:\Users\risha\.javacpp\cache\javacpp-1.5.7-windows-x86_64.jar\org\bytedeco\javacpp\windows-x86_64\api-ms-win-core-file-l1-1-0.dll
0x000001fa7ad30000 - 0x000001fa7ad34000 	C:\Users\risha\.javacpp\cache\javacpp-1.5.7-windows-x86_64.jar\org\bytedeco\javacpp\windows-x86_64\api-ms-win-core-namedpipe-l1-1-0.dll
0x000001fa7ad40000 - 0x000001fa7ad44000 	C:\Users\risha\.javacpp\cache\javacpp-1.5.7-windows-x86_64.jar\org\bytedeco\javacpp\windows-x86_64\api-ms-win-core-handle-l1-1-0.dll
0x000001fa7ad50000 - 0x000001fa7ad54000 	C:\Users\risha\.javacpp\cache\javacpp-1.5.7-windows-x86_64.jar\org\bytedeco\javacpp\windows-x86_64\api-ms-win-core-file-l2-1-0.dll
0x000001fa7ad60000 - 0x000001fa7ad64000 	C:\Users\risha\.javacpp\cache\javacpp-1.5.7-windows-x86_64.jar\org\bytedeco\javacpp\windows-x86_64\api-ms-win-core-heap-l1-1-0.dll
0x000001fa7ad70000 - 0x000001fa7ad74000 	C:\Users\risha\.javacpp\cache\javacpp-1.5.7-windows-x86_64.jar\org\bytedeco\javacpp\windows-x86_64\api-ms-win-core-libraryloader-l1-1-0.dll
0x000001fa7ad80000 - 0x000001fa7ad84000 	C:\Users\risha\.javacpp\cache\javacpp-1.5.7-windows-x86_64.jar\org\bytedeco\javacpp\windows-x86_64\api-ms-win-core-synch-l1-1-0.dll
0x000001fa7ad90000 - 0x000001fa7ad94000 	C:\Users\risha\.javacpp\cache\javacpp-1.5.7-windows-x86_64.jar\org\bytedeco\javacpp\windows-x86_64\api-ms-win-core-processthreads-l1-1-0.dll
0x000001fa7ada0000 - 0x000001fa7ada4000 	C:\Users\risha\.javacpp\cache\javacpp-1.5.7-windows-x86_64.jar\org\bytedeco\javacpp\windows-x86_64\api-ms-win-core-processenvironment-l1-1-0.dll
0x000001fa7adb0000 - 0x000001fa7adb4000 	C:\Users\risha\.javacpp\cache\javacpp-1.5.7-windows-x86_64.jar\org\bytedeco\javacpp\windows-x86_64\api-ms-win-core-datetime-l1-1-0.dll
0x000001fa7adc0000 - 0x000001fa7adc4000 	C:\Users\risha\.javacpp\cache\javacpp-1.5.7-windows-x86_64.jar\org\bytedeco\javacpp\windows-x86_64\api-ms-win-core-localization-l1-2-0.dll
0x000001fa7add0000 - 0x000001fa7add4000 	C:\Users\risha\.javacpp\cache\javacpp-1.5.7-windows-x86_64.jar\org\bytedeco\javacpp\windows-x86_64\api-ms-win-core-sysinfo-l1-1-0.dll
0x000001fa7ade0000 - 0x000001fa7ade4000 	C:\Users\risha\.javacpp\cache\javacpp-1.5.7-windows-x86_64.jar\org\bytedeco\javacpp\windows-x86_64\api-ms-win-core-synch-l1-2-0.dll
0x000001fa7adf0000 - 0x000001fa7adf4000 	C:\Users\risha\.javacpp\cache\javacpp-1.5.7-windows-x86_64.jar\org\bytedeco\javacpp\windows-x86_64\api-ms-win-core-console-l1-1-0.dll
0x000001fa7ae00000 - 0x000001fa7ae04000 	C:\Users\risha\.javacpp\cache\javacpp-1.5.7-windows-x86_64.jar\org\bytedeco\javacpp\windows-x86_64\api-ms-win-core-debug-l1-1-0.dll
0x000001fa7ae10000 - 0x000001fa7ae14000 	C:\Users\risha\.javacpp\cache\javacpp-1.5.7-windows-x86_64.jar\org\bytedeco\javacpp\windows-x86_64\api-ms-win-core-rtlsupport-l1-1-0.dll
0x000001fa7ae20000 - 0x000001fa7ae24000 	C:\Users\risha\.javacpp\cache\javacpp-1.5.7-windows-x86_64.jar\org\bytedeco\javacpp\windows-x86_64\api-ms-win-core-processthreads-l1-1-1.dll
0x000001fa7ae30000 - 0x000001fa7ae34000 	C:\Users\risha\.javacpp\cache\javacpp-1.5.7-windows-x86_64.jar\org\bytedeco\javacpp\windows-x86_64\api-ms-win-core-file-l1-2-0.dll
0x000001fa7ae40000 - 0x000001fa7ae44000 	C:\Users\risha\.javacpp\cache\javacpp-1.5.7-windows-x86_64.jar\org\bytedeco\javacpp\windows-x86_64\api-ms-win-core-profile-l1-1-0.dll
0x000001fa7ae50000 - 0x000001fa7ae54000 	C:\Users\risha\.javacpp\cache\javacpp-1.5.7-windows-x86_64.jar\org\bytedeco\javacpp\windows-x86_64\api-ms-win-core-memory-l1-1-0.dll
0x000001fa7ae60000 - 0x000001fa7ae64000 	C:\Users\risha\.javacpp\cache\javacpp-1.5.7-windows-x86_64.jar\org\bytedeco\javacpp\windows-x86_64\api-ms-win-core-util-l1-1-0.dll
0x000001fa7ae70000 - 0x000001fa7ae74000 	C:\Users\risha\.javacpp\cache\javacpp-1.5.7-windows-x86_64.jar\org\bytedeco\javacpp\windows-x86_64\api-ms-win-core-interlocked-l1-1-0.dll
0x00007ffc8e1c0000 - 0x00007ffc8e2d1000 	C:\Users\risha\.javacpp\cache\javacpp-1.5.7-windows-x86_64.jar\org\bytedeco\javacpp\windows-x86_64\ucrtbase.dll
0x00007ffcb2f80000 - 0x00007ffcb2f9b000 	C:\Users\risha\.javacpp\cache\javacpp-1.5.7-windows-x86_64.jar\org\bytedeco\javacpp\windows-x86_64\vcruntime140.dll
0x00007ffcd09e0000 - 0x00007ffcd09ec000 	C:\Users\risha\.javacpp\cache\javacpp-1.5.7-windows-x86_64.jar\org\bytedeco\javacpp\windows-x86_64\vcruntime140_1.dll
0x00007ffc95610000 - 0x00007ffc9569d000 	C:\Users\risha\.javacpp\cache\javacpp-1.5.7-windows-x86_64.jar\org\bytedeco\javacpp\windows-x86_64\msvcp140.dll
0x00007ffcd0410000 - 0x00007ffcd0419000 	C:\Users\risha\.javacpp\cache\javacpp-1.5.7-windows-x86_64.jar\org\bytedeco\javacpp\windows-x86_64\msvcp140_1.dll
0x00007ffcb2f30000 - 0x00007ffcb2f7e000 	C:\Users\risha\.javacpp\cache\javacpp-1.5.7-windows-x86_64.jar\org\bytedeco\javacpp\windows-x86_64\concrt140.dll
0x00007ffcacfb0000 - 0x00007ffcacfe1000 	C:\Users\risha\.javacpp\cache\javacpp-1.5.7-windows-x86_64.jar\org\bytedeco\javacpp\windows-x86_64\vcomp140.dll
0x00007ffcc6920000 - 0x00007ffcc692e000 	C:\Users\risha\.javacpp\cache\javacpp-1.5.7-windows-x86_64.jar\org\bytedeco\javacpp\windows-x86_64\jnijavacpp.dll
0x000000006d7c0000 - 0x000000006f369000 	C:\Users\risha\.javacpp\cache\openblas-0.3.19-1.5.7-windows-x86_64.jar\org\bytedeco\openblas\windows-x86_64\libopenblas_nolapack.dll
0x00007ffc9c6a0000 - 0x00007ffc9c6fe000 	C:\Users\risha\.javacpp\cache\openblas-0.3.19-1.5.7-windows-x86_64.jar\org\bytedeco\openblas\windows-x86_64\jniopenblas_nolapack.dll
0x0000000000130000 - 0x0000000001cd9000 	C:\Users\risha\.javacpp\cache\openblas-0.3.19-1.5.7-windows-x86_64.jar\org\bytedeco\openblas\windows-x86_64\libopenblas.dll
0x00007ffc6a790000 - 0x00007ffc6bb44000 	C:\Users\risha\.javacpp\cache\openblas-0.3.19-1.5.7-windows-x86_64.jar\org\bytedeco\openblas\windows-x86_64\jniopenblas.dll
0x00007ffcb29f0000 - 0x00007ffcb2a06000 	C:\Users\risha\.javacpp\cache\nd4j-native-1.0.0-M2.1-windows-x86_64.jar\org\nd4j\linalg\cpu\nativecpu\bindings\windows-x86_64\libwinpthread-1.dll
0x00007ffcad100000 - 0x00007ffcad122000 	C:\Users\risha\.javacpp\cache\nd4j-native-1.0.0-M2.1-windows-x86_64.jar\org\nd4j\linalg\cpu\nativecpu\bindings\windows-x86_64\libgcc_s_seh-1.dll
0x00007ffc96340000 - 0x00007ffc96388000 	C:\Users\risha\.javacpp\cache\nd4j-native-1.0.0-M2.1-windows-x86_64.jar\org\nd4j\linalg\cpu\nativecpu\bindings\windows-x86_64\libgomp-1.dll
0x00007ffc8c2d0000 - 0x00007ffc8c4c3000 	C:\Users\risha\.javacpp\cache\nd4j-native-1.0.0-M2.1-windows-x86_64.jar\org\nd4j\linalg\cpu\nativecpu\bindings\windows-x86_64\libstdc++-6.dll
0x00007ffc46670000 - 0x00007ffc5741d000 	C:\Users\risha\.javacpp\cache\nd4j-native-1.0.0-M2.1-windows-x86_64.jar\org\nd4j\linalg\cpu\nativecpu\bindings\windows-x86_64\libnd4jcpu.dll
0x00007ffc85330000 - 0x00007ffc855c5000 	C:\Users\risha\.javacpp\cache\nd4j-native-1.0.0-M2.1-windows-x86_64.jar\org\nd4j\linalg\cpu\nativecpu\bindings\windows-x86_64\jnind4jcpu.dll
0x00007ffcdc940000 - 0x00007ffcdc9de000 	C:\WINDOWS\system32\uxtheme.dll
0x00007ffce1750000 - 0x00007ffce1865000 	C:\WINDOWS\System32\MSCTF.dll
0x00007ffcdcfe0000 - 0x00007ffcdd00f000 	C:\WINDOWS\system32\DWMAPI.DLL
0x00007ffccbf30000 - 0x00007ffccc058000 	C:\WINDOWS\system32\opengl32.dll
0x00007ffccbf00000 - 0x00007ffccbf2c000 	C:\WINDOWS\SYSTEM32\GLU32.dll
0x00007ffc91c60000 - 0x00007ffc91ce7000 	C:\Program Files\Java\jdk-17\bin\freetype.dll

dbghelp: loaded successfully - version: 4.0.5 - missing functions: none
symbol engine: initialized successfully - sym options: 0x614 - pdb path: .;C:\Program Files\Java\jdk-17\bin;C:\WINDOWS\SYSTEM32;C:\WINDOWS\WinSxS\amd64_microsoft.windows.common-controls_6595b64144ccf1df_6.0.19041.4355_none_60b8b9eb71f62e16;C:\Program Files\Java\jdk-17\bin\server;C:\Users\risha\Downloads\opencv\build\java\x64;C:\Users\risha\.javacpp\cache\javacpp-1.5.7-windows-x86_64.jar\org\bytedeco\javacpp\windows-x86_64;C:\Users\risha\.javacpp\cache\openblas-0.3.19-1.5.7-windows-x86_64.jar\org\bytedeco\openblas\windows-x86_64;C:\Users\risha\.javacpp\cache\nd4j-native-1.0.0-M2.1-windows-x86_64.jar\org\nd4j\linalg\cpu\nativecpu\bindings\windows-x86_64;C:\Program Files\Intel\Media SDK;C:\WINDOWS\System32\DriverStore\FileRepository\k127153.inf_amd64_3f3936d8dec668b8;C:\Program Files (x86)\Common Files\Intel\OpenCL\bin\x64

VM Arguments:
jvm_args: --module-path=C:\Users\risha\Downloads\openjfx-17.0.15_windows-x64_bin-sdk\javafx-sdk-17.0.15\lib --add-modules=javafx.controls,javafx.graphics,javafx.fxml -Djava.library.path=C:\Users\risha\Downloads\opencv\build\java\x64 -Dfile.encoding=UTF-8 -Dstdout.encoding=UTF-8 -Dstderr.encoding=UTF-8 --module-path=C:\Users\risha\Downloads\openjfx-17.0.15_windows-x64_bin-sdk\javafx-sdk-17.0.15\lib\javafx.base.jar;C:\Users\risha\Downloads\openjfx-17.0.15_windows-x64_bin-sdk\javafx-sdk-17.0.15\lib\javafx.controls.jar;C:\Users\risha\Downloads\openjfx-17.0.15_windows-x64_bin-sdk\javafx-sdk-17.0.15\lib\javafx.fxml.jar;C:\Users\risha\Downloads\openjfx-17.0.15_windows-x64_bin-sdk\javafx-sdk-17.0.15\lib\javafx.graphics.jar;C:\Users\risha\Downloads\openjfx-17.0.15_windows-x64_bin-sdk\javafx-sdk-17.0.15\lib\javafx.media.jar;C:\Users\risha\Downloads\openjfx-17.0.15_windows-x64_bin-sdk\javafx-sdk-17.0.15\lib\javafx.swing.jar;C:\Users\risha\Downloads\openjfx-17.0.15_windows-x64_bin-sdk\javafx-sdk-17.0.15\lib\javafx.web.jar;C:\Users\risha\Downloads\openjfx-17.0.15_windows-x64_bin-sdk\javafx-sdk-17.0.15\lib\javafx-swt.jar -XX:+ShowCodeDetailsInExceptionMessages 
java_command: com.attendance.FaceAttendanceApp
java_class_path (initial): C:\Users\risha\Desktop\Hello\FaceAttendence24\target\classes;C:\Users\risha\Downloads\opencv\build\java\opencv-455.jar;C:\Users\risha\.m2\repository\org\deeplearning4j\deeplearning4j-core\1.0.0-M2.1\deeplearning4j-core-1.0.0-M2.1.jar;C:\Users\risha\.m2\repository\com\sun\activation\javax.activation\1.2.0\javax.activation-1.2.0.jar;C:\Users\risha\.m2\repository\org\deeplearning4j\deeplearning4j-datasets\1.0.0-M2.1\deeplearning4j-datasets-1.0.0-M2.1.jar;C:\Users\risha\.m2\repository\org\deeplearning4j\resources\1.0.0-M2.1\resources-1.0.0-M2.1.jar;C:\Users\risha\.m2\repository\org\deeplearning4j\deeplearning4j-datavec-iterators\1.0.0-M2.1\deeplearning4j-datavec-iterators-1.0.0-M2.1.jar;C:\Users\risha\.m2\repository\org\deeplearning4j\deeplearning4j-modelimport\1.0.0-M2.1\deeplearning4j-modelimport-1.0.0-M2.1.jar;C:\Users\risha\.m2\repository\com\google\code\gson\gson\2.8.0\gson-2.8.0.jar;C:\Users\risha\.m2\repository\org\bytedeco\javacpp\1.5.7\javacpp-1.5.7.jar;C:\Users\risha\.m2\repository\org\bytedeco\hdf5-platform\1.12.1-1.5.7\hdf5-platform-1.12.1-1.5.7.jar;C:\Users\risha\.m2\repository\org\bytedeco\hdf5\1.12.1-1.5.7\hdf5-1.12.1-1.5.7.jar;C:\Users\risha\.m2\repository\org\bytedeco\hdf5\1.12.1-1.5.7\hdf5-1.12.1-1.5.7-linux-x86.jar;C:\Users\risha\.m2\repository\org\bytedeco\hdf5\1.12.1-1.5.7\hdf5-1.12.1-1.5.7-linux-x86_64.jar;C:\Users\risha\.m2\repository\org\bytedeco\hdf5\1.12.1-1.5.7\hdf5-1.12.1-1.5.7-linux-armhf.jar;C:\Users\risha\.m2\repository\org\bytedeco\hdf5\1.12.1-1.5.7\hdf5-1.12.1-1.5.7-linux-arm64.jar;C:\Users\risha\.m2\repository\org\bytedeco\hdf5\1.12.1-1.5.7\hdf5-1.12.1-1.5.7-linux-ppc64le.jar;C:\Users\risha\.m2\repository\org\bytedeco\hdf5\1.12.1-1.5.7\hdf5-1.12.1-1.5.7-macosx-x86_64.jar;C:\Users\risha\.m2\repository\org\bytedeco\hdf5\1.12.1-1.5.7\hdf5-1.12.1-1.5.7-windows-x86.jar;C:\Users\risha\.m2\repository\org\bytedeco\hdf5\1.12.1-1.5.7\hdf5-1.12.1-1.5.7-windows-x86_64.jar;C:\Users\risha\.m2\repository\org\slf4j\slf4j-ap
Launcher Type: SUN_STANDARD

[Global flags]
     intx CICompilerCount                          = 3                                         {product} {ergonomic}
     uint ConcGCThreads                            = 1                                         {product} {ergonomic}
     uint G1ConcRefinementThreads                  = 4                                         {product} {ergonomic}
   size_t G1HeapRegionSize                         = 1048576                                   {product} {ergonomic}
    uintx GCDrainStackTargetSize                   = 64                                        {product} {ergonomic}
   size_t InitialHeapSize                          = 65011712                                  {product} {ergonomic}
   size_t MarkStackSize                            = 4194304                                   {product} {ergonomic}
   size_t MaxHeapSize                              = 1040187392                                {product} {ergonomic}
   size_t MaxNewSize                               = 623902720                                 {product} {ergonomic}
   size_t MinHeapDeltaBytes                        = 1048576                                   {product} {ergonomic}
   size_t MinHeapSize                              = 8388608                                   {product} {ergonomic}
    uintx NonNMethodCodeHeapSize                   = 5832780                                {pd product} {ergonomic}
    uintx NonProfiledCodeHeapSize                  = 122912730                              {pd product} {ergonomic}
    uintx ProfiledCodeHeapSize                     = 122912730                              {pd product} {ergonomic}
    uintx ReservedCodeCacheSize                    = 251658240                              {pd product} {ergonomic}
     bool SegmentedCodeCache                       = true                                      {product} {ergonomic}
     bool ShowCodeDetailsInExceptionMessages       = true                                   {manageable} {command line}
   size_t SoftMaxHeapSize                          = 1040187392                             {manageable} {ergonomic}
     bool UseCompressedClassPointers               = true                           {product lp64_product} {ergonomic}
     bool UseCompressedOops                        = true                           {product lp64_product} {ergonomic}
     bool UseG1GC                                  = true                                      {product} {ergonomic}
     bool UseLargePagesIndividualAllocation        = false                                  {pd product} {ergonomic}

Logging:
Log output configuration:
 #0: stdout all=off uptime,level,tags
 #1: stderr all=off uptime,level,tags

Environment Variables:
JAVA_HOME=C:\Program Files\Java\jdk-17
PATH=C:/Users/risha/.p2/pool/plugins/org.eclipse.justj.openjdk.hotspot.jre.full.win32.x86_64_23.0.2.v20250131-0604/jre/bin/server;C:/Users/risha/.p2/pool/plugins/org.eclipse.justj.openjdk.hotspot.jre.full.win32.x86_64_23.0.2.v20250131-0604/jre/bin;C:\Program Files\Common Files\Oracle\Java\javapath;C:\Program Files\Python310\Scripts\;C:\Program Files\Python310\;C:\Program Files (x86)\Intel\Intel(R) Management Engine Components\iCLS\;C:\Program Files\Intel\Intel(R) Management Engine Components\iCLS\;C:\WINDOWS\system32;C:\WINDOWS;C:\WINDOWS\System32\Wbem;C:\WINDOWS\System32\WindowsPowerShell\v1.0\;C:\WINDOWS\System32\OpenSSH\;C:\Program Files (x86)\Intel\Intel(R) Management Engine Components\DAL;C:\Program Files\Intel\Intel(R) Management Engine Components\DAL;C:\Program Files (x86)\Intel\Intel(R) Management Engine Components\IPT;C:\Program Files\Intel\Intel(R) Management Engine Components\IPT;C:\Program Files\Java\jdk-20\bin;C:\MinGW\bin;C:\Program Files (x86)\Windows Kits\10\Windows Performance Toolkit\;C:\Program Files\dotnet\;C:\Program Files\Python310;C:\Program Files\Python310\Scripts;C:\ProgramData\Microsoft\Windows\Start Menu\Programs\Python 3.10;C:\Users\risha\AppData\Local\Programs\Python\Python310\;C:\Users\risha\AppData\Local\Programs\Python\Python310\Scripts\;C:\Program Files\Java\jdk-17;C:\Program Files\Java\jdk-23\bin;C:\Program Files\apache-maven-3.9.9\bin;C:\Program Files\MySQL\MySQL Server 8.0\bin;C:\Program Files\Python310\Scripts;C:\Users\risha\AppData\Local\Programs\Python\Python310\Scripts\;C:\Users\risha\.jupyter;c:\users\risha\appdata\roaming\python\python310\site-packages;C:\Users\risha\Desktop\Attendace_System_using_face\openjdk17.msi;C:\Users\risha\Downloads\opencv\build\x64\vc15\bin;C:\Program Files\nodejs\;C:\Program Files\Common Files\Oracle\Java\javapath;C:\Program Files\Python310\Scripts\;C:\Program Files\Python310\;C:\Program Files (x86)\Intel\Intel(R) Management Engine Components\iCLS\;C:\Program Files\Intel\Intel(R) Management Engine Com
USERNAME=risha
OS=Windows_NT
PROCESSOR_IDENTIFIER=Intel64 Family 6 Model 78 Stepping 3, GenuineIntel



---------------  S Y S T E M  ---------------

OS:
 Windows 10 , 64 bit Build 19041 (10.0.19041.5678)
OS uptime: 0 days 19:24 hours

CPU: total 4 (initial active 4) (2 cores per cpu, 2 threads per core) family 6 model 78 stepping 3 microcode 0xcc, cx8, cmov, fxsr, ht, mmx, 3dnowpref, sse, sse2, sse3, ssse3, sse4.1, sse4.2, popcnt, lzcnt, tsc, tscinvbit, avx, avx2, aes, erms, clmul, bmi1, bmi2, adx, fma, vzeroupper, clflush, clflushopt

Memory: 4k page, system-wide physical 3961M (878M free)
TotalPageFile size 11093M (AvailPageFile size 4462M)
current process WorkingSet (physical memory assigned to process): 104M, peak: 262M
current process commit charge ("private bytes"): 235M, peak: 1174M

vm_info: Java HotSpot(TM) 64-Bit Server VM (17.0.10+11-LTS-240) for windows-amd64 JRE (17.0.10+11-LTS-240), built on Dec 19 2023 21:47:25 by "mach5one" with MS VC++ 17.1 (VS2022)

END.
