#
# A fatal error has been detected by the Java Runtime Environment:
#
#  EXCEPTION_ACCESS_VIOLATION (0xc0000005) at pc=0x00007fff1995a0e0, pid=14520, tid=8940
#
# JRE version: OpenJDK Runtime Environment Temurin-23.0.2+7 (23.0.2+7) (build 23.0.2+7)
# Java VM: OpenJDK 64-Bit Server VM Temurin-23.0.2+7 (23.0.2+7, mixed mode, sharing, tiered, compressed oops, compressed class ptrs, g1 gc, windows-amd64)
# Problematic frame:
# C  0x00007fff1995a0e0
#
# No core dump will be written. Minidumps are not enabled by default on client versions of Windows
#
# If you would like to submit a bug report, please visit:
#   https://github.com/adoptium/adoptium-support/issues
#

---------------  S U M M A R Y ------------

Command Line: -Djava.library.path=C:\Users\risha\Downloads\opencv\build\java\x64 -Dfile.encoding=UTF-8 -Dstdout.encoding=UTF-8 -Dstderr.encoding=UTF-8 -XX:+ShowCodeDetailsInExceptionMessages com.attendance.FaceAttendanceApp

Host: Intel(R) Core(TM) i3-6006U CPU @ 2.00GHz, 4 cores, 3G,  Windows 10 , 64 bit Build 19041 (10.0.19041.5678)
Time: Tue May 20 17:45:53 2025 India Standard Time elapsed time: 536.298653 seconds (0d 0h 8m 56s)

---------------  T H R E A D  ---------------

Current thread (0x000001a6c112ad40):  VMThread "VM Thread"          [id=8940, stack(0x0000000a40600000,0x0000000a40700000) (1024K)]

Stack: [0x0000000a40600000,0x0000000a40700000],  sp=0x0000000a406feb70,  free space=1018k
Native frames: (J=compiled Java code, j=interpreted, Vv=VM code, C=native code)
C  0x00007fff1995a0e0  (no source info available)
C  0x00007fff198e1180  (no source info available)
C  [opencv_java455.dll+0x160f42e]  (no source info available)
C  [opencv_java455.dll+0x160f37d]  (no source info available)
C  [opencv_java455.dll+0x23e73be]  (no source info available)
C  [opencv_java455.dll+0x229da3b]  (no source info available)
C  [opencv_java455.dll+0x229dce1]  (no source info available)
C  [opencv_java455.dll+0x229882c]  (no source info available)
C  [opencv_java455.dll+0x224ab4b]  (no source info available)
C  [opencv_java455.dll+0x224a832]  (no source info available)
C  [opencv_java455.dll+0x224a928]  (no source info available)
C  [ntdll.dll+0x19a1d]  (no source info available)
C  [ntdll.dll+0x5f1ca]  (no source info available)
C  [ntdll.dll+0x5ef7d]  (no source info available)
C  [KERNEL32.DLL+0x1e3eb]  (no source info available)
C  [ucrtbase.dll+0x205bc]  (no source info available)
C  [ucrtbase.dll+0x2045f]  (no source info available)
V  [jvm.dll+0x6e203c]  (no source info available)
V  [jvm.dll+0x6e1b70]  (no source info available)
V  [jvm.dll+0x3e0e14]  (no source info available)
V  [jvm.dll+0x8e209f]  (no source info available)
V  [jvm.dll+0x8e33b6]  (no source info available)
V  [jvm.dll+0x8e38e8]  (no source info available)
V  [jvm.dll+0x8e3b83]  (no source info available)
V  [jvm.dll+0x88062b]  (no source info available)
V  [jvm.dll+0x6e77b5]  (no source info available)
C  [ucrtbase.dll+0x21bb2]  (no source info available)
C  [KERNEL32.DLL+0x17374]  (no source info available)
C  [ntdll.dll+0x4cc91]  (no source info available)


siginfo: EXCEPTION_ACCESS_VIOLATION (0xc0000005), reading address 0x0000000000000000


Registers:
RAX=0x000001a6d7405060, RBX=0x00007fff1995a0c0, RCX=0x000001a6d76ab560, RDX=0x0000000000000000
RSP=0x0000000a406feb70, RBP=0x0000000a406ff0d0, RSI=0x0000000000000000, RDI=0x000001a6d76ab560
R8 =0x000000000000003d, R9 =0x000000000000003d, R10=0x000000000000003b, R11=0x0000000a406febb0
R12=0x000001a6c1efcce0, R13=0x0000000000000040, R14=0x000001a6c1efd410, R15=0x0000000a406fed70
RIP=0x00007fff1995a0e0, EFLAGS=0x0000000000010202


Register to memory mapping:

RAX=0x000001a6d7405060 points into unknown readable memory: 0x00007fff19b16178 | 78 61 b1 19 ff 7f 00 00
RBX=0x00007fff1995a0c0 points into unknown readable memory: 0x74894808245c8948 | 48 89 5c 24 08 48 89 74
RCX=0x000001a6d76ab560 points into unknown readable memory: 0x00007fff19b26b18 | 18 6b b2 19 ff 7f 00 00
RDX=0x0 is null
RSP=0x0000000a406feb70 points into unknown readable memory: 0x000001a6d8ff0000 | 00 00 ff d8 a6 01 00 00
RBP=0x0000000a406ff0d0 points into unknown readable memory: 0x000001a6db09ebd0 | d0 eb 09 db a6 01 00 00
RSI=0x0 is null
RDI=0x000001a6d76ab560 points into unknown readable memory: 0x00007fff19b26b18 | 18 6b b2 19 ff 7f 00 00
R8 =0x000000000000003d is an unknown value
R9 =0x000000000000003d is an unknown value
R10=0x000000000000003b is an unknown value
R11=0x0000000a406febb0 points into unknown readable memory: 0x0000000a406ff0d0 | d0 f0 6f 40 0a 00 00 00
R12=0x000001a6c1efcce0 points into unknown readable memory: 0xc0005bd3321f2d53 | 53 2d 1f 32 d3 5b 00 c0
R13=0x0000000000000040 is an unknown value
R14=0x000001a6c1efd410 points into unknown readable memory: 0x00005c2cdfe2563c | 3c 56 e2 df 2c 5c 00 00
R15=0x0000000a406fed70 points into unknown readable memory: 0x0000000a406fed90 | 90 ed 6f 40 0a 00 00 00

Top of Stack: (sp=0x0000000a406feb70)
0x0000000a406feb70:   000001a6d8ff0000 000001a6d8ff0000
0x0000000a406feb80:   000000000000007a 000001a6d8ff0000
0x0000000a406feb90:   000001a6d76ab560 00007fff198e1180
0x0000000a406feba0:   00007fff1995a0c0 00000000ffffffff
0x0000000a406febb0:   0000000a406ff0d0 00007fff46ac2b4f
0x0000000a406febc0:   fffffffffffffffe 000001a600000000
0x0000000a406febd0:   000046b59883043b 000000000000019b
0x0000000a406febe0:   000001a6d79c8880 00007ffedf13f42e
0x0000000a406febf0:   000001a6d7387590 000001a6d7387590
0x0000000a406fec00:   000001a6c63df830 00000000000000ab
0x0000000a406fec10:   000001a6d8e40000 000001a6c6768170
0x0000000a406fec20:   0000000000000000 000001a6d7387590
0x0000000a406fec30:   000001a6c66bacb0 0000000a0000000b
0x0000000a406fec40:   00007fff29974c70 000001a6c6560ab0
0x0000000a406fec50:   00005c269f8dbdcc 00007fff65fd47b1
0x0000000a406fec60:   000001a6d79c8880 00007ffedf13f37d
0x0000000a406fec70:   00007fff29974c70 000001a6d7387590
0x0000000a406fec80:   000001a6c6769740 00007fff65fd47b1
0x0000000a406fec90:   fffffffffffffffe 0000000a406fedf8
0x0000000a406feca0:   00000000ffffffff 00007ffedff173be
0x0000000a406fecb0:   000001a6d79c8880 000001a6d79c8870
0x0000000a406fecc0:   00007ffedff17390 000001a6d8d20000
0x0000000a406fecd0:   000001a6c1efd400 00007ffedfdcda3b
0x0000000a406fece0:   000001a6c1efcce0 000001a6c65621b0
0x0000000a406fecf0:   0000e0417224ea5a 00007fff66001910
0x0000000a406fed00:   000001a6c1efd400 000001a6c1efcce0
0x0000000a406fed10:   000001a6c1efcce0 000001a6c1efd410
0x0000000a406fed20:   0000000000000001 0000000000000000
0x0000000a406fed30:   00007fff29974c70 00007ffedfd7a9b4
0x0000000a406fed40:   00005c2cdfe2563c 00007ffedfdcdce1
0x0000000a406fed50:   0000000000000000 0000000000000001
0x0000000a406fed60:   0000000000000001 0000000a406feda0 

Instructions: (pc=0x00007fff1995a0e0)
0x00007fff19959fe0:   44 24 30 8b 85 40 0c 00 00 89 44 24 28 48 8d 45
0x00007fff19959ff0:   f8 48 89 44 24 20 49 8b cd e8 42 56 fe ff 48 8b
0x00007fff1995a000:   cf e8 7a df fb ff 49 8b bd f0 00 00 00 48 83 bf
0x00007fff1995a010:   48 01 00 00 00 74 74 4d 85 ff 74 06 4d 8d 4f 10
0x00007fff1995a020:   eb 03 45 33 c9 c7 45 f0 04 00 00 00 48 c7 44 24
0x00007fff1995a030:   20 00 00 00 00 4c 8b 05 ec 47 3d 00 ba 00 04 00
0x00007fff1995a040:   00 48 8d 8d b0 07 00 00 e8 c3 0d f9 ff 8b 55 f0
0x00007fff1995a050:   48 8b 8f 48 01 00 00 e8 a4 c7 fc ff 85 c0 74 2b
0x00007fff1995a060:   48 8b 9f e8 00 00 00 48 8b cb ff 15 d8 54 1a 00
0x00007fff1995a070:   4c 8b 8f f0 00 00 00 41 b8 04 00 00 00 48 8d 55
0x00007fff1995a080:   f0 48 8d 8d b0 07 00 00 ff d3 90 48 8d 4d f8 e8
0x00007fff1995a090:   1c 9d ff ff 33 c0 48 8b 8d b0 0b 00 00 48 33 cc
0x00007fff1995a0a0:   e8 1b 6e 15 00 48 8b 9c 24 18 0d 00 00 48 81 c4
0x00007fff1995a0b0:   c0 0c 00 00 41 5f 41 5e 41 5d 41 5c 5f 5e 5d c3
0x00007fff1995a0c0:   48 89 5c 24 08 48 89 74 24 10 57 48 83 ec 20 48
0x00007fff1995a0d0:   8b 81 f8 00 00 00 48 8b f9 48 8b b0 f0 03 00 00
0x00007fff1995a0e0:   48 8b 06 48 8b 58 18 48 8b cb ff 15 58 54 1a 00
0x00007fff1995a0f0:   48 8b ce ff d3 48 8b cf e8 b3 bb fc ff 84 c0 75
0x00007fff1995a100:   f4 48 8b 8f d8 00 00 00 8b 9f d0 00 00 00 e8 8d
0x00007fff1995a110:   da 0b 00 4c 8b c0 8b d3 48 8b cf e8 10 bd fc ff
0x00007fff1995a120:   45 33 c0 8b d3 48 8b ce e8 f3 9d f9 ff 48 8b 5c
0x00007fff1995a130:   24 30 33 c0 48 8b 74 24 38 48 83 c4 20 5f c3 cc
0x00007fff1995a140:   48 89 5c 24 18 55 56 57 41 54 41 55 41 56 41 57
0x00007fff1995a150:   48 8d 6c 24 c0 48 81 ec 40 01 00 00 48 8b 05 9d
0x00007fff1995a160:   7d 3d 00 48 33 c4 48 89 45 30 48 8b f2 4c 8b e9
0x00007fff1995a170:   e8 bb d1 fb ff 49 8b 95 f0 00 00 00 48 8b c8 e8
0x00007fff1995a180:   fc d9 fb ff 33 d2 48 8d 4c 24 60 41 b8 d0 00 00
0x00007fff1995a190:   00 4c 8b f8 e8 47 6b 17 00 49 8b 8f 50 02 00 00
0x00007fff1995a1a0:   45 33 e4 48 89 4c 24 70 49 8b 8d f0 00 00 00 4c
0x00007fff1995a1b0:   89 7c 24 60 c7 44 24 68 01 00 00 00 48 c7 44 24
0x00007fff1995a1c0:   78 01 00 00 00 48 c7 45 80 01 00 00 00 48 c7 45
0x00007fff1995a1d0:   88 18 00 00 00 48 c7 45 90 01 00 00 00 48 c7 45 


Stack slot to memory mapping:

stack at sp + 0 slots: 0x000001a6d8ff0000 points into unknown readable memory: 0x0000000000000000 | 00 00 00 00 00 00 00 00
stack at sp + 1 slots: 0x000001a6d8ff0000 points into unknown readable memory: 0x0000000000000000 | 00 00 00 00 00 00 00 00
stack at sp + 2 slots: 0x000000000000007a is an unknown value
stack at sp + 3 slots: 0x000001a6d8ff0000 points into unknown readable memory: 0x0000000000000000 | 00 00 00 00 00 00 00 00
stack at sp + 4 slots: 0x000001a6d76ab560 points into unknown readable memory: 0x00007fff19b26b18 | 18 6b b2 19 ff 7f 00 00
stack at sp + 5 slots: 0x00007fff198e1180 points into unknown readable memory: 0x48ffffffdcb805eb | eb 05 b8 dc ff ff ff 48
stack at sp + 6 slots: 0x00007fff1995a0c0 points into unknown readable memory: 0x74894808245c8948 | 48 89 5c 24 08 48 89 74
stack at sp + 7 slots: 0x00000000ffffffff is an unallocated location in the heap

VM_Operation (0x0000000a420fe740): Exit, mode: safepoint, requested by thread 0x000001a6c663aaf0


---------------  P R O C E S S  ---------------

Threads class SMR info:
_java_thread_list=0x000001a6c612a030, length=18, elements={
0x000001a6c1142250, 0x000001a6c11446c0, 0x000001a6c1146d50, 0x000001a6c11497c0,
0x000001a6c114c9d0, 0x000001a6c114dbd0, 0x000001a6c1151e60, 0x000001a6c116c400,
0x000001a6c12cadf0, 0x000001a6c12d6850, 0x000001a6c662f340, 0x000001a6c6f4c130,
0x000001a6d7379720, 0x000001a6c66390b0, 0x000001a6c6639dd0, 0x000001a6c663aaf0,
0x000001a6c6638a20, 0x000001a6c663b180
}

Java Threads: ( => current thread )
  0x000001a6c1142250 JavaThread "Reference Handler"          daemon [_thread_blocked, id=7028, stack(0x0000000a40700000,0x0000000a40800000) (1024K)]
  0x000001a6c11446c0 JavaThread "Finalizer"                  daemon [_thread_blocked, id=11564, stack(0x0000000a40800000,0x0000000a40900000) (1024K)]
  0x000001a6c1146d50 JavaThread "Signal Dispatcher"          daemon [_thread_blocked, id=6220, stack(0x0000000a40900000,0x0000000a40a00000) (1024K)]
  0x000001a6c11497c0 JavaThread "Attach Listener"            daemon [_thread_blocked, id=15392, stack(0x0000000a40a00000,0x0000000a40b00000) (1024K)]
  0x000001a6c114c9d0 JavaThread "Service Thread"             daemon [_thread_blocked, id=2120, stack(0x0000000a40b00000,0x0000000a40c00000) (1024K)]
  0x000001a6c114dbd0 JavaThread "Monitor Deflation Thread"   daemon [_thread_blocked, id=6232, stack(0x0000000a40c00000,0x0000000a40d00000) (1024K)]
  0x000001a6c1151e60 JavaThread "C2 CompilerThread0"         daemon [_thread_blocked, id=12656, stack(0x0000000a40d00000,0x0000000a40e00000) (1024K)]
  0x000001a6c116c400 JavaThread "C1 CompilerThread0"         daemon [_thread_blocked, id=688, stack(0x0000000a40e00000,0x0000000a40f00000) (1024K)]
  0x000001a6c12cadf0 JavaThread "Notification Thread"        daemon [_thread_blocked, id=7332, stack(0x0000000a40f00000,0x0000000a41000000) (1024K)]
  0x000001a6c12d6850 JavaThread "Common-Cleaner"             daemon [_thread_blocked, id=10328, stack(0x0000000a41000000,0x0000000a41100000) (1024K)]
  0x000001a6c662f340 JavaThread "JavaCPP Deallocator"        daemon [_thread_blocked, id=9556, stack(0x0000000a41500000,0x0000000a41600000) (1024K)]
  0x000001a6c6f4c130 JavaThread "DeallocatorServiceThread_0" daemon [_thread_blocked, id=12520, stack(0x0000000a41b00000,0x0000000a41c00000) (1024K)]
  0x000001a6d7379720 JavaThread "DeallocatorServiceThread_1" daemon [_thread_blocked, id=6312, stack(0x0000000a41c00000,0x0000000a41d00000) (1024K)]
  0x000001a6c66390b0 JavaThread "Java2D Disposer"            daemon [_thread_blocked, id=276, stack(0x0000000a41d00000,0x0000000a41e00000) (1024K)]
  0x000001a6c6639dd0 JavaThread "AWT-Shutdown"                      [_thread_blocked, id=12848, stack(0x0000000a41e00000,0x0000000a41f00000) (1024K)]
  0x000001a6c663aaf0 JavaThread "AWT-EventQueue-0"                  [_thread_blocked, id=6528, stack(0x0000000a42000000,0x0000000a42100000) (1024K)]
  0x000001a6c6638a20 JavaThread "DestroyJavaVM"                     [_thread_blocked, id=5964, stack(0x0000000a3ff00000,0x0000000a40000000) (1024K)]
  0x000001a6c663b180 JavaThread "TimerQueue"                 daemon [_thread_blocked, id=12696, stack(0x0000000a42500000,0x0000000a42600000) (1024K)]
Total: 18

Other Threads:
=>0x000001a6c112ad40 VMThread "VM Thread"                           [id=8940, stack(0x0000000a40600000,0x0000000a40700000) (1024K)]
  0x000001a6db024d60 WorkerThread "GC Thread#0"                     [id=13292, stack(0x0000000a40000000,0x0000000a40100000) (1024K)]
  0x000001a6c1f5e850 WorkerThread "GC Thread#1"                     [id=15988, stack(0x0000000a41200000,0x0000000a41300000) (1024K)]
  0x000001a6c1c45650 WorkerThread "GC Thread#2"                     [id=10196, stack(0x0000000a41300000,0x0000000a41400000) (1024K)]
  0x000001a6c1c45a00 WorkerThread "GC Thread#3"                     [id=11328, stack(0x0000000a41400000,0x0000000a41500000) (1024K)]
  0x000001a6db02f8b0 ConcurrentGCThread "G1 Main Marker"            terminated
  0x000001a6db030d10 WorkerThread "G1 Conc#0"                       [id=12100, stack(0x0000000a40200000,0x0000000a40300000) (1024K)]
  0x000001a6db087a30 ConcurrentGCThread "G1 Refine#0"               terminated
  0x000001a6db0885b0 ConcurrentGCThread "G1 Service"                terminated
Total: 9

Threads with active compile tasks:
Total: 0

VM state: at safepoint (shutting down)

VM Mutex/Monitor currently owned by a thread:  ([mutex/lock_event])
[0x00007fff2994cce8] Threads_lock - owner thread: 0x000001a6c112ad40
[0x00007fff2994cde8] Heap_lock - owner thread: 0x000001a6c663aaf0

Heap address: 0x00000000c2000000, size: 992 MB, Compressed Oops mode: 32-bit

CDS archive(s) mapped at: [0x000001a680000000-0x000001a680d70000-0x000001a680d70000), size 14090240, SharedBaseAddress: 0x000001a680000000, ArchiveRelocationMode: 1.
Compressed class space mapped at: 0x000001a681000000-0x000001a6c1000000, reserved size: 1073741824
Narrow klass base: 0x000001a680000000, Narrow klass shift: 0, Narrow klass range: 0x41000000

GC Precious Log:
 CardTable entry size: 512
 Card Set container configuration: InlinePtr #cards 5 size 8 Array Of Cards #cards 10 size 36 Howl #buckets 4 coarsen threshold 1843 Howl Bitmap #cards 512 size 80 coarsen threshold 460 Card regions per heap region 1 cards per card region 2048
 CPUs: 4 total, 4 available
 Memory: 3961M
 Large Page Support: Disabled
 NUMA Support: Disabled
 Compressed Oops: Enabled (32-bit)
 Heap Region Size: 1M
 Heap Min Capacity: 8M
 Heap Initial Capacity: 62M
 Heap Max Capacity: 992M
 Pre-touch: Disabled
 Parallel Workers: 4
 Concurrent Workers: 1
 Concurrent Refinement Workers: 4
 Periodic GC: Disabled

Heap:
 garbage-first heap   total reserved 1015808K, committed 76800K, used 35072K [0x00000000c2000000, 0x0000000100000000)
  region size 1024K, 4 young (4096K), 1 survivors (1024K)
 Metaspace       used 28286K, committed 28544K, reserved 1114112K
  class space    used 2856K, committed 2944K, reserved 1048576K

Heap Regions: E=young(eden), S=young(survivor), O=old, HS=humongous(starts), HC=humongous(continues), CS=collection set, F=free, TAMS=top-at-mark-start, PB=parsable bottom
|   0|0x00000000c2000000, 0x00000000c2100000, 0x00000000c2100000|100%|HS|  |TAMS 0x00000000c2000000| PB 0x00000000c2000000| Complete |  0
|   1|0x00000000c2100000, 0x00000000c2200000, 0x00000000c2200000|100%|HC|  |TAMS 0x00000000c2100000| PB 0x00000000c2100000| Complete |  0
|   2|0x00000000c2200000, 0x00000000c2300000, 0x00000000c2300000|100%| O|  |TAMS 0x00000000c2200000| PB 0x00000000c2200000| Untracked |  0
|   3|0x00000000c2300000, 0x00000000c2400000, 0x00000000c2400000|100%| O|  |TAMS 0x00000000c2300000| PB 0x00000000c2300000| Untracked |  0
|   4|0x00000000c2400000, 0x00000000c2500000, 0x00000000c2500000|100%| O|  |TAMS 0x00000000c2400000| PB 0x00000000c2400000| Untracked |  0
|   5|0x00000000c2500000, 0x00000000c2600000, 0x00000000c2600000|100%| O|  |TAMS 0x00000000c2500000| PB 0x00000000c2500000| Untracked |  0
|   6|0x00000000c2600000, 0x00000000c2700000, 0x00000000c2700000|100%| O|  |TAMS 0x00000000c2600000| PB 0x00000000c2600000| Untracked |  0
|   7|0x00000000c2700000, 0x00000000c2800000, 0x00000000c2800000|100%| O|  |TAMS 0x00000000c2700000| PB 0x00000000c2700000| Untracked |  0
|   8|0x00000000c2800000, 0x00000000c2900000, 0x00000000c2900000|100%|HS|  |TAMS 0x00000000c2800000| PB 0x00000000c2800000| Complete |  0
|   9|0x00000000c2900000, 0x00000000c2a00000, 0x00000000c2a00000|100%|HS|  |TAMS 0x00000000c2900000| PB 0x00000000c2900000| Complete |  0
|  10|0x00000000c2a00000, 0x00000000c2b00000, 0x00000000c2b00000|100%|HS|  |TAMS 0x00000000c2a00000| PB 0x00000000c2a00000| Complete |  0
|  11|0x00000000c2b00000, 0x00000000c2c00000, 0x00000000c2c00000|100%|HS|  |TAMS 0x00000000c2b00000| PB 0x00000000c2b00000| Complete |  0
|  12|0x00000000c2c00000, 0x00000000c2d00000, 0x00000000c2d00000|100%|HS|  |TAMS 0x00000000c2c00000| PB 0x00000000c2c00000| Complete |  0
|  13|0x00000000c2d00000, 0x00000000c2e00000, 0x00000000c2e00000|100%|HS|  |TAMS 0x00000000c2d00000| PB 0x00000000c2d00000| Complete |  0
|  14|0x00000000c2e00000, 0x00000000c2f00000, 0x00000000c2f00000|100%|HS|  |TAMS 0x00000000c2e00000| PB 0x00000000c2e00000| Complete |  0
|  15|0x00000000c2f00000, 0x00000000c3000000, 0x00000000c3000000|100%|HS|  |TAMS 0x00000000c2f00000| PB 0x00000000c2f00000| Complete |  0
|  16|0x00000000c3000000, 0x00000000c3100000, 0x00000000c3100000|100%| O|  |TAMS 0x00000000c3000000| PB 0x00000000c3000000| Untracked |  0
|  17|0x00000000c3100000, 0x00000000c3200000, 0x00000000c3200000|100%|HS|  |TAMS 0x00000000c3100000| PB 0x00000000c3100000| Complete |  0
|  18|0x00000000c3200000, 0x00000000c3300000, 0x00000000c3300000|100%|HC|  |TAMS 0x00000000c3200000| PB 0x00000000c3200000| Complete |  0
|  19|0x00000000c3300000, 0x00000000c3400000, 0x00000000c3400000|100%|HS|  |TAMS 0x00000000c3300000| PB 0x00000000c3300000| Complete |  0
|  20|0x00000000c3400000, 0x00000000c3500000, 0x00000000c3500000|100%|HS|  |TAMS 0x00000000c3400000| PB 0x00000000c3400000| Complete |  0
|  21|0x00000000c3500000, 0x00000000c3600000, 0x00000000c3600000|100%| O|  |TAMS 0x00000000c3500000| PB 0x00000000c3500000| Untracked |  0
|  22|0x00000000c3600000, 0x00000000c3700000, 0x00000000c3700000|100%| O|  |TAMS 0x00000000c3600000| PB 0x00000000c3600000| Untracked |  0
|  23|0x00000000c3700000, 0x00000000c3800000, 0x00000000c3800000|100%|HS|  |TAMS 0x00000000c3700000| PB 0x00000000c3700000| Complete |  0
|  24|0x00000000c3800000, 0x00000000c3900000, 0x00000000c3900000|100%|HS|  |TAMS 0x00000000c3800000| PB 0x00000000c3800000| Complete |  0
|  25|0x00000000c3900000, 0x00000000c3a00000, 0x00000000c3a00000|100%|HS|  |TAMS 0x00000000c3900000| PB 0x00000000c3900000| Complete |  0
|  26|0x00000000c3a00000, 0x00000000c3b00000, 0x00000000c3b00000|100%| O|  |TAMS 0x00000000c3a00000| PB 0x00000000c3a00000| Untracked |  0
|  27|0x00000000c3b00000, 0x00000000c3c00000, 0x00000000c3c00000|100%|HS|  |TAMS 0x00000000c3b00000| PB 0x00000000c3b00000| Complete |  0
|  28|0x00000000c3c00000, 0x00000000c3d00000, 0x00000000c3d00000|100%|HS|  |TAMS 0x00000000c3c00000| PB 0x00000000c3c00000| Complete |  0
|  29|0x00000000c3d00000, 0x00000000c3e00000, 0x00000000c3e00000|100%|HS|  |TAMS 0x00000000c3d00000| PB 0x00000000c3d00000| Complete |  0
|  30|0x00000000c3e00000, 0x00000000c3e00000, 0x00000000c3f00000|  0%| F|  |TAMS 0x00000000c3e00000| PB 0x00000000c3e00000| Untracked |  0
|  31|0x00000000c3f00000, 0x00000000c3f23450, 0x00000000c4000000| 13%| O|  |TAMS 0x00000000c3f00000| PB 0x00000000c3f00000| Untracked |  0
|  32|0x00000000c4000000, 0x00000000c4100000, 0x00000000c4100000|100%| O|  |TAMS 0x00000000c4000000| PB 0x00000000c4000000| Untracked |  0
|  33|0x00000000c4100000, 0x00000000c4200000, 0x00000000c4200000|100%| O|  |TAMS 0x00000000c4100000| PB 0x00000000c4100000| Untracked |  0
|  34|0x00000000c4200000, 0x00000000c4200000, 0x00000000c4300000|  0%| F|  |TAMS 0x00000000c4200000| PB 0x00000000c4200000| Untracked |  0
|  35|0x00000000c4300000, 0x00000000c4300000, 0x00000000c4400000|  0%| F|  |TAMS 0x00000000c4300000| PB 0x00000000c4300000| Untracked |  0
|  36|0x00000000c4400000, 0x00000000c4400000, 0x00000000c4500000|  0%| F|  |TAMS 0x00000000c4400000| PB 0x00000000c4400000| Untracked |  0
|  37|0x00000000c4500000, 0x00000000c4500000, 0x00000000c4600000|  0%| F|  |TAMS 0x00000000c4500000| PB 0x00000000c4500000| Untracked |  0
|  38|0x00000000c4600000, 0x00000000c4600000, 0x00000000c4700000|  0%| F|  |TAMS 0x00000000c4600000| PB 0x00000000c4600000| Untracked |  0
|  39|0x00000000c4700000, 0x00000000c4700000, 0x00000000c4800000|  0%| F|  |TAMS 0x00000000c4700000| PB 0x00000000c4700000| Untracked |  0
|  40|0x00000000c4800000, 0x00000000c4800000, 0x00000000c4900000|  0%| F|  |TAMS 0x00000000c4800000| PB 0x00000000c4800000| Untracked |  0
|  41|0x00000000c4900000, 0x00000000c4900000, 0x00000000c4a00000|  0%| F|  |TAMS 0x00000000c4900000| PB 0x00000000c4900000| Untracked |  0
|  42|0x00000000c4a00000, 0x00000000c4a00000, 0x00000000c4b00000|  0%| F|  |TAMS 0x00000000c4a00000| PB 0x00000000c4a00000| Untracked |  0
|  43|0x00000000c4b00000, 0x00000000c4b00000, 0x00000000c4c00000|  0%| F|  |TAMS 0x00000000c4b00000| PB 0x00000000c4b00000| Untracked |  0
|  44|0x00000000c4c00000, 0x00000000c4c00000, 0x00000000c4d00000|  0%| F|  |TAMS 0x00000000c4c00000| PB 0x00000000c4c00000| Untracked |  0
|  45|0x00000000c4d00000, 0x00000000c4d00000, 0x00000000c4e00000|  0%| F|  |TAMS 0x00000000c4d00000| PB 0x00000000c4d00000| Untracked |  0
|  46|0x00000000c4e00000, 0x00000000c4e00000, 0x00000000c4f00000|  0%| F|  |TAMS 0x00000000c4e00000| PB 0x00000000c4e00000| Untracked |  0
|  47|0x00000000c4f00000, 0x00000000c4f00000, 0x00000000c5000000|  0%| F|  |TAMS 0x00000000c4f00000| PB 0x00000000c4f00000| Untracked |  0
|  48|0x00000000c5000000, 0x00000000c5000000, 0x00000000c5100000|  0%| F|  |TAMS 0x00000000c5000000| PB 0x00000000c5000000| Untracked |  0
|  49|0x00000000c5100000, 0x00000000c5100000, 0x00000000c5200000|  0%| F|  |TAMS 0x00000000c5100000| PB 0x00000000c5100000| Untracked |  0
|  50|0x00000000c5200000, 0x00000000c5200000, 0x00000000c5300000|  0%| F|  |TAMS 0x00000000c5200000| PB 0x00000000c5200000| Untracked |  0
|  51|0x00000000c5300000, 0x00000000c5300000, 0x00000000c5400000|  0%| F|  |TAMS 0x00000000c5300000| PB 0x00000000c5300000| Untracked |  0
|  52|0x00000000c5400000, 0x00000000c5400000, 0x00000000c5500000|  0%| F|  |TAMS 0x00000000c5400000| PB 0x00000000c5400000| Untracked |  0
|  53|0x00000000c5500000, 0x00000000c5500000, 0x00000000c5600000|  0%| F|  |TAMS 0x00000000c5500000| PB 0x00000000c5500000| Untracked |  0
|  54|0x00000000c5600000, 0x00000000c5600000, 0x00000000c5700000|  0%| F|  |TAMS 0x00000000c5600000| PB 0x00000000c5600000| Untracked |  0
|  55|0x00000000c5700000, 0x00000000c5700000, 0x00000000c5800000|  0%| F|  |TAMS 0x00000000c5700000| PB 0x00000000c5700000| Untracked |  0
|  56|0x00000000c5800000, 0x00000000c5800000, 0x00000000c5900000|  0%| F|  |TAMS 0x00000000c5800000| PB 0x00000000c5800000| Untracked |  0
|  57|0x00000000c5900000, 0x00000000c5900000, 0x00000000c5a00000|  0%| F|  |TAMS 0x00000000c5900000| PB 0x00000000c5900000| Untracked |  0
|  58|0x00000000c5a00000, 0x00000000c5a00000, 0x00000000c5b00000|  0%| F|  |TAMS 0x00000000c5a00000| PB 0x00000000c5a00000| Untracked |  0
|  59|0x00000000c5b00000, 0x00000000c5b00000, 0x00000000c5c00000|  0%| F|  |TAMS 0x00000000c5b00000| PB 0x00000000c5b00000| Untracked |  0
|  60|0x00000000c5c00000, 0x00000000c5c00000, 0x00000000c5d00000|  0%| F|  |TAMS 0x00000000c5c00000| PB 0x00000000c5c00000| Untracked |  0
|  61|0x00000000c5d00000, 0x00000000c5d00000, 0x00000000c5e00000|  0%| F|  |TAMS 0x00000000c5d00000| PB 0x00000000c5d00000| Untracked |  0
|  62|0x00000000c5e00000, 0x00000000c5e00000, 0x00000000c5f00000|  0%| F|  |TAMS 0x00000000c5e00000| PB 0x00000000c5e00000| Untracked |  0
|  63|0x00000000c5f00000, 0x00000000c5f00000, 0x00000000c6000000|  0%| F|  |TAMS 0x00000000c5f00000| PB 0x00000000c5f00000| Untracked |  0
|  64|0x00000000c6000000, 0x00000000c6000000, 0x00000000c6100000|  0%| F|  |TAMS 0x00000000c6000000| PB 0x00000000c6000000| Untracked |  0
|  65|0x00000000c6100000, 0x00000000c6100000, 0x00000000c6200000|  0%| F|  |TAMS 0x00000000c6100000| PB 0x00000000c6100000| Untracked |  0
|  66|0x00000000c6200000, 0x00000000c6200000, 0x00000000c6300000|  0%| F|  |TAMS 0x00000000c6200000| PB 0x00000000c6200000| Untracked |  0
|  67|0x00000000c6300000, 0x00000000c6300000, 0x00000000c6400000|  0%| F|  |TAMS 0x00000000c6300000| PB 0x00000000c6300000| Untracked |  0
|  68|0x00000000c6400000, 0x00000000c6400000, 0x00000000c6500000|  0%| F|  |TAMS 0x00000000c6400000| PB 0x00000000c6400000| Untracked |  0
|  69|0x00000000c6500000, 0x00000000c6500000, 0x00000000c6600000|  0%| F|  |TAMS 0x00000000c6500000| PB 0x00000000c6500000| Untracked |  0
|  70|0x00000000c6600000, 0x00000000c661ce80, 0x00000000c6700000| 11%| S|CS|TAMS 0x00000000c6600000| PB 0x00000000c6600000| Complete |  0
|  71|0x00000000c6700000, 0x00000000c6700000, 0x00000000c6800000|  0%| F|  |TAMS 0x00000000c6700000| PB 0x00000000c6700000| Untracked |  0
|  72|0x00000000c6800000, 0x00000000c6839120, 0x00000000c6900000| 22%| E|  |TAMS 0x00000000c6800000| PB 0x00000000c6800000| Complete |  0
|  73|0x00000000c6900000, 0x00000000c6a00000, 0x00000000c6a00000|100%| E|CS|TAMS 0x00000000c6900000| PB 0x00000000c6900000| Complete |  0
|  74|0x00000000c6a00000, 0x00000000c6b00000, 0x00000000c6b00000|100%| E|CS|TAMS 0x00000000c6a00000| PB 0x00000000c6a00000| Complete |  0

Card table byte_map: [0x000001a6edf00000,0x000001a6ee0f0000] _byte_map_base: 0x000001a6ed8f0000

Marking Bits: (CMBitMap*) 0x000001a6db025470
 Bits: [0x000001a6ee0f0000, 0x000001a6ef070000)

Polling page: 0x000001a6d8f90000

Metaspace:

Usage:
  Non-class:     24.83 MB used.
      Class:      2.79 MB used.
       Both:     27.62 MB used.

Virtual space:
  Non-class space:       64.00 MB reserved,      25.00 MB ( 39%) committed,  1 nodes.
      Class space:        1.00 GB reserved,       2.88 MB ( <1%) committed,  1 nodes.
             Both:        1.06 GB reserved,      27.88 MB (  3%) committed. 

Chunk freelists:
   Non-Class:  6.56 MB
       Class:  13.12 MB
        Both:  19.69 MB

MaxMetaspaceSize: unlimited
CompressedClassSpaceSize: 1.00 GB
Initial GC threshold: 21.00 MB
Current GC threshold: 44.50 MB
CDS: on
 - commit_granule_bytes: 65536.
 - commit_granule_words: 8192.
 - virtual_space_node_default_size: 8388608.
 - enlarge_chunks_in_place: 1.
 - use_allocation_guard: 0.


Internal statistics:

num_allocs_failed_limit: 3.
num_arena_births: 302.
num_arena_deaths: 0.
num_vsnodes_births: 2.
num_vsnodes_deaths: 0.
num_space_committed: 444.
num_space_uncommitted: 0.
num_chunks_returned_to_freelist: 3.
num_chunks_taken_from_freelist: 918.
num_chunk_merges: 3.
num_chunk_splits: 727.
num_chunks_enlarged: 589.
num_inconsistent_stats: 0.

CodeHeap 'non-profiled nmethods': size=120064Kb used=1780Kb max_used=1780Kb free=118283Kb
 bounds [0x000001a6e67d0000, 0x000001a6e6a40000, 0x000001a6edd10000]
CodeHeap 'profiled nmethods': size=120000Kb used=7194Kb max_used=7194Kb free=112805Kb
 bounds [0x000001a6ded10000, 0x000001a6df420000, 0x000001a6e6240000]
CodeHeap 'non-nmethods': size=5696Kb used=2717Kb max_used=2794Kb free=2978Kb
 bounds [0x000001a6e6240000, 0x000001a6e6510000, 0x000001a6e67d0000]
CodeCache: size=245760Kb, used=11691Kb, max_used=11768Kb, free=234066Kb
 total_blobs=5728, nmethods=4157, adapters=1476, full_count=0
Compilation: enabled, stopped_count=0, restarted_count=0

Compilation events (20 events):
Event: 534.490 Thread 0x000001a6c116c400 4223       3       sun.awt.AWTAccessor::getMouseEventAccessor (19 bytes)
Event: 534.491 Thread 0x000001a6c116c400 nmethod 4223 0x000001a6df40fb08 code [0x000001a6df40fca0, 0x000001a6df410118]
Event: 534.492 Thread 0x000001a6c116c400 4224       3       java.awt.event.MouseEvent$1::isCausedByTouchEvent (5 bytes)
Event: 534.492 Thread 0x000001a6c116c400 nmethod 4224 0x000001a6df410188 code [0x000001a6df4102a0, 0x000001a6df4103b8]
Event: 534.492 Thread 0x000001a6c116c400 4225       3       java.awt.Container::processEvent (22 bytes)
Event: 534.493 Thread 0x000001a6c116c400 nmethod 4225 0x000001a6df410488 code [0x000001a6df4105c0, 0x000001a6df4109b0]
Event: 534.493 Thread 0x000001a6c116c400 4226       3       java.awt.Component::processEvent (220 bytes)
Event: 534.496 Thread 0x000001a6c116c400 nmethod 4226 0x000001a6df410a08 code [0x000001a6df410c80, 0x000001a6df4126b0]
Event: 534.514 Thread 0x000001a6c116c400 4227       3       java.awt.event.MouseEvent$1::setCausedByTouchEvent (6 bytes)
Event: 534.514 Thread 0x000001a6c116c400 nmethod 4227 0x000001a6df412788 code [0x000001a6df4128a0, 0x000001a6df4129b8]
Event: 534.514 Thread 0x000001a6c116c400 4228       3       java.awt.AWTEvent::copyPrivateDataInto (57 bytes)
Event: 534.517 Thread 0x000001a6c116c400 nmethod 4228 0x000001a6df412a88 code [0x000001a6df412c60, 0x000001a6df4136e0]
Event: 534.539 Thread 0x000001a6c116c400 4229       3       java.awt.LightweightDispatcher::retargetMouseEvent (372 bytes)
Event: 534.545 Thread 0x000001a6c116c400 nmethod 4229 0x000001a6df413788 code [0x000001a6df413b40, 0x000001a6df416960]
Event: 534.606 Thread 0x000001a6c116c400 4230       1       javax.swing.text.JTextComponent::isEditable (5 bytes)
Event: 534.607 Thread 0x000001a6c116c400 nmethod 4230 0x000001a6e6987408 code [0x000001a6e6987520, 0x000001a6e69875f0]
Event: 534.686 Thread 0x000001a6c1151e60 4231   !   4       sun.awt.PostEventQueue::flush (168 bytes)
Event: 534.894 Thread 0x000001a6c1151e60 nmethod 4231 0x000001a6e6987708 code [0x000001a6e6987c20, 0x000001a6e698ccc8]
Event: 535.939 Thread 0x000001a6c116c400 4232       1       java.util.concurrent.CopyOnWriteArrayList::setArray (6 bytes)
Event: 535.939 Thread 0x000001a6c116c400 nmethod 4232 0x000001a6e698ce88 code [0x000001a6e698cfa0, 0x000001a6e698d0b8]

GC Heap History (20 events):
Event: 154.906 GC heap before
{Heap before GC invocations=155 (full 0):
 garbage-first heap   total reserved 1015808K, committed 76800K, used 34036K [0x00000000c2000000, 0x0000000100000000)
  region size 1024K, 3 young (3072K), 1 survivors (1024K)
 Metaspace       used 28089K, committed 28352K, reserved 1114112K
  class space    used 2855K, committed 2944K, reserved 1048576K
}
Event: 154.907 GC heap after
{Heap after GC invocations=156 (full 0):
 garbage-first heap   total reserved 1015808K, committed 76800K, used 22723K [0x00000000c2000000, 0x0000000100000000)
  region size 1024K, 1 young (1024K), 1 survivors (1024K)
 Metaspace       used 28089K, committed 28352K, reserved 1114112K
  class space    used 2855K, committed 2944K, reserved 1048576K
}
Event: 156.352 GC heap before
{Heap before GC invocations=156 (full 0):
 garbage-first heap   total reserved 1015808K, committed 76800K, used 35011K [0x00000000c2000000, 0x0000000100000000)
  region size 1024K, 4 young (4096K), 1 survivors (1024K)
 Metaspace       used 28094K, committed 28352K, reserved 1114112K
  class space    used 2855K, committed 2944K, reserved 1048576K
}
Event: 156.354 GC heap after
{Heap after GC invocations=157 (full 0):
 garbage-first heap   total reserved 1015808K, committed 76800K, used 28919K [0x00000000c2000000, 0x0000000100000000)
  region size 1024K, 1 young (1024K), 1 survivors (1024K)
 Metaspace       used 28094K, committed 28352K, reserved 1114112K
  class space    used 2855K, committed 2944K, reserved 1048576K
}
Event: 201.330 GC heap before
{Heap before GC invocations=157 (full 0):
 garbage-first heap   total reserved 1015808K, committed 76800K, used 35063K [0x00000000c2000000, 0x0000000100000000)
  region size 1024K, 4 young (4096K), 1 survivors (1024K)
 Metaspace       used 28230K, committed 28480K, reserved 1114112K
  class space    used 2855K, committed 2944K, reserved 1048576K
}
Event: 201.332 GC heap after
{Heap after GC invocations=158 (full 0):
 garbage-first heap   total reserved 1015808K, committed 76800K, used 22736K [0x00000000c2000000, 0x0000000100000000)
  region size 1024K, 1 young (1024K), 1 survivors (1024K)
 Metaspace       used 28230K, committed 28480K, reserved 1114112K
  class space    used 2855K, committed 2944K, reserved 1048576K
}
Event: 202.667 GC heap before
{Heap before GC invocations=158 (full 0):
 garbage-first heap   total reserved 1015808K, committed 76800K, used 35024K [0x00000000c2000000, 0x0000000100000000)
  region size 1024K, 4 young (4096K), 1 survivors (1024K)
 Metaspace       used 28243K, committed 28480K, reserved 1114112K
  class space    used 2855K, committed 2944K, reserved 1048576K
}
Event: 202.668 GC heap after
{Heap after GC invocations=159 (full 0):
 garbage-first heap   total reserved 1015808K, committed 76800K, used 28929K [0x00000000c2000000, 0x0000000100000000)
  region size 1024K, 1 young (1024K), 1 survivors (1024K)
 Metaspace       used 28243K, committed 28480K, reserved 1114112K
  class space    used 2855K, committed 2944K, reserved 1048576K
}
Event: 203.234 GC heap before
{Heap before GC invocations=159 (full 0):
 garbage-first heap   total reserved 1015808K, committed 76800K, used 34049K [0x00000000c2000000, 0x0000000100000000)
  region size 1024K, 3 young (3072K), 1 survivors (1024K)
 Metaspace       used 28243K, committed 28480K, reserved 1114112K
  class space    used 2855K, committed 2944K, reserved 1048576K
}
Event: 203.236 GC heap after
{Heap after GC invocations=160 (full 0):
 garbage-first heap   total reserved 1015808K, committed 76800K, used 22730K [0x00000000c2000000, 0x0000000100000000)
  region size 1024K, 1 young (1024K), 1 survivors (1024K)
 Metaspace       used 28243K, committed 28480K, reserved 1114112K
  class space    used 2855K, committed 2944K, reserved 1048576K
}
Event: 204.663 GC heap before
{Heap before GC invocations=160 (full 0):
 garbage-first heap   total reserved 1015808K, committed 76800K, used 35018K [0x00000000c2000000, 0x0000000100000000)
  region size 1024K, 4 young (4096K), 1 survivors (1024K)
 Metaspace       used 28243K, committed 28480K, reserved 1114112K
  class space    used 2855K, committed 2944K, reserved 1048576K
}
Event: 204.665 GC heap after
{Heap after GC invocations=161 (full 0):
 garbage-first heap   total reserved 1015808K, committed 76800K, used 28925K [0x00000000c2000000, 0x0000000100000000)
  region size 1024K, 1 young (1024K), 1 survivors (1024K)
 Metaspace       used 28243K, committed 28480K, reserved 1114112K
  class space    used 2855K, committed 2944K, reserved 1048576K
}
Event: 205.201 GC heap before
{Heap before GC invocations=161 (full 0):
 garbage-first heap   total reserved 1015808K, committed 76800K, used 34045K [0x00000000c2000000, 0x0000000100000000)
  region size 1024K, 3 young (3072K), 1 survivors (1024K)
 Metaspace       used 28243K, committed 28480K, reserved 1114112K
  class space    used 2855K, committed 2944K, reserved 1048576K
}
Event: 205.204 GC heap after
{Heap after GC invocations=162 (full 0):
 garbage-first heap   total reserved 1015808K, committed 76800K, used 22735K [0x00000000c2000000, 0x0000000100000000)
  region size 1024K, 1 young (1024K), 1 survivors (1024K)
 Metaspace       used 28243K, committed 28480K, reserved 1114112K
  class space    used 2855K, committed 2944K, reserved 1048576K
}
Event: 206.634 GC heap before
{Heap before GC invocations=162 (full 0):
 garbage-first heap   total reserved 1015808K, committed 76800K, used 35023K [0x00000000c2000000, 0x0000000100000000)
  region size 1024K, 4 young (4096K), 1 survivors (1024K)
 Metaspace       used 28243K, committed 28480K, reserved 1114112K
  class space    used 2855K, committed 2944K, reserved 1048576K
}
Event: 206.637 GC heap after
{Heap after GC invocations=163 (full 0):
 garbage-first heap   total reserved 1015808K, committed 76800K, used 28931K [0x00000000c2000000, 0x0000000100000000)
  region size 1024K, 1 young (1024K), 1 survivors (1024K)
 Metaspace       used 28243K, committed 28480K, reserved 1114112K
  class space    used 2855K, committed 2944K, reserved 1048576K
}
Event: 207.212 GC heap before
{Heap before GC invocations=163 (full 0):
 garbage-first heap   total reserved 1015808K, committed 76800K, used 34051K [0x00000000c2000000, 0x0000000100000000)
  region size 1024K, 3 young (3072K), 1 survivors (1024K)
 Metaspace       used 28243K, committed 28480K, reserved 1114112K
  class space    used 2855K, committed 2944K, reserved 1048576K
}
Event: 207.213 GC heap after
{Heap after GC invocations=164 (full 0):
 garbage-first heap   total reserved 1015808K, committed 76800K, used 22730K [0x00000000c2000000, 0x0000000100000000)
  region size 1024K, 1 young (1024K), 1 survivors (1024K)
 Metaspace       used 28243K, committed 28480K, reserved 1114112K
  class space    used 2855K, committed 2944K, reserved 1048576K
}
Event: 208.713 GC heap before
{Heap before GC invocations=164 (full 0):
 garbage-first heap   total reserved 1015808K, committed 76800K, used 35018K [0x00000000c2000000, 0x0000000100000000)
  region size 1024K, 4 young (4096K), 1 survivors (1024K)
 Metaspace       used 28262K, committed 28480K, reserved 1114112K
  class space    used 2855K, committed 2944K, reserved 1048576K
}
Event: 208.715 GC heap after
{Heap after GC invocations=165 (full 0):
 garbage-first heap   total reserved 1015808K, committed 76800K, used 28928K [0x00000000c2000000, 0x0000000100000000)
  region size 1024K, 1 young (1024K), 1 survivors (1024K)
 Metaspace       used 28262K, committed 28480K, reserved 1114112K
  class space    used 2855K, committed 2944K, reserved 1048576K
}

Dll operation events (20 events):
Event: 2.274 Loaded shared library C:\Users\risha\.javacpp\cache\javacpp-1.5.7-windows-x86_64.jar\org\bytedeco\javacpp\windows-x86_64\ucrtbase.dll
Event: 2.293 Loaded shared library C:\Users\risha\.javacpp\cache\javacpp-1.5.7-windows-x86_64.jar\org\bytedeco\javacpp\windows-x86_64\vcruntime140.dll
Event: 2.312 Loaded shared library C:\Users\risha\.javacpp\cache\javacpp-1.5.7-windows-x86_64.jar\org\bytedeco\javacpp\windows-x86_64\vcruntime140_1.dll
Event: 2.333 Loaded shared library C:\Users\risha\.javacpp\cache\javacpp-1.5.7-windows-x86_64.jar\org\bytedeco\javacpp\windows-x86_64\msvcp140.dll
Event: 2.355 Loaded shared library C:\Users\risha\.javacpp\cache\javacpp-1.5.7-windows-x86_64.jar\org\bytedeco\javacpp\windows-x86_64\msvcp140_1.dll
Event: 2.375 Loaded shared library C:\Users\risha\.javacpp\cache\javacpp-1.5.7-windows-x86_64.jar\org\bytedeco\javacpp\windows-x86_64\concrt140.dll
Event: 2.397 Loaded shared library C:\Users\risha\.javacpp\cache\javacpp-1.5.7-windows-x86_64.jar\org\bytedeco\javacpp\windows-x86_64\vcomp140.dll
Event: 2.413 Loaded shared library C:\Users\risha\.javacpp\cache\javacpp-1.5.7-windows-x86_64.jar\org\bytedeco\javacpp\windows-x86_64\jnijavacpp.dll
Event: 2.620 Loaded shared library C:\Users\risha\.javacpp\cache\openblas-0.3.19-1.5.7-windows-x86_64.jar\org\bytedeco\openblas\windows-x86_64\libopenblas_nolapack.dll
Event: 2.658 Loaded shared library C:\Users\risha\.javacpp\cache\openblas-0.3.19-1.5.7-windows-x86_64.jar\org\bytedeco\openblas\windows-x86_64\jniopenblas_nolapack.dll
Event: 2.731 Loaded shared library C:\Users\risha\.javacpp\cache\openblas-0.3.19-1.5.7-windows-x86_64.jar\org\bytedeco\openblas\windows-x86_64\libopenblas.dll
Event: 2.752 Loaded shared library C:\Users\risha\.javacpp\cache\openblas-0.3.19-1.5.7-windows-x86_64.jar\org\bytedeco\openblas\windows-x86_64\jniopenblas.dll
Event: 2.860 Loaded shared library C:\Users\risha\.javacpp\cache\nd4j-native-1.0.0-M2.1-windows-x86_64.jar\org\nd4j\linalg\cpu\nativecpu\bindings\windows-x86_64\libwinpthread-1.dll
Event: 2.935 Loaded shared library C:\Users\risha\.javacpp\cache\nd4j-native-1.0.0-M2.1-windows-x86_64.jar\org\nd4j\linalg\cpu\nativecpu\bindings\windows-x86_64\libgcc_s_seh-1.dll
Event: 3.042 Loaded shared library C:\Users\risha\.javacpp\cache\nd4j-native-1.0.0-M2.1-windows-x86_64.jar\org\nd4j\linalg\cpu\nativecpu\bindings\windows-x86_64\libgomp-1.dll
Event: 3.199 Loaded shared library C:\Users\risha\.javacpp\cache\nd4j-native-1.0.0-M2.1-windows-x86_64.jar\org\nd4j\linalg\cpu\nativecpu\bindings\windows-x86_64\libstdc++-6.dll
Event: 3.330 Loaded shared library C:\Users\risha\.javacpp\cache\nd4j-native-1.0.0-M2.1-windows-x86_64.jar\org\nd4j\linalg\cpu\nativecpu\bindings\windows-x86_64\libnd4jcpu.dll
Event: 3.669 Loaded shared library C:\Users\risha\.javacpp\cache\nd4j-native-1.0.0-M2.1-windows-x86_64.jar\org\nd4j\linalg\cpu\nativecpu\bindings\windows-x86_64\jnind4jcpu.dll
Event: 5.736 Loaded shared library C:\Users\risha\.p2\pool\plugins\org.eclipse.justj.openjdk.hotspot.jre.full.win32.x86_64_23.0.2.v20250131-0604\jre\bin\freetype.dll
Event: 5.738 Loaded shared library C:\Users\risha\.p2\pool\plugins\org.eclipse.justj.openjdk.hotspot.jre.full.win32.x86_64_23.0.2.v20250131-0604\jre\bin\fontmanager.dll

Deoptimization events (20 events):
Event: 211.389 Thread 0x000001a6c663aaf0 Uncommon trap: trap_request=0xffffffde fr.pc=0x000001a6e697078c relative=0x00000000000048ac
Event: 211.390 Thread 0x000001a6c663aaf0 Uncommon trap: reason=class_check action=maybe_recompile pc=0x000001a6e697078c method=java.awt.EventQueue.coalesceEvent(Ljava/awt/AWTEvent;I)Z @ 13 c2
Event: 211.390 Thread 0x000001a6c663aaf0 DEOPT PACKING pc=0x000001a6e697078c sp=0x0000000a420feef0
Event: 211.390 Thread 0x000001a6c663aaf0 DEOPT UNPACKING pc=0x000001a6e6294402 sp=0x0000000a420fed38 mode 2
Event: 518.011 Thread 0x000001a6c663aaf0 Uncommon trap: trap_request=0xffffffde fr.pc=0x000001a6e697078c relative=0x00000000000048ac
Event: 518.011 Thread 0x000001a6c663aaf0 Uncommon trap: reason=class_check action=maybe_recompile pc=0x000001a6e697078c method=java.awt.EventQueue.coalesceEvent(Ljava/awt/AWTEvent;I)Z @ 13 c2
Event: 518.012 Thread 0x000001a6c663aaf0 DEOPT PACKING pc=0x000001a6e697078c sp=0x0000000a420feef0
Event: 518.012 Thread 0x000001a6c663aaf0 DEOPT UNPACKING pc=0x000001a6e6294402 sp=0x0000000a420fed38 mode 2
Event: 518.017 Thread 0x000001a6c663aaf0 Uncommon trap: trap_request=0xffffffde fr.pc=0x000001a6e697078c relative=0x00000000000048ac
Event: 518.017 Thread 0x000001a6c663aaf0 Uncommon trap: reason=class_check action=maybe_recompile pc=0x000001a6e697078c method=java.awt.EventQueue.coalesceEvent(Ljava/awt/AWTEvent;I)Z @ 13 c2
Event: 518.017 Thread 0x000001a6c663aaf0 DEOPT PACKING pc=0x000001a6e697078c sp=0x0000000a420feef0
Event: 518.017 Thread 0x000001a6c663aaf0 DEOPT UNPACKING pc=0x000001a6e6294402 sp=0x0000000a420fed38 mode 2
Event: 529.149 Thread 0x000001a6c663aaf0 Uncommon trap: trap_request=0xffffffde fr.pc=0x000001a6e697078c relative=0x00000000000048ac
Event: 529.149 Thread 0x000001a6c663aaf0 Uncommon trap: reason=class_check action=maybe_recompile pc=0x000001a6e697078c method=java.awt.EventQueue.coalesceEvent(Ljava/awt/AWTEvent;I)Z @ 13 c2
Event: 529.149 Thread 0x000001a6c663aaf0 DEOPT PACKING pc=0x000001a6e697078c sp=0x0000000a420feef0
Event: 529.149 Thread 0x000001a6c663aaf0 DEOPT UNPACKING pc=0x000001a6e6294402 sp=0x0000000a420fed38 mode 2
Event: 535.941 Thread 0x000001a6c1427e40 Uncommon trap: trap_request=0xffffffde fr.pc=0x000001a6e696adc0 relative=0x0000000000000300
Event: 535.941 Thread 0x000001a6c1427e40 Uncommon trap: reason=class_check action=maybe_recompile pc=0x000001a6e696adc0 method=java.util.ArrayList.<init>(Ljava/util/Collection;)V @ 5 c2
Event: 535.941 Thread 0x000001a6c1427e40 DEOPT PACKING pc=0x000001a6e696adc0 sp=0x0000000a3feff0c0
Event: 535.941 Thread 0x000001a6c1427e40 DEOPT UNPACKING pc=0x000001a6e6294402 sp=0x0000000a3feff098 mode 2

Classes loaded (20 events):
Event: 10.631 Loading class sun/awt/image/ByteComponentRaster done
Event: 10.631 Loading class sun/awt/image/ByteInterleavedRaster done
Event: 10.633 Loading class javax/swing/ImageIcon$3
Event: 10.633 Loading class javax/swing/ImageIcon$3 done
Event: 10.633 Loading class java/awt/ImageMediaEntry
Event: 10.633 Loading class java/awt/MediaEntry
Event: 10.633 Loading class java/awt/MediaEntry done
Event: 10.633 Loading class java/awt/ImageMediaEntry done
Event: 10.637 Loading class sun/awt/image/BufImgSurfaceManager
Event: 10.637 Loading class sun/awt/image/BufImgSurfaceManager done
Event: 24.564 Loading class sun/java2d/pipe/ShapeSpanIterator
Event: 24.564 Loading class sun/java2d/pipe/SpanIterator
Event: 24.564 Loading class sun/java2d/pipe/SpanIterator done
Event: 24.564 Loading class sun/awt/geom/PathConsumer2D
Event: 24.565 Loading class sun/awt/geom/PathConsumer2D done
Event: 24.565 Loading class sun/java2d/pipe/ShapeSpanIterator done
Event: 152.779 Loading class java/awt/LightweightDispatcher$2
Event: 152.779 Loading class java/awt/LightweightDispatcher$2 done
Event: 519.048 Loading class java/security/DomainCombiner
Event: 519.048 Loading class java/security/DomainCombiner done

Classes unloaded (0 events):
No events

Classes redefined (0 events):
No events

Internal exceptions (20 events):
Event: 5.213 Thread 0x000001a6d8d65380 Exception <a 'java/lang/NoSuchMethodError'{0x00000000c6422730}: 'void java.lang.invoke.Invokers$Holder.invokeExact_MT(java.lang.Object, java.lang.Object, java.lang.Object, java.lang.Object)'> (0x00000000c6422730) 
thrown [s\src\hotspot\share\interpreter\linkResolver.cpp, line 796]
Event: 5.216 Thread 0x000001a6d8d65380 Exception <a 'java/lang/NoSuchMethodError'{0x00000000c6428e48}: 'void java.lang.invoke.DirectMethodHandle$Holder.invokeVirtual(java.lang.Object, java.lang.Object, double)'> (0x00000000c6428e48) 
thrown [s\src\hotspot\share\interpreter\linkResolver.cpp, line 796]
Event: 5.219 Thread 0x000001a6d8d65380 Exception <a 'java/lang/NoSuchMethodError'{0x00000000c64335d8}: 'double java.lang.invoke.DelegatingMethodHandle$Holder.reinvoke_L(java.lang.Object, java.lang.Object, int)'> (0x00000000c64335d8) 
thrown [s\src\hotspot\share\interpreter\linkResolver.cpp, line 796]
Event: 5.221 Thread 0x000001a6d8d65380 Exception <a 'java/lang/NoSuchMethodError'{0x00000000c643d488}: 'void java.lang.invoke.DelegatingMethodHandle$Holder.reinvoke_L(java.lang.Object, java.lang.Object, double)'> (0x00000000c643d488) 
thrown [s\src\hotspot\share\interpreter\linkResolver.cpp, line 796]
Event: 5.252 Thread 0x000001a6d8d65380 Exception <a 'java/lang/NoSuchMethodError'{0x00000000c64b9a40}: 'java.lang.Object java.lang.invoke.DelegatingMethodHandle$Holder.reinvoke_L(java.lang.Object, double, java.lang.Object, double, double, double)'> (0x00000000c64b9a40) 
thrown [s\src\hotspot\share\interpreter\linkResolver.cpp, line 796]
Event: 5.257 Thread 0x000001a6d8d65380 Exception <a 'java/lang/NoSuchMethodError'{0x00000000c64c8c30}: 'java.lang.Object java.lang.invoke.DirectMethodHandle$Holder.invokeStatic(java.lang.Object, java.lang.Object, int)'> (0x00000000c64c8c30) 
thrown [s\src\hotspot\share\interpreter\linkResolver.cpp, line 796]
Event: 5.259 Thread 0x000001a6d8d65380 Exception <a 'java/lang/NoSuchMethodError'{0x00000000c64d3a80}: 'void java.lang.invoke.DelegatingMethodHandle$Holder.delegate(java.lang.Object, java.lang.Object, int, java.lang.Object)'> (0x00000000c64d3a80) 
thrown [s\src\hotspot\share\interpreter\linkResolver.cpp, line 796]
Event: 5.262 Thread 0x000001a6d8d65380 Exception <a 'java/lang/NoSuchMethodError'{0x00000000c64dcda0}: 'void java.lang.invoke.DirectMethodHandle$Holder.invokeVirtual(java.lang.Object, java.lang.Object, long)'> (0x00000000c64dcda0) 
thrown [s\src\hotspot\share\interpreter\linkResolver.cpp, line 796]
Event: 5.262 Thread 0x000001a6d8d65380 Exception <a 'java/lang/NoSuchMethodError'{0x00000000c64e0818}: 'long java.lang.invoke.DirectMethodHandle$Holder.invokeStatic(java.lang.Object, java.lang.Object, int)'> (0x00000000c64e0818) 
thrown [s\src\hotspot\share\interpreter\linkResolver.cpp, line 796]
Event: 5.264 Thread 0x000001a6d8d65380 Exception <a 'java/lang/NoSuchMethodError'{0x00000000c64eb2d8}: 'void java.lang.invoke.DelegatingMethodHandle$Holder.reinvoke_L(java.lang.Object, java.lang.Object, long)'> (0x00000000c64eb2d8) 
thrown [s\src\hotspot\share\interpreter\linkResolver.cpp, line 796]
Event: 5.359 Thread 0x000001a6d8d65380 Exception <a 'java/lang/NoSuchMethodError'{0x00000000c62b49a8}: 'void java.lang.invoke.DirectMethodHandle$Holder.invokeStatic(java.lang.Object, java.lang.Object, java.lang.Object, java.lang.Object)'> (0x00000000c62b49a8) 
thrown [s\src\hotspot\share\interpreter\linkResolver.cpp, line 796]
Event: 5.510 Thread 0x000001a6c663aaf0 Exception <a 'java/lang/NoSuchMethodError'{0x00000000c6a733b8}: 'java.lang.Object java.lang.invoke.DirectMethodHandle$Holder.invokeStatic(java.lang.Object, int, java.lang.Object)'> (0x00000000c6a733b8) 
thrown [s\src\hotspot\share\interpreter\linkResolver.cpp, line 796]
Event: 5.550 Thread 0x000001a6c663aaf0 Exception <a 'java/lang/ClassNotFoundException'{0x00000000c699bba0}: com/sun/swing/internal/plaf/metal/resources/spi/metalProvider> (0x00000000c699bba0) 
thrown [s\src\hotspot\share\classfile\systemDictionary.cpp, line 313]
Event: 5.552 Thread 0x000001a6c663aaf0 Exception <a 'java/lang/ClassNotFoundException'{0x00000000c699fbb0}: com/sun/swing/internal/plaf/basic/resources/spi/basicProvider> (0x00000000c699fbb0) 
thrown [s\src\hotspot\share\classfile\systemDictionary.cpp, line 313]
Event: 5.568 Thread 0x000001a6c663aaf0 Exception <a 'java/lang/NoSuchMethodError'{0x00000000c69bfef0}: 'int java.lang.invoke.Invokers$Holder.invokeExact_MT(java.lang.Object, java.lang.Object)'> (0x00000000c69bfef0) 
thrown [s\src\hotspot\share\interpreter\linkResolver.cpp, line 796]
Event: 5.727 Thread 0x000001a6c663aaf0 Exception <a 'java/lang/NoSuchMethodError'{0x00000000c6821068}: 'void java.lang.invoke.DirectMethodHandle$Holder.invokeStaticInit(java.lang.Object)'> (0x00000000c6821068) 
thrown [s\src\hotspot\share\interpreter\linkResolver.cpp, line 796]
Event: 5.878 Thread 0x000001a6c663a460 Exception <a 'java/lang/NoSuchMethodError'{0x00000000c6840eb0}: 'void java.lang.invoke.DirectMethodHandle$Holder.invokeVirtual(java.lang.Object, java.lang.Object)'> (0x00000000c6840eb0) 
thrown [s\src\hotspot\share\interpreter\linkResolver.cpp, line 796]
Event: 10.299 Thread 0x000001a6c663b810 Exception <a 'java/lang/NoSuchMethodError'{0x00000000c669c850}: 'java.lang.Object java.lang.invoke.DirectMethodHandle$Holder.invokeStaticInit(java.lang.Object, int, int, int, int)'> (0x00000000c669c850) 
thrown [s\src\hotspot\share\interpreter\linkResolver.cpp, line 796]
Event: 10.347 Thread 0x000001a6c663b810 Exception <a 'java/lang/NoSuchMethodError'{0x00000000c65690e0}: 'java.lang.Object java.lang.invoke.DirectMethodHandle$Holder.invokeStaticInit(java.lang.Object, java.lang.Object, int, int, int, int)'> (0x00000000c65690e0) 
thrown [s\src\hotspot\share\interpreter\linkResolver.cpp, line 796]
Event: 201.324 Thread 0x000001a6c1427120 Implicit null exception at 0x000001a6e693db01 to 0x000001a6e693dc8c

VM Operations (20 events):
Event: 201.332 Executing VM operation: G1TryInitiateConcMark (G1 Humongous Allocation) done
Event: 202.667 Executing VM operation: G1TryInitiateConcMark (G1 Humongous Allocation)
Event: 202.668 Executing VM operation: G1TryInitiateConcMark (G1 Humongous Allocation) done
Event: 203.234 Executing VM operation: G1TryInitiateConcMark (G1 Humongous Allocation)
Event: 203.236 Executing VM operation: G1TryInitiateConcMark (G1 Humongous Allocation) done
Event: 204.663 Executing VM operation: G1TryInitiateConcMark (G1 Humongous Allocation)
Event: 204.665 Executing VM operation: G1TryInitiateConcMark (G1 Humongous Allocation) done
Event: 205.201 Executing VM operation: G1TryInitiateConcMark (G1 Humongous Allocation)
Event: 205.204 Executing VM operation: G1TryInitiateConcMark (G1 Humongous Allocation) done
Event: 206.634 Executing VM operation: G1TryInitiateConcMark (G1 Humongous Allocation)
Event: 206.637 Executing VM operation: G1TryInitiateConcMark (G1 Humongous Allocation) done
Event: 207.212 Executing VM operation: G1TryInitiateConcMark (G1 Humongous Allocation)
Event: 207.213 Executing VM operation: G1TryInitiateConcMark (G1 Humongous Allocation) done
Event: 208.713 Executing VM operation: G1TryInitiateConcMark (G1 Humongous Allocation)
Event: 208.715 Executing VM operation: G1TryInitiateConcMark (G1 Humongous Allocation) done
Event: 240.849 Executing VM operation: HandshakeAllThreads (HandshakeForDeflation)
Event: 240.849 Executing VM operation: HandshakeAllThreads (HandshakeForDeflation) done
Event: 240.849 Executing VM operation: RendezvousGCThreads
Event: 240.849 Executing VM operation: RendezvousGCThreads done
Event: 536.044 Executing VM operation: Exit

Memory protections (0 events):
No events

Nmethod flushes (20 events):
Event: 12.035 Thread 0x000001a6c112ad40 flushing  nmethod 0x000001a6ded29f08
Event: 12.035 Thread 0x000001a6c112ad40 flushing  nmethod 0x000001a6ded2a388
Event: 12.035 Thread 0x000001a6c112ad40 flushing  nmethod 0x000001a6ded2ad08
Event: 12.035 Thread 0x000001a6c112ad40 flushing  nmethod 0x000001a6ded7c688
Event: 12.035 Thread 0x000001a6c112ad40 flushing  nmethod 0x000001a6ded7ca88
Event: 12.035 Thread 0x000001a6c112ad40 flushing  nmethod 0x000001a6ded7d188
Event: 12.035 Thread 0x000001a6c112ad40 flushing  nmethod 0x000001a6ded13688
Event: 12.035 Thread 0x000001a6c112ad40 flushing  nmethod 0x000001a6ded15108
Event: 12.035 Thread 0x000001a6c112ad40 flushing  nmethod 0x000001a6ded16588
Event: 12.035 Thread 0x000001a6c112ad40 flushing  nmethod 0x000001a6ded16888
Event: 12.035 Thread 0x000001a6c112ad40 flushing  nmethod 0x000001a6ded16b88
Event: 12.035 Thread 0x000001a6c112ad40 flushing  nmethod 0x000001a6ded2b488
Event: 12.035 Thread 0x000001a6c112ad40 flushing  nmethod 0x000001a6ded2b788
Event: 12.035 Thread 0x000001a6c112ad40 flushing  nmethod 0x000001a6ded2d088
Event: 12.035 Thread 0x000001a6c112ad40 flushing  nmethod 0x000001a6ded2f888
Event: 12.035 Thread 0x000001a6c112ad40 flushing  nmethod 0x000001a6ded3e708
Event: 12.035 Thread 0x000001a6c112ad40 flushing  nmethod 0x000001a6ded40508
Event: 12.035 Thread 0x000001a6c112ad40 flushing  nmethod 0x000001a6ded41008
Event: 12.035 Thread 0x000001a6c112ad40 flushing  nmethod 0x000001a6ded41308
Event: 12.035 Thread 0x000001a6c112ad40 flushing  nmethod 0x000001a6ded6ef08

Events (20 events):
Event: 4.650 Thread 0x000001a6d7375e80 Thread exited: 0x000001a6d7375e80
Event: 5.414 Thread 0x000001a6d8d65380 Thread added: 0x000001a6c66390b0
Event: 5.417 Thread 0x000001a6d8d65380 Thread added: 0x000001a6c6639dd0
Event: 5.418 Thread 0x000001a6d8d65380 Thread added: 0x000001a6c663a460
Event: 5.435 Thread 0x000001a6d8d65380 Thread added: 0x000001a6c663aaf0
Event: 5.435 Thread 0x000001a6d8d65380 Thread exited: 0x000001a6d8d65380
Event: 5.436 Thread 0x000001a6c6638a20 Thread added: 0x000001a6c6638a20
Event: 5.955 Thread 0x000001a6c663aaf0 Thread added: 0x000001a6c663b180
Event: 7.865 Thread 0x000001a6c663aaf0 Thread added: 0x000001a6c663b810
Event: 157.116 Thread 0x000001a6c663b810 Thread exited: 0x000001a6c663b810
Event: 199.046 Thread 0x000001a6c663aaf0 Thread added: 0x000001a6c1427120
Event: 209.454 Thread 0x000001a6c1427120 Thread exited: 0x000001a6c1427120
Event: 535.940 Thread 0x000001a6c663aaf0 Thread added: 0x000001a6c1427e40
Event: 535.940 Thread 0x000001a6c663aaf0 Thread added: 0x000001a6c1427120
Event: 535.941 Thread 0x000001a6c663aaf0 Thread added: 0x000001a6c14284d0
Event: 535.942 Thread 0x000001a6c1427120 Thread exited: 0x000001a6c1427120
Event: 535.942 Thread 0x000001a6c1427e40 Thread exited: 0x000001a6c1427e40
Event: 535.988 Thread 0x000001a6c663a460 Thread exited: 0x000001a6c663a460
Event: 536.044 Thread 0x000001a6c14284d0 Thread exited: 0x000001a6c14284d0
Event: 536.044 Thread 0x000001a6c663aaf0 Before exit entered


Dynamic libraries:
0x00007ff64edb0000 - 0x00007ff64edbe000 	C:\Users\risha\.p2\pool\plugins\org.eclipse.justj.openjdk.hotspot.jre.full.win32.x86_64_23.0.2.v20250131-0604\jre\bin\javaw.exe
0x00007fff65fb0000 - 0x00007fff661a8000 	C:\WINDOWS\SYSTEM32\ntdll.dll
0x00007fff64bc0000 - 0x00007fff64c82000 	C:\WINDOWS\System32\KERNEL32.DLL
0x00007fff63c10000 - 0x00007fff63f06000 	C:\WINDOWS\System32\KERNELBASE.dll
0x00007fff63890000 - 0x00007fff63990000 	C:\WINDOWS\System32\ucrtbase.dll
0x00007fff5f370000 - 0x00007fff5f387000 	C:\Users\risha\.p2\pool\plugins\org.eclipse.justj.openjdk.hotspot.jre.full.win32.x86_64_23.0.2.v20250131-0604\jre\bin\jli.dll
0x00007fff64990000 - 0x00007fff64b2d000 	C:\WINDOWS\System32\USER32.dll
0x00007fff636f0000 - 0x00007fff63712000 	C:\WINDOWS\System32\win32u.dll
0x00007fff646b0000 - 0x00007fff646db000 	C:\WINDOWS\System32\GDI32.dll
0x00007fff63770000 - 0x00007fff6388a000 	C:\WINDOWS\System32\gdi32full.dll
0x00007fff63af0000 - 0x00007fff63b8d000 	C:\WINDOWS\System32\msvcp_win.dll
0x00007fff53310000 - 0x00007fff5332e000 	C:\Users\risha\.p2\pool\plugins\org.eclipse.justj.openjdk.hotspot.jre.full.win32.x86_64_23.0.2.v20250131-0604\jre\bin\VCRUNTIME140.dll
0x00007fff54330000 - 0x00007fff545ca000 	C:\WINDOWS\WinSxS\amd64_microsoft.windows.common-controls_6595b64144ccf1df_6.0.19041.4355_none_60b8b9eb71f62e16\COMCTL32.dll
0x00007fff65800000 - 0x00007fff6589e000 	C:\WINDOWS\System32\msvcrt.dll
0x00007fff65ac0000 - 0x00007fff65aef000 	C:\WINDOWS\System32\IMM32.DLL
0x00007fff590b0000 - 0x00007fff590bc000 	C:\Users\risha\.p2\pool\plugins\org.eclipse.justj.openjdk.hotspot.jre.full.win32.x86_64_23.0.2.v20250131-0604\jre\bin\vcruntime140_1.dll
0x00007fff2b810000 - 0x00007fff2b89d000 	C:\Users\risha\.p2\pool\plugins\org.eclipse.justj.openjdk.hotspot.jre.full.win32.x86_64_23.0.2.v20250131-0604\jre\bin\msvcp140.dll
0x00007fff28c60000 - 0x00007fff29a2e000 	C:\Users\risha\.p2\pool\plugins\org.eclipse.justj.openjdk.hotspot.jre.full.win32.x86_64_23.0.2.v20250131-0604\jre\bin\server\jvm.dll
0x00007fff646e0000 - 0x00007fff6478f000 	C:\WINDOWS\System32\ADVAPI32.dll
0x00007fff65760000 - 0x00007fff657ff000 	C:\WINDOWS\System32\sechost.dll
0x00007fff647f0000 - 0x00007fff64913000 	C:\WINDOWS\System32\RPCRT4.dll
0x00007fff63fa0000 - 0x00007fff63fc7000 	C:\WINDOWS\System32\bcrypt.dll
0x00007fff64920000 - 0x00007fff6498b000 	C:\WINDOWS\System32\WS2_32.dll
0x00007fff634a0000 - 0x00007fff634eb000 	C:\WINDOWS\SYSTEM32\POWRPROF.dll
0x00007fff52be0000 - 0x00007fff52c07000 	C:\WINDOWS\SYSTEM32\WINMM.dll
0x00007fff545e0000 - 0x00007fff545ea000 	C:\WINDOWS\SYSTEM32\VERSION.dll
0x00007fff633d0000 - 0x00007fff633e2000 	C:\WINDOWS\SYSTEM32\UMPDC.dll
0x00007fff61eb0000 - 0x00007fff61ec2000 	C:\WINDOWS\SYSTEM32\kernel.appcore.dll
0x00007fff5efe0000 - 0x00007fff5efea000 	C:\Users\risha\.p2\pool\plugins\org.eclipse.justj.openjdk.hotspot.jre.full.win32.x86_64_23.0.2.v20250131-0604\jre\bin\jimage.dll
0x00007fff61b70000 - 0x00007fff61d54000 	C:\WINDOWS\SYSTEM32\DBGHELP.DLL
0x00007fff4f150000 - 0x00007fff4f184000 	C:\WINDOWS\SYSTEM32\dbgcore.DLL
0x00007fff63f10000 - 0x00007fff63f92000 	C:\WINDOWS\System32\bcryptPrimitives.dll
0x00007fff50da0000 - 0x00007fff50dbe000 	C:\Users\risha\.p2\pool\plugins\org.eclipse.justj.openjdk.hotspot.jre.full.win32.x86_64_23.0.2.v20250131-0604\jre\bin\java.dll
0x00007fff64550000 - 0x00007fff6467b000 	C:\WINDOWS\System32\ole32.dll
0x00007fff64c90000 - 0x00007fff64fe5000 	C:\WINDOWS\System32\combase.dll
0x00007fff64ff0000 - 0x00007fff6575f000 	C:\WINDOWS\System32\SHELL32.dll
0x00007fff612f0000 - 0x00007fff61a93000 	C:\WINDOWS\SYSTEM32\windows.storage.dll
0x00007fff63000000 - 0x00007fff6302b000 	C:\WINDOWS\SYSTEM32\Wldp.dll
0x00007fff65980000 - 0x00007fff65a4d000 	C:\WINDOWS\System32\OLEAUT32.dll
0x00007fff64300000 - 0x00007fff643ad000 	C:\WINDOWS\System32\SHCORE.dll
0x00007fff65920000 - 0x00007fff65975000 	C:\WINDOWS\System32\shlwapi.dll
0x00007fff63570000 - 0x00007fff63595000 	C:\WINDOWS\SYSTEM32\profapi.dll
0x00007fff4b820000 - 0x00007fff4b837000 	C:\Users\risha\.p2\pool\plugins\org.eclipse.justj.openjdk.hotspot.jre.full.win32.x86_64_23.0.2.v20250131-0604\jre\bin\zip.dll
0x00007fff53030000 - 0x00007fff53040000 	C:\Users\risha\.p2\pool\plugins\org.eclipse.justj.openjdk.hotspot.jre.full.win32.x86_64_23.0.2.v20250131-0604\jre\bin\net.dll
0x00007fff62d00000 - 0x00007fff62d6c000 	C:\WINDOWS\system32\mswsock.dll
0x00007fff40b50000 - 0x00007fff40b66000 	C:\Users\risha\.p2\pool\plugins\org.eclipse.justj.openjdk.hotspot.jre.full.win32.x86_64_23.0.2.v20250131-0604\jre\bin\nio.dll
0x00007fff46dd0000 - 0x00007fff46f5d000 	C:\Users\risha\.p2\pool\plugins\org.eclipse.justj.openjdk.hotspot.jre.full.win32.x86_64_23.0.2.v20250131-0604\jre\bin\awt.dll
0x00007fff5eec0000 - 0x00007fff5ef54000 	C:\WINDOWS\SYSTEM32\apphelp.dll
0x00007ffeddb30000 - 0x00007ffee0d31000 	C:\Users\risha\Downloads\opencv\build\java\x64\opencv_java455.dll
0x00007fff43d80000 - 0x00007fff43f3c000 	C:\WINDOWS\SYSTEM32\MFPlat.DLL
0x00007fff63720000 - 0x00007fff6376e000 	C:\WINDOWS\System32\cfgmgr32.dll
0x00007fff2bc30000 - 0x00007fff2bcb5000 	C:\WINDOWS\SYSTEM32\MF.dll
0x00007fff2a3f0000 - 0x00007fff2a500000 	C:\WINDOWS\SYSTEM32\MFReadWrite.dll
0x00007fff26730000 - 0x00007fff26bbf000 	C:\WINDOWS\SYSTEM32\MFCORE.DLL
0x00007fff63990000 - 0x00007fff63aed000 	C:\WINDOWS\System32\CRYPT32.dll
0x00007fff5f740000 - 0x00007fff5f749000 	C:\WINDOWS\SYSTEM32\ksuser.dll
0x00007fff62ef0000 - 0x00007fff62efc000 	C:\WINDOWS\SYSTEM32\CRYPTBASE.DLL
0x00007fff5c910000 - 0x00007fff5c944000 	C:\WINDOWS\SYSTEM32\RTWorkQ.DLL
0x00007fff601f0000 - 0x00007fff60200000 	C:\Users\risha\.p2\pool\plugins\org.eclipse.justj.openjdk.hotspot.jre.full.win32.x86_64_23.0.2.v20250131-0604\jre\bin\verify.dll
0x000001a6c1fa0000 - 0x000001a6c1fa4000 	C:\Users\risha\.javacpp\cache\javacpp-1.5.7-windows-x86_64.jar\org\bytedeco\javacpp\windows-x86_64\api-ms-win-crt-locale-l1-1-0.dll
0x000001a6c1fb0000 - 0x000001a6c1fb5000 	C:\Users\risha\.javacpp\cache\javacpp-1.5.7-windows-x86_64.jar\org\bytedeco\javacpp\windows-x86_64\api-ms-win-crt-string-l1-1-0.dll
0x000001a6c1fc0000 - 0x000001a6c1fc5000 	C:\Users\risha\.javacpp\cache\javacpp-1.5.7-windows-x86_64.jar\org\bytedeco\javacpp\windows-x86_64\api-ms-win-crt-stdio-l1-1-0.dll
0x000001a6c1fd0000 - 0x000001a6c1fd6000 	C:\Users\risha\.javacpp\cache\javacpp-1.5.7-windows-x86_64.jar\org\bytedeco\javacpp\windows-x86_64\api-ms-win-crt-math-l1-1-0.dll
0x000001a6c1fe0000 - 0x000001a6c1fe4000 	C:\Users\risha\.javacpp\cache\javacpp-1.5.7-windows-x86_64.jar\org\bytedeco\javacpp\windows-x86_64\api-ms-win-crt-heap-l1-1-0.dll
0x000001a6c1ff0000 - 0x000001a6c1ff5000 	C:\Users\risha\.javacpp\cache\javacpp-1.5.7-windows-x86_64.jar\org\bytedeco\javacpp\windows-x86_64\api-ms-win-crt-runtime-l1-1-0.dll
0x000001a6c6fd0000 - 0x000001a6c6fd5000 	C:\Users\risha\.javacpp\cache\javacpp-1.5.7-windows-x86_64.jar\org\bytedeco\javacpp\windows-x86_64\api-ms-win-crt-convert-l1-1-0.dll
0x000001a6c6fe0000 - 0x000001a6c6fe4000 	C:\Users\risha\.javacpp\cache\javacpp-1.5.7-windows-x86_64.jar\org\bytedeco\javacpp\windows-x86_64\api-ms-win-crt-environment-l1-1-0.dll
0x000001a6c6ff0000 - 0x000001a6c6ff4000 	C:\Users\risha\.javacpp\cache\javacpp-1.5.7-windows-x86_64.jar\org\bytedeco\javacpp\windows-x86_64\api-ms-win-crt-time-l1-1-0.dll
0x000001a6c7000000 - 0x000001a6c7004000 	C:\Users\risha\.javacpp\cache\javacpp-1.5.7-windows-x86_64.jar\org\bytedeco\javacpp\windows-x86_64\api-ms-win-crt-filesystem-l1-1-0.dll
0x000001a6c7010000 - 0x000001a6c7014000 	C:\Users\risha\.javacpp\cache\javacpp-1.5.7-windows-x86_64.jar\org\bytedeco\javacpp\windows-x86_64\api-ms-win-crt-utility-l1-1-0.dll
0x000001a6c7020000 - 0x000001a6c7026000 	C:\Users\risha\.javacpp\cache\javacpp-1.5.7-windows-x86_64.jar\org\bytedeco\javacpp\windows-x86_64\api-ms-win-crt-multibyte-l1-1-0.dll
0x000001a6c7030000 - 0x000001a6c7034000 	C:\Users\risha\.javacpp\cache\javacpp-1.5.7-windows-x86_64.jar\org\bytedeco\javacpp\windows-x86_64\api-ms-win-crt-conio-l1-1-0.dll
0x000001a6c7040000 - 0x000001a6c7051000 	C:\Users\risha\.javacpp\cache\javacpp-1.5.7-windows-x86_64.jar\org\bytedeco\javacpp\windows-x86_64\api-ms-win-crt-private-l1-1-0.dll
0x000001a6c7060000 - 0x000001a6c7064000 	C:\Users\risha\.javacpp\cache\javacpp-1.5.7-windows-x86_64.jar\org\bytedeco\javacpp\windows-x86_64\api-ms-win-crt-process-l1-1-0.dll
0x000001a6c7070000 - 0x000001a6c7074000 	C:\Users\risha\.javacpp\cache\javacpp-1.5.7-windows-x86_64.jar\org\bytedeco\javacpp\windows-x86_64\api-ms-win-core-console-l1-2-0.dll
0x000001a6c7080000 - 0x000001a6c7084000 	C:\Users\risha\.javacpp\cache\javacpp-1.5.7-windows-x86_64.jar\org\bytedeco\javacpp\windows-x86_64\api-ms-win-core-string-l1-1-0.dll
0x000001a6c7090000 - 0x000001a6c7094000 	C:\Users\risha\.javacpp\cache\javacpp-1.5.7-windows-x86_64.jar\org\bytedeco\javacpp\windows-x86_64\api-ms-win-core-errorhandling-l1-1-0.dll
0x000001a6c70a0000 - 0x000001a6c70a4000 	C:\Users\risha\.javacpp\cache\javacpp-1.5.7-windows-x86_64.jar\org\bytedeco\javacpp\windows-x86_64\api-ms-win-core-timezone-l1-1-0.dll
0x000001a6c70b0000 - 0x000001a6c70b5000 	C:\Users\risha\.javacpp\cache\javacpp-1.5.7-windows-x86_64.jar\org\bytedeco\javacpp\windows-x86_64\api-ms-win-core-file-l1-1-0.dll
0x000001a6c70c0000 - 0x000001a6c70c4000 	C:\Users\risha\.javacpp\cache\javacpp-1.5.7-windows-x86_64.jar\org\bytedeco\javacpp\windows-x86_64\api-ms-win-core-namedpipe-l1-1-0.dll
0x000001a6c70d0000 - 0x000001a6c70d4000 	C:\Users\risha\.javacpp\cache\javacpp-1.5.7-windows-x86_64.jar\org\bytedeco\javacpp\windows-x86_64\api-ms-win-core-handle-l1-1-0.dll
0x000001a6c70e0000 - 0x000001a6c70e4000 	C:\Users\risha\.javacpp\cache\javacpp-1.5.7-windows-x86_64.jar\org\bytedeco\javacpp\windows-x86_64\api-ms-win-core-file-l2-1-0.dll
0x000001a6c70f0000 - 0x000001a6c70f4000 	C:\Users\risha\.javacpp\cache\javacpp-1.5.7-windows-x86_64.jar\org\bytedeco\javacpp\windows-x86_64\api-ms-win-core-heap-l1-1-0.dll
0x000001a6c7100000 - 0x000001a6c7104000 	C:\Users\risha\.javacpp\cache\javacpp-1.5.7-windows-x86_64.jar\org\bytedeco\javacpp\windows-x86_64\api-ms-win-core-libraryloader-l1-1-0.dll
0x000001a6c7110000 - 0x000001a6c7114000 	C:\Users\risha\.javacpp\cache\javacpp-1.5.7-windows-x86_64.jar\org\bytedeco\javacpp\windows-x86_64\api-ms-win-core-synch-l1-1-0.dll
0x000001a6c7120000 - 0x000001a6c7124000 	C:\Users\risha\.javacpp\cache\javacpp-1.5.7-windows-x86_64.jar\org\bytedeco\javacpp\windows-x86_64\api-ms-win-core-processthreads-l1-1-0.dll
0x000001a6c7130000 - 0x000001a6c7134000 	C:\Users\risha\.javacpp\cache\javacpp-1.5.7-windows-x86_64.jar\org\bytedeco\javacpp\windows-x86_64\api-ms-win-core-processenvironment-l1-1-0.dll
0x000001a6c7140000 - 0x000001a6c7144000 	C:\Users\risha\.javacpp\cache\javacpp-1.5.7-windows-x86_64.jar\org\bytedeco\javacpp\windows-x86_64\api-ms-win-core-datetime-l1-1-0.dll
0x000001a6c7150000 - 0x000001a6c7154000 	C:\Users\risha\.javacpp\cache\javacpp-1.5.7-windows-x86_64.jar\org\bytedeco\javacpp\windows-x86_64\api-ms-win-core-localization-l1-2-0.dll
0x000001a6c7160000 - 0x000001a6c7164000 	C:\Users\risha\.javacpp\cache\javacpp-1.5.7-windows-x86_64.jar\org\bytedeco\javacpp\windows-x86_64\api-ms-win-core-sysinfo-l1-1-0.dll
0x000001a6c7170000 - 0x000001a6c7174000 	C:\Users\risha\.javacpp\cache\javacpp-1.5.7-windows-x86_64.jar\org\bytedeco\javacpp\windows-x86_64\api-ms-win-core-synch-l1-2-0.dll
0x000001a6c7180000 - 0x000001a6c7184000 	C:\Users\risha\.javacpp\cache\javacpp-1.5.7-windows-x86_64.jar\org\bytedeco\javacpp\windows-x86_64\api-ms-win-core-console-l1-1-0.dll
0x000001a6c7190000 - 0x000001a6c7194000 	C:\Users\risha\.javacpp\cache\javacpp-1.5.7-windows-x86_64.jar\org\bytedeco\javacpp\windows-x86_64\api-ms-win-core-debug-l1-1-0.dll
0x000001a6c71a0000 - 0x000001a6c71a4000 	C:\Users\risha\.javacpp\cache\javacpp-1.5.7-windows-x86_64.jar\org\bytedeco\javacpp\windows-x86_64\api-ms-win-core-rtlsupport-l1-1-0.dll
0x000001a6c71b0000 - 0x000001a6c71b4000 	C:\Users\risha\.javacpp\cache\javacpp-1.5.7-windows-x86_64.jar\org\bytedeco\javacpp\windows-x86_64\api-ms-win-core-processthreads-l1-1-1.dll
0x000001a6c71c0000 - 0x000001a6c71c4000 	C:\Users\risha\.javacpp\cache\javacpp-1.5.7-windows-x86_64.jar\org\bytedeco\javacpp\windows-x86_64\api-ms-win-core-file-l1-2-0.dll
0x000001a6c71d0000 - 0x000001a6c71d4000 	C:\Users\risha\.javacpp\cache\javacpp-1.5.7-windows-x86_64.jar\org\bytedeco\javacpp\windows-x86_64\api-ms-win-core-profile-l1-1-0.dll
0x000001a6c71e0000 - 0x000001a6c71e4000 	C:\Users\risha\.javacpp\cache\javacpp-1.5.7-windows-x86_64.jar\org\bytedeco\javacpp\windows-x86_64\api-ms-win-core-memory-l1-1-0.dll
0x000001a6c71f0000 - 0x000001a6c71f4000 	C:\Users\risha\.javacpp\cache\javacpp-1.5.7-windows-x86_64.jar\org\bytedeco\javacpp\windows-x86_64\api-ms-win-core-util-l1-1-0.dll
0x000001a6c7200000 - 0x000001a6c7204000 	C:\Users\risha\.javacpp\cache\javacpp-1.5.7-windows-x86_64.jar\org\bytedeco\javacpp\windows-x86_64\api-ms-win-core-interlocked-l1-1-0.dll
0x00007fff46cb0000 - 0x00007fff46dc1000 	C:\Users\risha\.javacpp\cache\javacpp-1.5.7-windows-x86_64.jar\org\bytedeco\javacpp\windows-x86_64\ucrtbase.dll
0x00007fff5bb00000 - 0x00007fff5bb1b000 	C:\Users\risha\.javacpp\cache\javacpp-1.5.7-windows-x86_64.jar\org\bytedeco\javacpp\windows-x86_64\vcruntime140.dll
0x00007fff5d0e0000 - 0x00007fff5d0ec000 	C:\Users\risha\.javacpp\cache\javacpp-1.5.7-windows-x86_64.jar\org\bytedeco\javacpp\windows-x86_64\vcruntime140_1.dll
0x00007fff46c20000 - 0x00007fff46cad000 	C:\Users\risha\.javacpp\cache\javacpp-1.5.7-windows-x86_64.jar\org\bytedeco\javacpp\windows-x86_64\msvcp140.dll
0x00007fff5ca60000 - 0x00007fff5ca69000 	C:\Users\risha\.javacpp\cache\javacpp-1.5.7-windows-x86_64.jar\org\bytedeco\javacpp\windows-x86_64\msvcp140_1.dll
0x00007fff46bd0000 - 0x00007fff46c1e000 	C:\Users\risha\.javacpp\cache\javacpp-1.5.7-windows-x86_64.jar\org\bytedeco\javacpp\windows-x86_64\concrt140.dll
0x00007fff46b90000 - 0x00007fff46bc1000 	C:\Users\risha\.javacpp\cache\javacpp-1.5.7-windows-x86_64.jar\org\bytedeco\javacpp\windows-x86_64\vcomp140.dll
0x00007fff5ba70000 - 0x00007fff5ba7e000 	C:\Users\risha\.javacpp\cache\javacpp-1.5.7-windows-x86_64.jar\org\bytedeco\javacpp\windows-x86_64\jnijavacpp.dll
0x000000006d7c0000 - 0x000000006f369000 	C:\Users\risha\.javacpp\cache\openblas-0.3.19-1.5.7-windows-x86_64.jar\org\bytedeco\openblas\windows-x86_64\libopenblas_nolapack.dll
0x00007fff46b30000 - 0x00007fff46b8e000 	C:\Users\risha\.javacpp\cache\openblas-0.3.19-1.5.7-windows-x86_64.jar\org\bytedeco\openblas\windows-x86_64\jniopenblas_nolapack.dll
0x0000000000bc0000 - 0x0000000002769000 	C:\Users\risha\.javacpp\cache\openblas-0.3.19-1.5.7-windows-x86_64.jar\org\bytedeco\openblas\windows-x86_64\libopenblas.dll
0x00007fff123d0000 - 0x00007fff13784000 	C:\Users\risha\.javacpp\cache\openblas-0.3.19-1.5.7-windows-x86_64.jar\org\bytedeco\openblas\windows-x86_64\jniopenblas.dll
0x00007fff51050000 - 0x00007fff51066000 	C:\Users\risha\.javacpp\cache\nd4j-native-1.0.0-M2.1-windows-x86_64.jar\org\nd4j\linalg\cpu\nativecpu\bindings\windows-x86_64\libwinpthread-1.dll
0x00007fff471e0000 - 0x00007fff47202000 	C:\Users\risha\.javacpp\cache\nd4j-native-1.0.0-M2.1-windows-x86_64.jar\org\nd4j\linalg\cpu\nativecpu\bindings\windows-x86_64\libgcc_s_seh-1.dll
0x00007fff466d0000 - 0x00007fff46718000 	C:\Users\risha\.javacpp\cache\nd4j-native-1.0.0-M2.1-windows-x86_64.jar\org\nd4j\linalg\cpu\nativecpu\bindings\windows-x86_64\libgomp-1.dll
0x00007fff2a090000 - 0x00007fff2a283000 	C:\Users\risha\.javacpp\cache\nd4j-native-1.0.0-M2.1-windows-x86_64.jar\org\nd4j\linalg\cpu\nativecpu\bindings\windows-x86_64\libstdc++-6.dll
0x00007ffeccd80000 - 0x00007ffeddb2d000 	C:\Users\risha\.javacpp\cache\nd4j-native-1.0.0-M2.1-windows-x86_64.jar\org\nd4j\linalg\cpu\nativecpu\bindings\windows-x86_64\libnd4jcpu.dll
0x00007fff29df0000 - 0x00007fff2a085000 	C:\Users\risha\.javacpp\cache\nd4j-native-1.0.0-M2.1-windows-x86_64.jar\org\nd4j\linalg\cpu\nativecpu\bindings\windows-x86_64\jnind4jcpu.dll
0x00007fff609e0000 - 0x00007fff60a7e000 	C:\WINDOWS\system32\uxtheme.dll
0x00007fff63fd0000 - 0x00007fff640e5000 	C:\WINDOWS\System32\MSCTF.dll
0x00007fff60d10000 - 0x00007fff60d3f000 	C:\WINDOWS\system32\DWMAPI.DLL
0x00007fff4ff80000 - 0x00007fff500a8000 	C:\WINDOWS\system32\opengl32.dll
0x00007fff4ff50000 - 0x00007fff4ff7c000 	C:\WINDOWS\SYSTEM32\GLU32.dll
0x00007fff423b0000 - 0x00007fff42437000 	C:\Users\risha\.p2\pool\plugins\org.eclipse.justj.openjdk.hotspot.jre.full.win32.x86_64_23.0.2.v20250131-0604\jre\bin\freetype.dll
0x00007fff29d10000 - 0x00007fff29de8000 	C:\Users\risha\.p2\pool\plugins\org.eclipse.justj.openjdk.hotspot.jre.full.win32.x86_64_23.0.2.v20250131-0604\jre\bin\fontmanager.dll
0x00007fff64490000 - 0x00007fff64539000 	C:\WINDOWS\System32\clbcatq.dll
0x00007fff604a0000 - 0x00007fff60654000 	C:\WINDOWS\SYSTEM32\WindowsCodecs.dll
0x00007fff51a40000 - 0x00007fff51a7e000 	C:\WINDOWS\system32\dataexchange.dll

dbghelp: loaded successfully - version: 4.0.5 - missing functions: none
symbol engine: initialized successfully - sym options: 0x614 - pdb path: .;C:\Users\risha\.p2\pool\plugins\org.eclipse.justj.openjdk.hotspot.jre.full.win32.x86_64_23.0.2.v20250131-0604\jre\bin;C:\WINDOWS\SYSTEM32;C:\WINDOWS\WinSxS\amd64_microsoft.windows.common-controls_6595b64144ccf1df_6.0.19041.4355_none_60b8b9eb71f62e16;C:\Users\risha\.p2\pool\plugins\org.eclipse.justj.openjdk.hotspot.jre.full.win32.x86_64_23.0.2.v20250131-0604\jre\bin\server;C:\Users\risha\Downloads\opencv\build\java\x64;C:\Users\risha\.javacpp\cache\javacpp-1.5.7-windows-x86_64.jar\org\bytedeco\javacpp\windows-x86_64;C:\Users\risha\.javacpp\cache\openblas-0.3.19-1.5.7-windows-x86_64.jar\org\bytedeco\openblas\windows-x86_64;C:\Users\risha\.javacpp\cache\nd4j-native-1.0.0-M2.1-windows-x86_64.jar\org\nd4j\linalg\cpu\nativecpu\bindings\windows-x86_64;C:\Program Files\Intel\Media SDK;C:\WINDOWS\System32\DriverStore\FileRepository\k127153.inf_amd64_3f3936d8dec668b8;C:\Program Files (x86)\Common Files\Intel\OpenCL\bin\x64

VM Arguments:
jvm_args: -Djava.library.path=C:\Users\risha\Downloads\opencv\build\java\x64 -Dfile.encoding=UTF-8 -Dstdout.encoding=UTF-8 -Dstderr.encoding=UTF-8 -XX:+ShowCodeDetailsInExceptionMessages 
java_command: com.attendance.FaceAttendanceApp
java_class_path (initial): C:\Users\risha\Desktop\Hello\FaceAttendence24\target\classes;C:\Users\risha\Downloads\opencv\build\java\opencv-455.jar;C:\Users\risha\.m2\repository\org\deeplearning4j\deeplearning4j-core\1.0.0-M2.1\deeplearning4j-core-1.0.0-M2.1.jar;C:\Users\risha\.m2\repository\com\sun\activation\javax.activation\1.2.0\javax.activation-1.2.0.jar;C:\Users\risha\.m2\repository\org\deeplearning4j\deeplearning4j-datasets\1.0.0-M2.1\deeplearning4j-datasets-1.0.0-M2.1.jar;C:\Users\risha\.m2\repository\org\deeplearning4j\resources\1.0.0-M2.1\resources-1.0.0-M2.1.jar;C:\Users\risha\.m2\repository\org\deeplearning4j\deeplearning4j-datavec-iterators\1.0.0-M2.1\deeplearning4j-datavec-iterators-1.0.0-M2.1.jar;C:\Users\risha\.m2\repository\org\deeplearning4j\deeplearning4j-modelimport\1.0.0-M2.1\deeplearning4j-modelimport-1.0.0-M2.1.jar;C:\Users\risha\.m2\repository\com\google\code\gson\gson\2.8.0\gson-2.8.0.jar;C:\Users\risha\.m2\repository\org\bytedeco\javacpp\1.5.7\javacpp-1.5.7.jar;C:\Users\risha\.m2\repository\org\bytedeco\hdf5-platform\1.12.1-1.5.7\hdf5-platform-1.12.1-1.5.7.jar;C:\Users\risha\.m2\repository\org\bytedeco\hdf5\1.12.1-1.5.7\hdf5-1.12.1-1.5.7.jar;C:\Users\risha\.m2\repository\org\bytedeco\hdf5\1.12.1-1.5.7\hdf5-1.12.1-1.5.7-linux-x86.jar;C:\Users\risha\.m2\repository\org\bytedeco\hdf5\1.12.1-1.5.7\hdf5-1.12.1-1.5.7-linux-x86_64.jar;C:\Users\risha\.m2\repository\org\bytedeco\hdf5\1.12.1-1.5.7\hdf5-1.12.1-1.5.7-linux-armhf.jar;C:\Users\risha\.m2\repository\org\bytedeco\hdf5\1.12.1-1.5.7\hdf5-1.12.1-1.5.7-linux-arm64.jar;C:\Users\risha\.m2\repository\org\bytedeco\hdf5\1.12.1-1.5.7\hdf5-1.12.1-1.5.7-linux-ppc64le.jar;C:\Users\risha\.m2\repository\org\bytedeco\hdf5\1.12.1-1.5.7\hdf5-1.12.1-1.5.7-macosx-x86_64.jar;C:\Users\risha\.m2\repository\org\bytedeco\hdf5\1.12.1-1.5.7\hdf5-1.12.1-1.5.7-windows-x86.jar;C:\Users\risha\.m2\repository\org\bytedeco\hdf5\1.12.1-1.5.7\hdf5-1.12.1-1.5.7-windows-x86_64.jar;C:\Users\risha\.m2\repository\org\slf4j\slf4j-api\1.7.21\slf4j-api-1.7.21.jar;C:\Users\risha\.m2\repository\org\deeplearning4j\deeplearning4j-nn\1.0.0-M2.1\deeplearning4j-nn-1.0.0-M2.1.jar;C:\Users\risha\.m2\repository\org\deeplearning4j\deeplearning4j-utility-iterators\1.0.0-M2.1\deeplearning4j-utility-iterators-1.0.0-M2.1.jar;C:\Users\risha\.m2\repository\org\nd4j\nd4j-native-api\1.0.0-M2.1\nd4j-native-api-1.0.0-M2.1.jar;C:\Users\risha\.m2\repository\org\nd4j\nd4j-common\1.0.0-M2.1\nd4j-common-1.0.0-M2.1.jar;C:\Users\risha\.m2\repository\org\nd4j\guava\1.0.0-M2.1\guava-1.0.0-M2.1.jar;C:\Users\risha\.m2\repository\it\unimi\dsi\fastutil\6.5.7\fastutil-6.5.7.jar;C:\Users\risha\.m2\repository\org\apache\commons\commons-math3\3.5\commons-math3-3.5.jar;C:\Users\risha\.m2\repository\commons-io\commons-io\2.7\commons-io-2.7.jar;C:\Users\risha\.m2\repository\org\apache\commons\commons-compress\1.21\commons-compress-1.21.jar;C:\Users\risha\.m2\repository\org\nd4j\nd4j-api\1.0.0-M2.1\nd4j-api-1.0.0-M2.1.jar;C:\Users\risha\.m2\repository\com\jakewharton\byteunits\byteunits\0.9.1\byteunits-0.9.1.jar;C:\Users\risha\.m2\repository\org\apache\commons\commons-collections4\4.1\commons-collections4-4.1.jar;C:\Users\risha\.m2\repository\com\google\flatbuffers\flatbuffers-java\1.12.0\flatbuffers-java-1.12.0.jar;C:\Users\risha\.m2\repository\org\nd4j\protobuf\1.0.0-M2.1\protobuf-1.0.0-M2.1.jar;C:\Users\risha\.m2\repository\commons-net\commons-net\3.1\commons-net-3.1.jar;C:\Users\risha\.m2\repository\net\ericaro\neoitertools\1.0.0\neoitertools-1.0.0.jar;C:\Users\risha\.m2\repository\org\apache\commons\commons-lang3\3.11\commons-lang3-3.11.jar;C:\Users\risha\.m2\repository\org\nd4j\jackson\1.0.0-M2.1\jackson-1.0.0-M2.1.jar;C:\Users\risha\.m2\repository\org\datavec\datavec-api\1.0.0-M2.1\datavec-api-1.0.0-M2.1.jar;C:\Users\risha\.m2\repository\commons-codec\commons-codec\1.10\commons-codec-1.10.jar;C:\Users\risha\.m2\repository\joda-time\joda-time\2.2\joda-time-2.2.jar;C:\Users\risha\.m2\repository\org\freemarker\freemarker\2.3.23\freemarker-2.3.23.jar;C:\Users\risha\.m2\repository\com\clearspring\analytics\stream\2.9.8\stream-2.9.8.jar;C:\Users\risha\.m2\repository\net\sf\opencsv\opencsv\2.3\opencsv-2.3.jar;C:\Users\risha\.m2\repository\com\tdunning\t-digest\3.2\t-digest-3.2.jar;C:\Users\risha\.m2\repository\org\datavec\datavec-data-image\1.0.0-M2.1\datavec-data-image-1.0.0-M2.1.jar;C:\Users\risha\.m2\repository\com\github\jai-imageio\jai-imageio-core\1.3.0\jai-imageio-core-1.3.0.jar;C:\Users\risha\.m2\repository\com\twelvemonkeys\imageio\imageio-jpeg\3.1.1\imageio-jpeg-3.1.1.jar;C:\Users\risha\.m2\repository\com\twelvemonkeys\imageio\imageio-core\3.1.1\imageio-core-3.1.1.jar;C:\Users\risha\.m2\repository\com\twelvemonkeys\imageio\imageio-metadata\3.1.1\imageio-metadata-3.1.1.jar;C:\Users\risha\.m2\repository\com\twelvemonkeys\common\common-lang\3.1.1\common-lang-3.1.1.jar;C:\Users\risha\.m2\repository\com\twelvemonkeys\common\common-io\3.1.1\common-io-3.1.1.jar;C:\Users\risha\.m2\repository\com\twelvemonkeys\common\common-image\3.1.1\common-image-3.1.1.jar;C:\Users\risha\.m2\repository\com\twelvemonkeys\imageio\imageio-tiff\3.1.1\imageio-tiff-3.1.1.jar;C:\Users\risha\.m2\repository\com\twelvemonkeys\imageio\imageio-psd\3.1.1\imageio-psd-3.1.1.jar;C:\Users\risha\.m2\repository\com\twelvemonkeys\imageio\imageio-bmp\3.1.1\imageio-bmp-3.1.1.jar;C:\Users\risha\.m2\repository\org\bytedeco\javacv\1.5.7\javacv-1.5.7.jar;C:\Users\risha\.m2\repository\org\bytedeco\ffmpeg\5.0-1.5.7\ffmpeg-5.0-1.5.7.jar;C:\Users\risha\.m2\repository\org\bytedeco\flycapture\2.13.3.31-1.5.7\flycapture-2.13.3.31-1.5.7.jar;C:\Users\risha\.m2\repository\org\bytedeco\libdc1394\2.2.6-1.5.7\libdc1394-2.2.6-1.5.7.jar;C:\Users\risha\.m2\repository\org\bytedeco\libfreenect\0.5.7-1.5.7\libfreenect-0.5.7-1.5.7.jar;C:\Users\risha\.m2\repository\org\bytedeco\libfreenect2\0.2.0-1.5.7\libfreenect2-0.2.0-1.5.7.jar;C:\Users\risha\.m2\repository\org\bytedeco\librealsense\1.12.4-1.5.7\librealsense-1.12.4-1.5.7.jar;C:\Users\risha\.m2\repository\org\bytedeco\librealsense2\2.50.0-1.5.7\librealsense2-2.50.0-1.5.7.jar;C:\Users\risha\.m2\repository\org\bytedeco\videoinput\0.200-1.5.7\videoinput-0.200-1.5.7.jar;C:\Users\risha\.m2\repository\org\bytedeco\artoolkitplus\2.3.1-1.5.7\artoolkitplus-2.3.1-1.5.7.jar;C:\Users\risha\.m2\repository\org\bytedeco\flandmark\1.07-1.5.7\flandmark-1.07-1.5.7.jar;C:\Users\risha\.m2\repository\org\bytedeco\leptonica\1.82.0-1.5.7\leptonica-1.82.0-1.5.7.jar;C:\Users\risha\.m2\repository\org\bytedeco\tesseract\5.0.1-1.5.7\tesseract-5.0.1-1.5.7.jar;C:\Users\risha\.m2\repository\org\bytedeco\leptonica-platform\1.82.0-1.5.7\leptonica-platform-1.82.0-1.5.7.jar;C:\Users\risha\.m2\repository\org\bytedeco\leptonica\1.82.0-1.5.7\leptonica-1.82.0-1.5.7-android-arm.jar;C:\Users\risha\.m2\repository\org\bytedeco\leptonica\1.82.0-1.5.7\leptonica-1.82.0-1.5.7-android-arm64.jar;C:\Users\risha\.m2\repository\org\bytedeco\leptonica\1.82.0-1.5.7\leptonica-1.82.0-1.5.7-android-x86.jar;C:\Users\risha\.m2\repository\org\bytedeco\leptonica\1.82.0-1.5.7\leptonica-1.82.0-1.5.7-android-x86_64.jar;C:\Users\risha\.m2\repository\org\bytedeco\leptonica\1.82.0-1.5.7\leptonica-1.82.0-1.5.7-linux-x86.jar;C:\Users\risha\.m2\repository\org\bytedeco\leptonica\1.82.0-1.5.7\leptonica-1.82.0-1.5.7-linux-x86_64.jar;C:\Users\risha\.m2\repository\org\bytedeco\leptonica\1.82.0-1.5.7\leptonica-1.82.0-1.5.7-linux-armhf.jar;C:\Users\risha\.m2\repository\org\bytedeco\leptonica\1.82.0-1.5.7\leptonica-1.82.0-1.5.7-linux-arm64.jar;C:\Users\risha\.m2\repository\org\bytedeco\leptonica\1.82.0-1.5.7\leptonica-1.82.0-1.5.7-linux-ppc64le.jar;C:\Users\risha\.m2\repository\org\bytedeco\leptonica\1.82.0-1.5.7\leptonica-1.82.0-1.5.7-macosx-x86_64.jar;C:\Users\risha\.m2\repository\org\bytedeco\leptonica\1.82.0-1.5.7\leptonica-1.82.0-1.5.7-windows-x86.jar;C:\Users\risha\.m2\repository\org\bytedeco\leptonica\1.82.0-1.5.7\leptonica-1.82.0-1.5.7-windows-x86_64.jar;C:\Users\risha\.m2\repository\org\bytedeco\ffmpeg-platform\5.0-1.5.7\ffmpeg-platform-5.0-1.5.7.jar;C:\Users\risha\.m2\repository\org\bytedeco\ffmpeg\5.0-1.5.7\ffmpeg-5.0-1.5.7-android-arm.jar;C:\Users\risha\.m2\repository\org\bytedeco\ffmpeg\5.0-1.5.7\ffmpeg-5.0-1.5.7-android-arm64.jar;C:\Users\risha\.m2\repository\org\bytedeco\ffmpeg\5.0-1.5.7\ffmpeg-5.0-1.5.7-android-x86.jar;C:\Users\risha\.m2\repository\org\bytedeco\ffmpeg\5.0-1.5.7\ffmpeg-5.0-1.5.7-android-x86_64.jar;C:\Users\risha\.m2\repository\org\bytedeco\ffmpeg\5.0-1.5.7\ffmpeg-5.0-1.5.7-linux-x86.jar;C:\Users\risha\.m2\repository\org\bytedeco\ffmpeg\5.0-1.5.7\ffmpeg-5.0-1.5.7-linux-x86_64.jar;C:\Users\risha\.m2\repository\org\bytedeco\ffmpeg\5.0-1.5.7\ffmpeg-5.0-1.5.7-linux-armhf.jar;C:\Users\risha\.m2\repository\org\bytedeco\ffmpeg\5.0-1.5.7\ffmpeg-5.0-1.5.7-linux-arm64.jar;C:\Users\risha\.m2\repository\org\bytedeco\ffmpeg\5.0-1.5.7\ffmpeg-5.0-1.5.7-linux-ppc64le.jar;C:\Users\risha\.m2\repository\org\bytedeco\ffmpeg\5.0-1.5.7\ffmpeg-5.0-1.5.7-macosx-arm64.jar;C:\Users\risha\.m2\repository\org\bytedeco\ffmpeg\5.0-1.5.7\ffmpeg-5.0-1.5.7-macosx-x86_64.jar;C:\Users\risha\.m2\repository\org\bytedeco\ffmpeg\5.0-1.5.7\ffmpeg-5.0-1.5.7-windows-x86.jar;C:\Users\risha\.m2\repository\org\bytedeco\ffmpeg\5.0-1.5.7\ffmpeg-5.0-1.5.7-windows-x86_64.jar;C:\Users\risha\.m2\repository\org\deeplearning4j\deeplearning4j-ui-components\1.0.0-M2.1\deeplearning4j-ui-components-1.0.0-M2.1.jar;C:\Users\risha\.m2\repository\com\github\oshi\oshi-json\3.4.2\oshi-json-3.4.2.jar;C:\Users\risha\.m2\repository\org\glassfish\javax.json\1.0.4\javax.json-1.0.4.jar;C:\Users\risha\.m2\repository\com\github\oshi\oshi-core\3.4.2\oshi-core-3.4.2.jar;C:\Users\risha\.m2\repository\net\java\dev\jna\jna-platform\4.3.0\jna-platform-4.3.0.jar;C:\Users\risha\.m2\repository\net\java\dev\jna\jna\4.3.0\jna-4.3.0.jar;C:\Users\risha\.m2\repository\org\threeten\threetenbp\1.3.3\threetenbp-1.3.3.jar;C:\Users\risha\.m2\repository\org\nd4j\nd4j-native-platform\1.0.0-M2.1\nd4j-native-platform-1.0.0-M2.1.jar;C:\Users\risha\.m2\repository\org\bytedeco\openblas-platform\0.3.19-1.5.7\openblas-platform-0.3.19-1.5.7.jar;C:\Users\risha\.m2\repository\org\bytedeco\javacpp-platform\1.5.7\javacpp-platform-1.5.7.jar;C:\Users\risha\.m2\repository\org\bytedeco\javacpp\1.5.7\javacpp-1.5.7-android-arm.jar;C:\Users\risha\.m2\repository\org\bytedeco\javacpp\1.5.7\javacpp-1.5.7-android-arm64.jar;C:\Users\risha\.m2\repository\org\bytedeco\javacpp\1.5.7\javacpp-1.5.7-android-x86.jar;C:\Users\risha\.m2\repository\org\bytedeco\javacpp\1.5.7\javacpp-1.5.7-android-x86_64.jar;C:\Users\risha\.m2\repository\org\bytedeco\javacpp\1.5.7\javacpp-1.5.7-ios-arm64.jar;C:\Users\risha\.m2\repository\org\bytedeco\javacpp\1.5.7\javacpp-1.5.7-ios-x86_64.jar;C:\Users\risha\.m2\repository\org\bytedeco\javacpp\1.5.7\javacpp-1.5.7-linux-armhf.jar;C:\Users\risha\.m2\repository\org\bytedeco\javacpp\1.5.7\javacpp-1.5.7-linux-arm64.jar;C:\Users\risha\.m2\repository\org\bytedeco\javacpp\1.5.7\javacpp-1.5.7-linux-ppc64le.jar;C:\Users\risha\.m2\repository\org\bytedeco\javacpp\1.5.7\javacpp-1.5.7-linux-x86.jar;C:\Users\risha\.m2\repository\org\bytedeco\javacpp\1.5.7\javacpp-1.5.7-linux-x86_64.jar;C:\Users\risha\.m2\repository\org\bytedeco\javacpp\1.5.7\javacpp-1.5.7-macosx-arm64.jar;C:\Users\risha\.m2\repository\org\bytedeco\javacpp\1.5.7\javacpp-1.5.7-macosx-x86_64.jar;C:\Users\risha\.m2\repository\org\bytedeco\javacpp\1.5.7\javacpp-1.5.7-windows-x86.jar;C:\Users\risha\.m2\repository\org\bytedeco\openblas\0.3.19-1.5.7\openblas-0.3.19-1.5.7.jar;C:\Users\risha\.m2\repository\org\bytedeco\openblas\0.3.19-1.5.7\openblas-0.3.19-1.5.7-android-arm.jar;C:\Users\risha\.m2\repository\org\bytedeco\openblas\0.3.19-1.5.7\openblas-0.3.19-1.5.7-android-arm64.jar;C:\Users\risha\.m2\repository\org\bytedeco\openblas\0.3.19-1.5.7\openblas-0.3.19-1.5.7-android-x86.jar;C:\Users\risha\.m2\repository\org\bytedeco\openblas\0.3.19-1.5.7\openblas-0.3.19-1.5.7-android-x86_64.jar;C:\Users\risha\.m2\repository\org\bytedeco\openblas\0.3.19-1.5.7\openblas-0.3.19-1.5.7-ios-arm64.jar;C:\Users\risha\.m2\repository\org\bytedeco\openblas\0.3.19-1.5.7\openblas-0.3.19-1.5.7-ios-x86_64.jar;C:\Users\risha\.m2\repository\org\bytedeco\openblas\0.3.19-1.5.7\openblas-0.3.19-1.5.7-linux-x86.jar;C:\Users\risha\.m2\repository\org\bytedeco\openblas\0.3.19-1.5.7\openblas-0.3.19-1.5.7-linux-x86_64.jar;C:\Users\risha\.m2\repository\org\bytedeco\openblas\0.3.19-1.5.7\openblas-0.3.19-1.5.7-linux-armhf.jar;C:\Users\risha\.m2\repository\org\bytedeco\openblas\0.3.19-1.5.7\openblas-0.3.19-1.5.7-linux-arm64.jar;C:\Users\risha\.m2\repository\org\bytedeco\openblas\0.3.19-1.5.7\openblas-0.3.19-1.5.7-linux-ppc64le.jar;C:\Users\risha\.m2\repository\org\bytedeco\openblas\0.3.19-1.5.7\openblas-0.3.19-1.5.7-macosx-arm64.jar;C:\Users\risha\.m2\repository\org\bytedeco\openblas\0.3.19-1.5.7\openblas-0.3.19-1.5.7-macosx-x86_64.jar;C:\Users\risha\.m2\repository\org\bytedeco\openblas\0.3.19-1.5.7\openblas-0.3.19-1.5.7-windows-x86.jar;C:\Users\risha\.m2\repository\org\bytedeco\openblas\0.3.19-1.5.7\openblas-0.3.19-1.5.7-windows-x86_64.jar;C:\Users\risha\.m2\repository\org\bytedeco\mkl-platform\2022.0-1.5.7\mkl-platform-2022.0-1.5.7.jar;C:\Users\risha\.m2\repository\org\bytedeco\mkl\2022.0-1.5.7\mkl-2022.0-1.5.7.jar;C:\Users\risha\.m2\repository\org\bytedeco\mkl\2022.0-1.5.7\mkl-2022.0-1.5.7-linux-x86.jar;C:\Users\risha\.m2\repository\org\bytedeco\mkl\2022.0-1.5.7\mkl-2022.0-1.5.7-linux-x86_64.jar;C:\Users\risha\.m2\repository\org\bytedeco\mkl\2022.0-1.5.7\mkl-2022.0-1.5.7-macosx-x86_64.jar;C:\Users\risha\.m2\repository\org\bytedeco\mkl\2022.0-1.5.7\mkl-2022.0-1.5.7-windows-x86.jar;C:\Users\risha\.m2\repository\org\bytedeco\mkl\2022.0-1.5.7\mkl-2022.0-1.5.7-windows-x86_64.jar;C:\Users\risha\.m2\repository\org\nd4j\nd4j-native\1.0.0-M2.1\nd4j-native-1.0.0-M2.1.jar;C:\Users\risha\.m2\repository\org\nd4j\nd4j-native-preset\1.0.0-M2.1\nd4j-native-preset-1.0.0-M2.1.jar;C:\Users\risha\.m2\repository\org\nd4j\nd4j-presets-common\1.0.0-M2.1\nd4j-presets-common-1.0.0-M2.1.jar;C:\Users\risha\.m2\repository\org\nd4j\nd4j-native-preset\1.0.0-M2.1\nd4j-native-preset-1.0.0-M2.1-windows-x86_64.jar;C:\Users\risha\.m2\repository\org\bytedeco\javacpp\1.5.7\javacpp-1.5.7-windows-x86_64.jar;C:\Users\risha\.m2\repository\org\nd4j\nd4j-native\1.0.0-M2.1\nd4j-native-1.0.0-M2.1-android-arm.jar;C:\Users\risha\.m2\repository\org\nd4j\nd4j-native\1.0.0-M2.1\nd4j-native-1.0.0-M2.1-android-arm64.jar;C:\Users\risha\.m2\repository\org\nd4j\nd4j-native\1.0.0-M2.1\nd4j-native-1.0.0-M2.1-android-x86.jar;C:\Users\risha\.m2\repository\org\nd4j\nd4j-native\1.0.0-M2.1\nd4j-native-1.0.0-M2.1-android-x86_64.jar;C:\Users\risha\.m2\repository\org\nd4j\nd4j-native\1.0.0-M2.1\nd4j-native-1.0.0-M2.1-linux-x86_64.jar;C:\Users\risha\.m2\repository\org\nd4j\nd4j-native\1.0.0-M2.1\nd4j-native-1.0.0-M2.1-macosx-x86_64.jar;C:\Users\risha\.m2\repository\org\nd4j\nd4j-native\1.0.0-M2.1\nd4j-native-1.0.0-M2.1-windows-x86_64.jar;C:\Users\risha\.m2\repository\org\nd4j\nd4j-native\1.0.0-M2.1\nd4j-native-1.0.0-M2.1-linux-armhf.jar;C:\Users\risha\.m2\repository\org\bytedeco\opencv-platform\4.5.1-1.5.5\opencv-platform-4.5.1-1.5.5.jar;C:\Users\risha\.m2\repository\org\bytedeco\opencv\4.5.1-1.5.5\opencv-4.5.1-1.5.5.jar;C:\Users\risha\.m2\repository\org\bytedeco\opencv\4.5.1-1.5.5\opencv-4.5.1-1.5.5-android-arm.jar;C:\Users\risha\.m2\repository\org\bytedeco\opencv\4.5.1-1.5.5\opencv-4.5.1-1.5.5-android-arm64.jar;C:\Users\risha\.m2\repository\org\bytedeco\opencv\4.5.1-1.5.5\opencv-4.5.1-1.5.5-android-x86.jar;C:\Users\risha\.m2\repository\org\bytedeco\opencv\4.5.1-1.5.5\opencv-4.5.1-1.5.5-android-x86_64.jar;C:\Users\risha\.m2\repository\org\bytedeco\opencv\4.5.1-1.5.5\opencv-4.5.1-1.5.5-ios-arm64.jar;C:\Users\risha\.m2\repository\org\bytedeco\opencv\4.5.1-1.5.5\opencv-4.5.1-1.5.5-ios-x86_64.jar;C:\Users\risha\.m2\repository\org\bytedeco\opencv\4.5.1-1.5.5\opencv-4.5.1-1.5.5-linux-x86.jar;C:\Users\risha\.m2\repository\org\bytedeco\opencv\4.5.1-1.5.5\opencv-4.5.1-1.5.5-linux-x86_64.jar;C:\Users\risha\.m2\repository\org\bytedeco\opencv\4.5.1-1.5.5\opencv-4.5.1-1.5.5-linux-armhf.jar;C:\Users\risha\.m2\repository\org\bytedeco\opencv\4.5.1-1.5.5\opencv-4.5.1-1.5.5-linux-arm64.jar;C:\Users\risha\.m2\repository\org\bytedeco\opencv\4.5.1-1.5.5\opencv-4.5.1-1.5.5-linux-ppc64le.jar;C:\Users\risha\.m2\repository\org\bytedeco\opencv\4.5.1-1.5.5\opencv-4.5.1-1.5.5-macosx-x86_64.jar;C:\Users\risha\.m2\repository\org\bytedeco\opencv\4.5.1-1.5.5\opencv-4.5.1-1.5.5-windows-x86.jar;C:\Users\risha\.m2\repository\org\bytedeco\opencv\4.5.1-1.5.5\opencv-4.5.1-1.5.5-windows-x86_64.jar;C:\Users\risha\.m2\repository\org\slf4j\slf4j-simple\1.7.32\slf4j-simple-1.7.32.jar
Launcher Type: SUN_STANDARD

[Global flags]
     intx CICompilerCount                          = 3                                         {product} {ergonomic}
     uint ConcGCThreads                            = 1                                         {product} {ergonomic}
     uint G1ConcRefinementThreads                  = 4                                         {product} {ergonomic}
   size_t G1HeapRegionSize                         = 1048576                                   {product} {ergonomic}
   size_t InitialHeapSize                          = 65011712                                  {product} {ergonomic}
   size_t MarkStackSize                            = 4194304                                   {product} {ergonomic}
   size_t MarkStackSizeMax                         = 536870912                                 {product} {ergonomic}
   size_t MaxHeapSize                              = 1040187392                                {product} {ergonomic}
   size_t MaxNewSize                               = 623902720                                 {product} {ergonomic}
   size_t MinHeapDeltaBytes                        = 1048576                                   {product} {ergonomic}
   size_t MinHeapSize                              = 8388608                                   {product} {ergonomic}
    uintx NonNMethodCodeHeapSize                   = 5832704                                {pd product} {ergonomic}
    uintx NonProfiledCodeHeapSize                  = 122945536                              {pd product} {ergonomic}
    uintx ProfiledCodeHeapSize                     = 122880000                              {pd product} {ergonomic}
    uintx ReservedCodeCacheSize                    = 251658240                              {pd product} {ergonomic}
     bool SegmentedCodeCache                       = true                                      {product} {ergonomic}
     bool ShowCodeDetailsInExceptionMessages       = true                                   {manageable} {command line}
   size_t SoftMaxHeapSize                          = 1040187392                             {manageable} {ergonomic}
     bool UseCompressedOops                        = true                           {product lp64_product} {ergonomic}
     bool UseG1GC                                  = true                                      {product} {ergonomic}
     bool UseLargePagesIndividualAllocation        = false                                  {pd product} {ergonomic}

Logging:
Log output configuration:
 #0: stdout all=off uptime,level,tags foldmultilines=false
 #1: stderr all=off uptime,level,tags foldmultilines=false

Environment Variables:
JAVA_HOME=C:\Program Files\Java\jdk-17
PATH=C:/Users/risha/.p2/pool/plugins/org.eclipse.justj.openjdk.hotspot.jre.full.win32.x86_64_23.0.2.v20250131-0604/jre/bin/server;C:/Users/risha/.p2/pool/plugins/org.eclipse.justj.openjdk.hotspot.jre.full.win32.x86_64_23.0.2.v20250131-0604/jre/bin;C:\Program Files\Common Files\Oracle\Java\javapath;C:\Program Files\Python310\Scripts\;C:\Program Files\Python310\;C:\Program Files (x86)\Intel\Intel(R) Management Engine Components\iCLS\;C:\Program Files\Intel\Intel(R) Management Engine Components\iCLS\;C:\WINDOWS\system32;C:\WINDOWS;C:\WINDOWS\System32\Wbem;C:\WINDOWS\System32\WindowsPowerShell\v1.0\;C:\WINDOWS\System32\OpenSSH\;C:\Program Files (x86)\Intel\Intel(R) Management Engine Components\DAL;C:\Program Files\Intel\Intel(R) Management Engine Components\DAL;C:\Program Files (x86)\Intel\Intel(R) Management Engine Components\IPT;C:\Program Files\Intel\Intel(R) Management Engine Components\IPT;C:\Program Files\Java\jdk-20\bin;C:\MinGW\bin;C:\Program Files (x86)\Windows Kits\10\Windows Performance Toolkit\;C:\Program Files\dotnet\;C:\Program Files\Python310;C:\Program Files\Python310\Scripts;C:\ProgramData\Microsoft\Windows\Start Menu\Programs\Python 3.10;C:\Users\risha\AppData\Local\Programs\Python\Python310\;C:\Users\risha\AppData\Local\Programs\Python\Python310\Scripts\;C:\Program Files\Java\jdk-17;C:\Program Files\Java\jdk-23\bin;C:\Program Files\apache-maven-3.9.9\bin;C:\Program Files\MySQL\MySQL Server 8.0\bin;C:\Program Files\Python310\Scripts;C:\Users\risha\AppData\Local\Programs\Python\Python310\Scripts\;C:\Users\risha\.jupyter;c:\users\risha\appdata\roaming\python\python310\site-packages;C:\Users\risha\Desktop\Attendace_System_using_face\openjdk17.msi;C:\Users\risha\Downloads\opencv\build\x64\vc15\bin;C:\Program Files\Common Files\Oracle\Java\javapath;C:\Program Files\Python310\Scripts\;C:\Program Files\Python310\;C:\Program Files (x86)\Intel\Intel(R) Management Engine Components\iCLS\;C:\Program Files\Intel\Intel(R) Management Engine Components\iCLS\;C:\WINDOWS\system32;C:\WINDOWS;C:\WINDOWS\System32\Wbem;C:\WINDOWS\System32\WindowsPowerShell\v1.0\;C:\WINDOWS\System32\OpenSSH\;C:\Program Files (x86)\Intel\Intel(R) Management Engine Components\DAL;C:\Program Files\Intel\Intel(R) Management Engine Components\DAL;C:\Program Files (x86)\Intel\Intel(R) Management Engine Components\IPT;C:\Program Files\Intel\Intel(R) Management Engine Components\IPT;C:\Program Files\Java\jdk-20\bin;C:\MinGW\bin;C:\Program Files (x86)\Windows Kits\10\Windows Performance Toolkit\;C:\Program Files\dotnet\;C:\Program Files\Python310;C:\Program Files\Python310\Scripts;C:\ProgramData\Microsoft\Windows\Start Menu\Programs\Python 3.10;C:\Users\risha\AppData\Local\Programs\Python\Python310\;C:\Users\risha\AppData\Local\Programs\Python\P;C:\Users\risha\AppData\Local\Programs\cursor\resources\app\bin;C:\Users\risha\AppData\Local\Programs\Microsoft VS Code\bin;C:\Users\risha\Desktop;
USERNAME=risha
OS=Windows_NT
PROCESSOR_IDENTIFIER=Intel64 Family 6 Model 78 Stepping 3, GenuineIntel
TMP=C:\Users\risha\AppData\Local\Temp
TEMP=C:\Users\risha\AppData\Local\Temp




Periodic native trim disabled

---------------  S Y S T E M  ---------------

OS:
 Windows 10 , 64 bit Build 19041 (10.0.19041.5678)
OS uptime: 0 days 7:03 hours

CPU: total 4 (initial active 4) (2 cores per cpu, 2 threads per core) family 6 model 78 stepping 3 microcode 0xcc, cx8, cmov, fxsr, ht, mmx, 3dnowpref, sse, sse2, sse3, ssse3, sse4.1, sse4.2, popcnt, lzcnt, tsc, tscinvbit, avx, avx2, aes, erms, clmul, bmi1, bmi2, adx, fma, vzeroupper, clflush, clflushopt, rdtscp, f16c
Processor Information for processor 0
  Max Mhz: 2000, Current Mhz: 2000, Mhz Limit: 2000
Processor Information for processor 1
  Max Mhz: 2000, Current Mhz: 1500, Mhz Limit: 2000
Processor Information for processor 2
  Max Mhz: 2000, Current Mhz: 1500, Mhz Limit: 2000
Processor Information for processor 3
  Max Mhz: 2000, Current Mhz: 1500, Mhz Limit: 2000

Memory: 4k page, system-wide physical 3961M (422M free)
TotalPageFile size 10784M (AvailPageFile size 3045M)
current process WorkingSet (physical memory assigned to process): 239M, peak: 276M
current process commit charge ("private bytes"): 249M, peak: 1183M

vm_info: OpenJDK 64-Bit Server VM (23.0.2+7) for windows-amd64 JRE (23.0.2+7), built on 2025-01-21T00:00:00Z with MS VC++ 17.7 (VS2022)

END.
